Stack Trace from: getStackTrace in class: java.lang.Thread[on line number: 1589 of file: Thread.java]
Stack Trace from: matches in class: java.util.regex.Matcher[on line number: 559 of file: Matcher.java]
Stack Trace from: <init> in class: org.openqa.selenium.Platform[on line number: 123 of file: Platform.java]
Stack Trace from: <init> in class: org.openqa.selenium.Platform[on line number: 30 of file: Platform.java]
Stack Trace from: <init> in class: org.openqa.selenium.Platform$1[on line number: 35 of file: Platform.java]
Stack Trace from: <clinit> in class: org.openqa.selenium.Platform[on line number: 35 of file: Platform.java]
Stack Trace from: <clinit> in class: org.openqa.selenium.firefox.FirefoxDriver[on line number: 78 of file: FirefoxDriver.java]
Stack Trace from: <init> in class: org.openqa.selenium.firefox.FirefoxProfile[on line number: 105 of file: FirefoxProfile.java]
Stack Trace from: <init> in class: org.openqa.selenium.firefox.FirefoxProfile[on line number: 78 of file: FirefoxProfile.java]
Stack Trace from: <init> in class: org.openqa.selenium.firefox.FirefoxProfile[on line number: 66 of file: FirefoxProfile.java]
Stack Trace from: getInstance in class: automation.webdriver.WebDriverFactory[on line number: 159 of file: WebDriverFactory.java]
Stack Trace from: getInstance in class: automation.webdriver.WebDriverFactory[on line number: 78 of file: WebDriverFactory.java]
Stack Trace from: init in class: automation.base.TestBase[on line number: 43 of file: TestBase.java]
Stack Trace from: invoke0 in class: sun.reflect.NativeMethodAccessorImpl[on line number: -2 of file: NativeMethodAccessorImpl.java]
Stack Trace from: invoke in class: sun.reflect.NativeMethodAccessorImpl[on line number: 57 of file: NativeMethodAccessorImpl.java]
Stack Trace from: invoke in class: sun.reflect.DelegatingMethodAccessorImpl[on line number: 43 of file: DelegatingMethodAccessorImpl.java]
Stack Trace from: invoke in class: java.lang.reflect.Method[on line number: 606 of file: Method.java]
Stack Trace from: invokeMethod in class: org.testng.internal.MethodInvocationHelper[on line number: 84 of file: MethodInvocationHelper.java]
Stack Trace from: invokeConfigurationMethod in class: org.testng.internal.Invoker[on line number: 564 of file: Invoker.java]
Stack Trace from: invokeConfigurations in class: org.testng.internal.Invoker[on line number: 213 of file: Invoker.java]
Stack Trace from: invokeConfigurations in class: org.testng.internal.Invoker[on line number: 138 of file: Invoker.java]
Stack Trace from: invokeBeforeClassMethods in class: org.testng.internal.TestMethodWorker[on line number: 175 of file: TestMethodWorker.java]
Stack Trace from: run in class: org.testng.internal.TestMethodWorker[on line number: 107 of file: TestMethodWorker.java]
Stack Trace from: privateRun in class: org.testng.TestRunner[on line number: 767 of file: TestRunner.java]
Stack Trace from: run in class: org.testng.TestRunner[on line number: 617 of file: TestRunner.java]
Stack Trace from: runTest in class: org.testng.SuiteRunner[on line number: 348 of file: SuiteRunner.java]
Stack Trace from: runSequentially in class: org.testng.SuiteRunner[on line number: 343 of file: SuiteRunner.java]
Stack Trace from: privateRun in class: org.testng.SuiteRunner[on line number: 305 of file: SuiteRunner.java]
Stack Trace from: run in class: org.testng.SuiteRunner[on line number: 254 of file: SuiteRunner.java]
Stack Trace from: runSuite in class: org.testng.SuiteRunnerWorker[on line number: 52 of file: SuiteRunnerWorker.java]
Stack Trace from: run in class: org.testng.SuiteRunnerWorker[on line number: 86 of file: SuiteRunnerWorker.java]
Stack Trace from: runSuitesSequentially in class: org.testng.TestNG[on line number: 1224 of file: TestNG.java]
Stack Trace from: runSuitesLocally in class: org.testng.TestNG[on line number: 1149 of file: TestNG.java]
Stack Trace from: run in class: org.testng.TestNG[on line number: 1057 of file: TestNG.java]
Stack Trace from: run in class: org.apache.maven.surefire.testng.TestNGExecutor[on line number: 295 of file: TestNGExecutor.java]
Stack Trace from: execute in class: org.apache.maven.surefire.testng.TestNGXmlTestSuite[on line number: 84 of file: TestNGXmlTestSuite.java]
Stack Trace from: invoke in class: org.apache.maven.surefire.testng.TestNGProvider[on line number: 90 of file: TestNGProvider.java]
Stack Trace from: invokeProviderInSameClassLoader in class: org.apache.maven.surefire.booter.ForkedBooter[on line number: 203 of file: ForkedBooter.java]
Stack Trace from: runSuitesInProcess in class: org.apache.maven.surefire.booter.ForkedBooter[on line number: 155 of file: ForkedBooter.java]
Stack Trace from: main in class: org.apache.maven.surefire.booter.ForkedBooter[on line number: 103 of file: ForkedBooter.java]
Matcher matches()---regex: ^(\d+)\.(\d+).*---input: 4.4.0-66-generic---#
Stack Trace from: getStackTrace in class: java.lang.Thread[on line number: 1589 of file: Thread.java]
Stack Trace from: matches in class: java.util.regex.Matcher[on line number: 559 of file: Matcher.java]
Stack Trace from: <init> in class: org.openqa.selenium.Platform[on line number: 123 of file: Platform.java]
Stack Trace from: <init> in class: org.openqa.selenium.Platform[on line number: 30 of file: Platform.java]
Stack Trace from: <init> in class: org.openqa.selenium.Platform$2[on line number: 41 of file: Platform.java]
Stack Trace from: <clinit> in class: org.openqa.selenium.Platform[on line number: 41 of file: Platform.java]
Stack Trace from: <clinit> in class: org.openqa.selenium.firefox.FirefoxDriver[on line number: 78 of file: FirefoxDriver.java]
Stack Trace from: <init> in class: org.openqa.selenium.firefox.FirefoxProfile[on line number: 105 of file: FirefoxProfile.java]
Stack Trace from: <init> in class: org.openqa.selenium.firefox.FirefoxProfile[on line number: 78 of file: FirefoxProfile.java]
Stack Trace from: <init> in class: org.openqa.selenium.firefox.FirefoxProfile[on line number: 66 of file: FirefoxProfile.java]
Stack Trace from: getInstance in class: automation.webdriver.WebDriverFactory[on line number: 159 of file: WebDriverFactory.java]
Stack Trace from: getInstance in class: automation.webdriver.WebDriverFactory[on line number: 78 of file: WebDriverFactory.java]
Stack Trace from: init in class: automation.base.TestBase[on line number: 43 of file: TestBase.java]
Stack Trace from: invoke0 in class: sun.reflect.NativeMethodAccessorImpl[on line number: -2 of file: NativeMethodAccessorImpl.java]
Stack Trace from: invoke in class: sun.reflect.NativeMethodAccessorImpl[on line number: 57 of file: NativeMethodAccessorImpl.java]
Stack Trace from: invoke in class: sun.reflect.DelegatingMethodAccessorImpl[on line number: 43 of file: DelegatingMethodAccessorImpl.java]
Stack Trace from: invoke in class: java.lang.reflect.Method[on line number: 606 of file: Method.java]
Stack Trace from: invokeMethod in class: org.testng.internal.MethodInvocationHelper[on line number: 84 of file: MethodInvocationHelper.java]
Stack Trace from: invokeConfigurationMethod in class: org.testng.internal.Invoker[on line number: 564 of file: Invoker.java]
Stack Trace from: invokeConfigurations in class: org.testng.internal.Invoker[on line number: 213 of file: Invoker.java]
Stack Trace from: invokeConfigurations in class: org.testng.internal.Invoker[on line number: 138 of file: Invoker.java]
Stack Trace from: invokeBeforeClassMethods in class: org.testng.internal.TestMethodWorker[on line number: 175 of file: TestMethodWorker.java]
Stack Trace from: run in class: org.testng.internal.TestMethodWorker[on line number: 107 of file: TestMethodWorker.java]
Stack Trace from: privateRun in class: org.testng.TestRunner[on line number: 767 of file: TestRunner.java]
Stack Trace from: run in class: org.testng.TestRunner[on line number: 617 of file: TestRunner.java]
Stack Trace from: runTest in class: org.testng.SuiteRunner[on line number: 348 of file: SuiteRunner.java]
Stack Trace from: runSequentially in class: org.testng.SuiteRunner[on line number: 343 of file: SuiteRunner.java]
Stack Trace from: privateRun in class: org.testng.SuiteRunner[on line number: 305 of file: SuiteRunner.java]
Stack Trace from: run in class: org.testng.SuiteRunner[on line number: 254 of file: SuiteRunner.java]
Stack Trace from: runSuite in class: org.testng.SuiteRunnerWorker[on line number: 52 of file: SuiteRunnerWorker.java]
Stack Trace from: run in class: org.testng.SuiteRunnerWorker[on line number: 86 of file: SuiteRunnerWorker.java]
Stack Trace from: runSuitesSequentially in class: org.testng.TestNG[on line number: 1224 of file: TestNG.java]
Stack Trace from: runSuitesLocally in class: org.testng.TestNG[on line number: 1149 of file: TestNG.java]
Stack Trace from: run in class: org.testng.TestNG[on line number: 1057 of file: TestNG.java]
Stack Trace from: run in class: org.apache.maven.surefire.testng.TestNGExecutor[on line number: 295 of file: TestNGExecutor.java]
Stack Trace from: execute in class: org.apache.maven.surefire.testng.TestNGXmlTestSuite[on line number: 84 of file: TestNGXmlTestSuite.java]
Stack Trace from: invoke in class: org.apache.maven.surefire.testng.TestNGProvider[on line number: 90 of file: TestNGProvider.java]
Stack Trace from: invokeProviderInSameClassLoader in class: org.apache.maven.surefire.booter.ForkedBooter[on line number: 203 of file: ForkedBooter.java]
Stack Trace from: runSuitesInProcess in class: org.apache.maven.surefire.booter.ForkedBooter[on line number: 155 of file: ForkedBooter.java]
Stack Trace from: main in class: org.apache.maven.surefire.booter.ForkedBooter[on line number: 103 of file: ForkedBooter.java]
Matcher matches()---regex: ^(\d+)\.(\d+).*---input: 4.4.0-66-generic---#
Stack Trace from: getStackTrace in class: java.lang.Thread[on line number: 1589 of file: Thread.java]
Stack Trace from: matches in class: java.util.regex.Matcher[on line number: 559 of file: Matcher.java]
Stack Trace from: <init> in class: org.openqa.selenium.Platform[on line number: 123 of file: Platform.java]
Stack Trace from: <init> in class: org.openqa.selenium.Platform[on line number: 30 of file: Platform.java]
Stack Trace from: <init> in class: org.openqa.selenium.Platform$3[on line number: 51 of file: Platform.java]
Stack Trace from: <clinit> in class: org.openqa.selenium.Platform[on line number: 51 of file: Platform.java]
Stack Trace from: <clinit> in class: org.openqa.selenium.firefox.FirefoxDriver[on line number: 78 of file: FirefoxDriver.java]
Stack Trace from: <init> in class: org.openqa.selenium.firefox.FirefoxProfile[on line number: 105 of file: FirefoxProfile.java]
Stack Trace from: <init> in class: org.openqa.selenium.firefox.FirefoxProfile[on line number: 78 of file: FirefoxProfile.java]
Stack Trace from: <init> in class: org.openqa.selenium.firefox.FirefoxProfile[on line number: 66 of file: FirefoxProfile.java]
Stack Trace from: getInstance in class: automation.webdriver.WebDriverFactory[on line number: 159 of file: WebDriverFactory.java]
Stack Trace from: getInstance in class: automation.webdriver.WebDriverFactory[on line number: 78 of file: WebDriverFactory.java]
Stack Trace from: init in class: automation.base.TestBase[on line number: 43 of file: TestBase.java]
Stack Trace from: invoke0 in class: sun.reflect.NativeMethodAccessorImpl[on line number: -2 of file: NativeMethodAccessorImpl.java]
Stack Trace from: invoke in class: sun.reflect.NativeMethodAccessorImpl[on line number: 57 of file: NativeMethodAccessorImpl.java]
Stack Trace from: invoke in class: sun.reflect.DelegatingMethodAccessorImpl[on line number: 43 of file: DelegatingMethodAccessorImpl.java]
Stack Trace from: invoke in class: java.lang.reflect.Method[on line number: 606 of file: Method.java]
Stack Trace from: invokeMethod in class: org.testng.internal.MethodInvocationHelper[on line number: 84 of file: MethodInvocationHelper.java]
Stack Trace from: invokeConfigurationMethod in class: org.testng.internal.Invoker[on line number: 564 of file: Invoker.java]
Stack Trace from: invokeConfigurations in class: org.testng.internal.Invoker[on line number: 213 of file: Invoker.java]
Stack Trace from: invokeConfigurations in class: org.testng.internal.Invoker[on line number: 138 of file: Invoker.java]
Stack Trace from: invokeBeforeClassMethods in class: org.testng.internal.TestMethodWorker[on line number: 175 of file: TestMethodWorker.java]
Stack Trace from: run in class: org.testng.internal.TestMethodWorker[on line number: 107 of file: TestMethodWorker.java]
Stack Trace from: privateRun in class: org.testng.TestRunner[on line number: 767 of file: TestRunner.java]
Stack Trace from: run in class: org.testng.TestRunner[on line number: 617 of file: TestRunner.java]
Stack Trace from: runTest in class: org.testng.SuiteRunner[on line number: 348 of file: SuiteRunner.java]
Stack Trace from: runSequentially in class: org.testng.SuiteRunner[on line number: 343 of file: SuiteRunner.java]
Stack Trace from: privateRun in class: org.testng.SuiteRunner[on line number: 305 of file: SuiteRunner.java]
Stack Trace from: run in class: org.testng.SuiteRunner[on line number: 254 of file: SuiteRunner.java]
Stack Trace from: runSuite in class: org.testng.SuiteRunnerWorker[on line number: 52 of file: SuiteRunnerWorker.java]
Stack Trace from: run in class: org.testng.SuiteRunnerWorker[on line number: 86 of file: SuiteRunnerWorker.java]
Stack Trace from: runSuitesSequentially in class: org.testng.TestNG[on line number: 1224 of file: TestNG.java]
Stack Trace from: runSuitesLocally in class: org.testng.TestNG[on line number: 1149 of file: TestNG.java]
Stack Trace from: run in class: org.testng.TestNG[on line number: 1057 of file: TestNG.java]
Stack Trace from: run in class: org.apache.maven.surefire.testng.TestNGExecutor[on line number: 295 of file: TestNGExecutor.java]
Stack Trace from: execute in class: org.apache.maven.surefire.testng.TestNGXmlTestSuite[on line number: 84 of file: TestNGXmlTestSuite.java]
Stack Trace from: invoke in class: org.apache.maven.surefire.testng.TestNGProvider[on line number: 90 of file: TestNGProvider.java]
Stack Trace from: invokeProviderInSameClassLoader in class: org.apache.maven.surefire.booter.ForkedBooter[on line number: 203 of file: ForkedBooter.java]
Stack Trace from: runSuitesInProcess in class: org.apache.maven.surefire.booter.ForkedBooter[on line number: 155 of file: ForkedBooter.java]
Stack Trace from: main in class: org.apache.maven.surefire.booter.ForkedBooter[on line number: 103 of file: ForkedBooter.java]
Matcher matches()---regex: ^(\d+)\.(\d+).*---input: 4.4.0-66-generic---#
Stack Trace from: getStackTrace in class: java.lang.Thread[on line number: 1589 of file: Thread.java]
Stack Trace from: matches in class: java.util.regex.Matcher[on line number: 559 of file: Matcher.java]
Stack Trace from: <init> in class: org.openqa.selenium.Platform[on line number: 123 of file: Platform.java]
Stack Trace from: <init> in class: org.openqa.selenium.Platform[on line number: 30 of file: Platform.java]
Stack Trace from: <init> in class: org.openqa.selenium.Platform$4[on line number: 61 of file: Platform.java]
Stack Trace from: <clinit> in class: org.openqa.selenium.Platform[on line number: 61 of file: Platform.java]
Stack Trace from: <clinit> in class: org.openqa.selenium.firefox.FirefoxDriver[on line number: 78 of file: FirefoxDriver.java]
Stack Trace from: <init> in class: org.openqa.selenium.firefox.FirefoxProfile[on line number: 105 of file: FirefoxProfile.java]
Stack Trace from: <init> in class: org.openqa.selenium.firefox.FirefoxProfile[on line number: 78 of file: FirefoxProfile.java]
Stack Trace from: <init> in class: org.openqa.selenium.firefox.FirefoxProfile[on line number: 66 of file: FirefoxProfile.java]
Stack Trace from: getInstance in class: automation.webdriver.WebDriverFactory[on line number: 159 of file: WebDriverFactory.java]
Stack Trace from: getInstance in class: automation.webdriver.WebDriverFactory[on line number: 78 of file: WebDriverFactory.java]
Stack Trace from: init in class: automation.base.TestBase[on line number: 43 of file: TestBase.java]
Stack Trace from: invoke0 in class: sun.reflect.NativeMethodAccessorImpl[on line number: -2 of file: NativeMethodAccessorImpl.java]
Stack Trace from: invoke in class: sun.reflect.NativeMethodAccessorImpl[on line number: 57 of file: NativeMethodAccessorImpl.java]
Stack Trace from: invoke in class: sun.reflect.DelegatingMethodAccessorImpl[on line number: 43 of file: DelegatingMethodAccessorImpl.java]
Stack Trace from: invoke in class: java.lang.reflect.Method[on line number: 606 of file: Method.java]
Stack Trace from: invokeMethod in class: org.testng.internal.MethodInvocationHelper[on line number: 84 of file: MethodInvocationHelper.java]
Stack Trace from: invokeConfigurationMethod in class: org.testng.internal.Invoker[on line number: 564 of file: Invoker.java]
Stack Trace from: invokeConfigurations in class: org.testng.internal.Invoker[on line number: 213 of file: Invoker.java]
Stack Trace from: invokeConfigurations in class: org.testng.internal.Invoker[on line number: 138 of file: Invoker.java]
Stack Trace from: invokeBeforeClassMethods in class: org.testng.internal.TestMethodWorker[on line number: 175 of file: TestMethodWorker.java]
Stack Trace from: run in class: org.testng.internal.TestMethodWorker[on line number: 107 of file: TestMethodWorker.java]
Stack Trace from: privateRun in class: org.testng.TestRunner[on line number: 767 of file: TestRunner.java]
Stack Trace from: run in class: org.testng.TestRunner[on line number: 617 of file: TestRunner.java]
Stack Trace from: runTest in class: org.testng.SuiteRunner[on line number: 348 of file: SuiteRunner.java]
Stack Trace from: runSequentially in class: org.testng.SuiteRunner[on line number: 343 of file: SuiteRunner.java]
Stack Trace from: privateRun in class: org.testng.SuiteRunner[on line number: 305 of file: SuiteRunner.java]
Stack Trace from: run in class: org.testng.SuiteRunner[on line number: 254 of file: SuiteRunner.java]
Stack Trace from: runSuite in class: org.testng.SuiteRunnerWorker[on line number: 52 of file: SuiteRunnerWorker.java]
Stack Trace from: run in class: org.testng.SuiteRunnerWorker[on line number: 86 of file: SuiteRunnerWorker.java]
Stack Trace from: runSuitesSequentially in class: org.testng.TestNG[on line number: 1224 of file: TestNG.java]
Stack Trace from: runSuitesLocally in class: org.testng.TestNG[on line number: 1149 of file: TestNG.java]
Stack Trace from: run in class: org.testng.TestNG[on line number: 1057 of file: TestNG.java]
Stack Trace from: run in class: org.apache.maven.surefire.testng.TestNGExecutor[on line number: 295 of file: TestNGExecutor.java]
Stack Trace from: execute in class: org.apache.maven.surefire.testng.TestNGXmlTestSuite[on line number: 84 of file: TestNGXmlTestSuite.java]
Stack Trace from: invoke in class: org.apache.maven.surefire.testng.TestNGProvider[on line number: 90 of file: TestNGProvider.java]
Stack Trace from: invokeProviderInSameClassLoader in class: org.apache.maven.surefire.booter.ForkedBooter[on line number: 203 of file: ForkedBooter.java]
Stack Trace from: runSuitesInProcess in class: org.apache.maven.surefire.booter.ForkedBooter[on line number: 155 of file: ForkedBooter.java]
Stack Trace from: main in class: org.apache.maven.surefire.booter.ForkedBooter[on line number: 103 of file: ForkedBooter.java]
Matcher matches()---regex: ^(\d+)\.(\d+).*---input: 4.4.0-66-generic---#
Stack Trace from: getStackTrace in class: java.lang.Thread[on line number: 1589 of file: Thread.java]
Stack Trace from: matches in class: java.util.regex.Matcher[on line number: 559 of file: Matcher.java]
Stack Trace from: <init> in class: org.openqa.selenium.Platform[on line number: 123 of file: Platform.java]
Stack Trace from: <init> in class: org.openqa.selenium.Platform[on line number: 30 of file: Platform.java]
Stack Trace from: <init> in class: org.openqa.selenium.Platform$5[on line number: 68 of file: Platform.java]
Stack Trace from: <clinit> in class: org.openqa.selenium.Platform[on line number: 68 of file: Platform.java]
Stack Trace from: <clinit> in class: org.openqa.selenium.firefox.FirefoxDriver[on line number: 78 of file: FirefoxDriver.java]
Stack Trace from: <init> in class: org.openqa.selenium.firefox.FirefoxProfile[on line number: 105 of file: FirefoxProfile.java]
Stack Trace from: <init> in class: org.openqa.selenium.firefox.FirefoxProfile[on line number: 78 of file: FirefoxProfile.java]
Stack Trace from: <init> in class: org.openqa.selenium.firefox.FirefoxProfile[on line number: 66 of file: FirefoxProfile.java]
Stack Trace from: getInstance in class: automation.webdriver.WebDriverFactory[on line number: 159 of file: WebDriverFactory.java]
Stack Trace from: getInstance in class: automation.webdriver.WebDriverFactory[on line number: 78 of file: WebDriverFactory.java]
Stack Trace from: init in class: automation.base.TestBase[on line number: 43 of file: TestBase.java]
Stack Trace from: invoke0 in class: sun.reflect.NativeMethodAccessorImpl[on line number: -2 of file: NativeMethodAccessorImpl.java]
Stack Trace from: invoke in class: sun.reflect.NativeMethodAccessorImpl[on line number: 57 of file: NativeMethodAccessorImpl.java]
Stack Trace from: invoke in class: sun.reflect.DelegatingMethodAccessorImpl[on line number: 43 of file: DelegatingMethodAccessorImpl.java]
Stack Trace from: invoke in class: java.lang.reflect.Method[on line number: 606 of file: Method.java]
Stack Trace from: invokeMethod in class: org.testng.internal.MethodInvocationHelper[on line number: 84 of file: MethodInvocationHelper.java]
Stack Trace from: invokeConfigurationMethod in class: org.testng.internal.Invoker[on line number: 564 of file: Invoker.java]
Stack Trace from: invokeConfigurations in class: org.testng.internal.Invoker[on line number: 213 of file: Invoker.java]
Stack Trace from: invokeConfigurations in class: org.testng.internal.Invoker[on line number: 138 of file: Invoker.java]
Stack Trace from: invokeBeforeClassMethods in class: org.testng.internal.TestMethodWorker[on line number: 175 of file: TestMethodWorker.java]
Stack Trace from: run in class: org.testng.internal.TestMethodWorker[on line number: 107 of file: TestMethodWorker.java]
Stack Trace from: privateRun in class: org.testng.TestRunner[on line number: 767 of file: TestRunner.java]
Stack Trace from: run in class: org.testng.TestRunner[on line number: 617 of file: TestRunner.java]
Stack Trace from: runTest in class: org.testng.SuiteRunner[on line number: 348 of file: SuiteRunner.java]
Stack Trace from: runSequentially in class: org.testng.SuiteRunner[on line number: 343 of file: SuiteRunner.java]
Stack Trace from: privateRun in class: org.testng.SuiteRunner[on line number: 305 of file: SuiteRunner.java]
Stack Trace from: run in class: org.testng.SuiteRunner[on line number: 254 of file: SuiteRunner.java]
Stack Trace from: runSuite in class: org.testng.SuiteRunnerWorker[on line number: 52 of file: SuiteRunnerWorker.java]
Stack Trace from: run in class: org.testng.SuiteRunnerWorker[on line number: 86 of file: SuiteRunnerWorker.java]
Stack Trace from: runSuitesSequentially in class: org.testng.TestNG[on line number: 1224 of file: TestNG.java]
Stack Trace from: runSuitesLocally in class: org.testng.TestNG[on line number: 1149 of file: TestNG.java]
Stack Trace from: run in class: org.testng.TestNG[on line number: 1057 of file: TestNG.java]
Stack Trace from: run in class: org.apache.maven.surefire.testng.TestNGExecutor[on line number: 295 of file: TestNGExecutor.java]
Stack Trace from: execute in class: org.apache.maven.surefire.testng.TestNGXmlTestSuite[on line number: 84 of file: TestNGXmlTestSuite.java]
Stack Trace from: invoke in class: org.apache.maven.surefire.testng.TestNGProvider[on line number: 90 of file: TestNGProvider.java]
Stack Trace from: invokeProviderInSameClassLoader in class: org.apache.maven.surefire.booter.ForkedBooter[on line number: 203 of file: ForkedBooter.java]
Stack Trace from: runSuitesInProcess in class: org.apache.maven.surefire.booter.ForkedBooter[on line number: 155 of file: ForkedBooter.java]
Stack Trace from: main in class: org.apache.maven.surefire.booter.ForkedBooter[on line number: 103 of file: ForkedBooter.java]
Matcher matches()---regex: ^(\d+)\.(\d+).*---input: 4.4.0-66-generic---#
Stack Trace from: getStackTrace in class: java.lang.Thread[on line number: 1589 of file: Thread.java]
Stack Trace from: matches in class: java.util.regex.Matcher[on line number: 559 of file: Matcher.java]
Stack Trace from: <init> in class: org.openqa.selenium.Platform[on line number: 123 of file: Platform.java]
Stack Trace from: <init> in class: org.openqa.selenium.Platform[on line number: 30 of file: Platform.java]
Stack Trace from: <init> in class: org.openqa.selenium.Platform$6[on line number: 75 of file: Platform.java]
Stack Trace from: <clinit> in class: org.openqa.selenium.Platform[on line number: 75 of file: Platform.java]
Stack Trace from: <clinit> in class: org.openqa.selenium.firefox.FirefoxDriver[on line number: 78 of file: FirefoxDriver.java]
Stack Trace from: <init> in class: org.openqa.selenium.firefox.FirefoxProfile[on line number: 105 of file: FirefoxProfile.java]
Stack Trace from: <init> in class: org.openqa.selenium.firefox.FirefoxProfile[on line number: 78 of file: FirefoxProfile.java]
Stack Trace from: <init> in class: org.openqa.selenium.firefox.FirefoxProfile[on line number: 66 of file: FirefoxProfile.java]
Stack Trace from: getInstance in class: automation.webdriver.WebDriverFactory[on line number: 159 of file: WebDriverFactory.java]
Stack Trace from: getInstance in class: automation.webdriver.WebDriverFactory[on line number: 78 of file: WebDriverFactory.java]
Stack Trace from: init in class: automation.base.TestBase[on line number: 43 of file: TestBase.java]
Stack Trace from: invoke0 in class: sun.reflect.NativeMethodAccessorImpl[on line number: -2 of file: NativeMethodAccessorImpl.java]
Stack Trace from: invoke in class: sun.reflect.NativeMethodAccessorImpl[on line number: 57 of file: NativeMethodAccessorImpl.java]
Stack Trace from: invoke in class: sun.reflect.DelegatingMethodAccessorImpl[on line number: 43 of file: DelegatingMethodAccessorImpl.java]
Stack Trace from: invoke in class: java.lang.reflect.Method[on line number: 606 of file: Method.java]
Stack Trace from: invokeMethod in class: org.testng.internal.MethodInvocationHelper[on line number: 84 of file: MethodInvocationHelper.java]
Stack Trace from: invokeConfigurationMethod in class: org.testng.internal.Invoker[on line number: 564 of file: Invoker.java]
Stack Trace from: invokeConfigurations in class: org.testng.internal.Invoker[on line number: 213 of file: Invoker.java]
Stack Trace from: invokeConfigurations in class: org.testng.internal.Invoker[on line number: 138 of file: Invoker.java]
Stack Trace from: invokeBeforeClassMethods in class: org.testng.internal.TestMethodWorker[on line number: 175 of file: TestMethodWorker.java]
Stack Trace from: run in class: org.testng.internal.TestMethodWorker[on line number: 107 of file: TestMethodWorker.java]
Stack Trace from: privateRun in class: org.testng.TestRunner[on line number: 767 of file: TestRunner.java]
Stack Trace from: run in class: org.testng.TestRunner[on line number: 617 of file: TestRunner.java]
Stack Trace from: runTest in class: org.testng.SuiteRunner[on line number: 348 of file: SuiteRunner.java]
Stack Trace from: runSequentially in class: org.testng.SuiteRunner[on line number: 343 of file: SuiteRunner.java]
Stack Trace from: privateRun in class: org.testng.SuiteRunner[on line number: 305 of file: SuiteRunner.java]
Stack Trace from: run in class: org.testng.SuiteRunner[on line number: 254 of file: SuiteRunner.java]
Stack Trace from: runSuite in class: org.testng.SuiteRunnerWorker[on line number: 52 of file: SuiteRunnerWorker.java]
Stack Trace from: run in class: org.testng.SuiteRunnerWorker[on line number: 86 of file: SuiteRunnerWorker.java]
Stack Trace from: runSuitesSequentially in class: org.testng.TestNG[on line number: 1224 of file: TestNG.java]
Stack Trace from: runSuitesLocally in class: org.testng.TestNG[on line number: 1149 of file: TestNG.java]
Stack Trace from: run in class: org.testng.TestNG[on line number: 1057 of file: TestNG.java]
Stack Trace from: run in class: org.apache.maven.surefire.testng.TestNGExecutor[on line number: 295 of file: TestNGExecutor.java]
Stack Trace from: execute in class: org.apache.maven.surefire.testng.TestNGXmlTestSuite[on line number: 84 of file: TestNGXmlTestSuite.java]
Stack Trace from: invoke in class: org.apache.maven.surefire.testng.TestNGProvider[on line number: 90 of file: TestNGProvider.java]
Stack Trace from: invokeProviderInSameClassLoader in class: org.apache.maven.surefire.booter.ForkedBooter[on line number: 203 of file: ForkedBooter.java]
Stack Trace from: runSuitesInProcess in class: org.apache.maven.surefire.booter.ForkedBooter[on line number: 155 of file: ForkedBooter.java]
Stack Trace from: main in class: org.apache.maven.surefire.booter.ForkedBooter[on line number: 103 of file: ForkedBooter.java]
Matcher matches()---regex: ^(\d+)\.(\d+).*---input: 4.4.0-66-generic---#
Stack Trace from: getStackTrace in class: java.lang.Thread[on line number: 1589 of file: Thread.java]
Stack Trace from: matches in class: java.util.regex.Matcher[on line number: 559 of file: Matcher.java]
Stack Trace from: <init> in class: org.openqa.selenium.Platform[on line number: 123 of file: Platform.java]
Stack Trace from: <init> in class: org.openqa.selenium.Platform[on line number: 30 of file: Platform.java]
Stack Trace from: <init> in class: org.openqa.selenium.Platform$7[on line number: 80 of file: Platform.java]
Stack Trace from: <clinit> in class: org.openqa.selenium.Platform[on line number: 80 of file: Platform.java]
Stack Trace from: <clinit> in class: org.openqa.selenium.firefox.FirefoxDriver[on line number: 78 of file: FirefoxDriver.java]
Stack Trace from: <init> in class: org.openqa.selenium.firefox.FirefoxProfile[on line number: 105 of file: FirefoxProfile.java]
Stack Trace from: <init> in class: org.openqa.selenium.firefox.FirefoxProfile[on line number: 78 of file: FirefoxProfile.java]
Stack Trace from: <init> in class: org.openqa.selenium.firefox.FirefoxProfile[on line number: 66 of file: FirefoxProfile.java]
Stack Trace from: getInstance in class: automation.webdriver.WebDriverFactory[on line number: 159 of file: WebDriverFactory.java]
Stack Trace from: getInstance in class: automation.webdriver.WebDriverFactory[on line number: 78 of file: WebDriverFactory.java]
Stack Trace from: init in class: automation.base.TestBase[on line number: 43 of file: TestBase.java]
Stack Trace from: invoke0 in class: sun.reflect.NativeMethodAccessorImpl[on line number: -2 of file: NativeMethodAccessorImpl.java]
Stack Trace from: invoke in class: sun.reflect.NativeMethodAccessorImpl[on line number: 57 of file: NativeMethodAccessorImpl.java]
Stack Trace from: invoke in class: sun.reflect.DelegatingMethodAccessorImpl[on line number: 43 of file: DelegatingMethodAccessorImpl.java]
Stack Trace from: invoke in class: java.lang.reflect.Method[on line number: 606 of file: Method.java]
Stack Trace from: invokeMethod in class: org.testng.internal.MethodInvocationHelper[on line number: 84 of file: MethodInvocationHelper.java]
Stack Trace from: invokeConfigurationMethod in class: org.testng.internal.Invoker[on line number: 564 of file: Invoker.java]
Stack Trace from: invokeConfigurations in class: org.testng.internal.Invoker[on line number: 213 of file: Invoker.java]
Stack Trace from: invokeConfigurations in class: org.testng.internal.Invoker[on line number: 138 of file: Invoker.java]
Stack Trace from: invokeBeforeClassMethods in class: org.testng.internal.TestMethodWorker[on line number: 175 of file: TestMethodWorker.java]
Stack Trace from: run in class: org.testng.internal.TestMethodWorker[on line number: 107 of file: TestMethodWorker.java]
Stack Trace from: privateRun in class: org.testng.TestRunner[on line number: 767 of file: TestRunner.java]
Stack Trace from: run in class: org.testng.TestRunner[on line number: 617 of file: TestRunner.java]
Stack Trace from: runTest in class: org.testng.SuiteRunner[on line number: 348 of file: SuiteRunner.java]
Stack Trace from: runSequentially in class: org.testng.SuiteRunner[on line number: 343 of file: SuiteRunner.java]
Stack Trace from: privateRun in class: org.testng.SuiteRunner[on line number: 305 of file: SuiteRunner.java]
Stack Trace from: run in class: org.testng.SuiteRunner[on line number: 254 of file: SuiteRunner.java]
Stack Trace from: runSuite in class: org.testng.SuiteRunnerWorker[on line number: 52 of file: SuiteRunnerWorker.java]
Stack Trace from: run in class: org.testng.SuiteRunnerWorker[on line number: 86 of file: SuiteRunnerWorker.java]
Stack Trace from: runSuitesSequentially in class: org.testng.TestNG[on line number: 1224 of file: TestNG.java]
Stack Trace from: runSuitesLocally in class: org.testng.TestNG[on line number: 1149 of file: TestNG.java]
Stack Trace from: run in class: org.testng.TestNG[on line number: 1057 of file: TestNG.java]
Stack Trace from: run in class: org.apache.maven.surefire.testng.TestNGExecutor[on line number: 295 of file: TestNGExecutor.java]
Stack Trace from: execute in class: org.apache.maven.surefire.testng.TestNGXmlTestSuite[on line number: 84 of file: TestNGXmlTestSuite.java]
Stack Trace from: invoke in class: org.apache.maven.surefire.testng.TestNGProvider[on line number: 90 of file: TestNGProvider.java]
Stack Trace from: invokeProviderInSameClassLoader in class: org.apache.maven.surefire.booter.ForkedBooter[on line number: 203 of file: ForkedBooter.java]
Stack Trace from: runSuitesInProcess in class: org.apache.maven.surefire.booter.ForkedBooter[on line number: 155 of file: ForkedBooter.java]
Stack Trace from: main in class: org.apache.maven.surefire.booter.ForkedBooter[on line number: 103 of file: ForkedBooter.java]
Matcher matches()---regex: ^(\d+)\.(\d+).*---input: 4.4.0-66-generic---#
Stack Trace from: getStackTrace in class: java.lang.Thread[on line number: 1589 of file: Thread.java]
Stack Trace from: matches in class: java.util.regex.Matcher[on line number: 559 of file: Matcher.java]
Stack Trace from: <init> in class: org.openqa.selenium.Platform[on line number: 123 of file: Platform.java]
Stack Trace from: <init> in class: org.openqa.selenium.Platform[on line number: 30 of file: Platform.java]
Stack Trace from: <init> in class: org.openqa.selenium.Platform$8[on line number: 82 of file: Platform.java]
Stack Trace from: <clinit> in class: org.openqa.selenium.Platform[on line number: 82 of file: Platform.java]
Stack Trace from: <clinit> in class: org.openqa.selenium.firefox.FirefoxDriver[on line number: 78 of file: FirefoxDriver.java]
Stack Trace from: <init> in class: org.openqa.selenium.firefox.FirefoxProfile[on line number: 105 of file: FirefoxProfile.java]
Stack Trace from: <init> in class: org.openqa.selenium.firefox.FirefoxProfile[on line number: 78 of file: FirefoxProfile.java]
Stack Trace from: <init> in class: org.openqa.selenium.firefox.FirefoxProfile[on line number: 66 of file: FirefoxProfile.java]
Stack Trace from: getInstance in class: automation.webdriver.WebDriverFactory[on line number: 159 of file: WebDriverFactory.java]
Stack Trace from: getInstance in class: automation.webdriver.WebDriverFactory[on line number: 78 of file: WebDriverFactory.java]
Stack Trace from: init in class: automation.base.TestBase[on line number: 43 of file: TestBase.java]
Stack Trace from: invoke0 in class: sun.reflect.NativeMethodAccessorImpl[on line number: -2 of file: NativeMethodAccessorImpl.java]
Stack Trace from: invoke in class: sun.reflect.NativeMethodAccessorImpl[on line number: 57 of file: NativeMethodAccessorImpl.java]
Stack Trace from: invoke in class: sun.reflect.DelegatingMethodAccessorImpl[on line number: 43 of file: DelegatingMethodAccessorImpl.java]
Stack Trace from: invoke in class: java.lang.reflect.Method[on line number: 606 of file: Method.java]
Stack Trace from: invokeMethod in class: org.testng.internal.MethodInvocationHelper[on line number: 84 of file: MethodInvocationHelper.java]
Stack Trace from: invokeConfigurationMethod in class: org.testng.internal.Invoker[on line number: 564 of file: Invoker.java]
Stack Trace from: invokeConfigurations in class: org.testng.internal.Invoker[on line number: 213 of file: Invoker.java]
Stack Trace from: invokeConfigurations in class: org.testng.internal.Invoker[on line number: 138 of file: Invoker.java]
Stack Trace from: invokeBeforeClassMethods in class: org.testng.internal.TestMethodWorker[on line number: 175 of file: TestMethodWorker.java]
Stack Trace from: run in class: org.testng.internal.TestMethodWorker[on line number: 107 of file: TestMethodWorker.java]
Stack Trace from: privateRun in class: org.testng.TestRunner[on line number: 767 of file: TestRunner.java]
Stack Trace from: run in class: org.testng.TestRunner[on line number: 617 of file: TestRunner.java]
Stack Trace from: runTest in class: org.testng.SuiteRunner[on line number: 348 of file: SuiteRunner.java]
Stack Trace from: runSequentially in class: org.testng.SuiteRunner[on line number: 343 of file: SuiteRunner.java]
Stack Trace from: privateRun in class: org.testng.SuiteRunner[on line number: 305 of file: SuiteRunner.java]
Stack Trace from: run in class: org.testng.SuiteRunner[on line number: 254 of file: SuiteRunner.java]
Stack Trace from: runSuite in class: org.testng.SuiteRunnerWorker[on line number: 52 of file: SuiteRunnerWorker.java]
Stack Trace from: run in class: org.testng.SuiteRunnerWorker[on line number: 86 of file: SuiteRunnerWorker.java]
Stack Trace from: runSuitesSequentially in class: org.testng.TestNG[on line number: 1224 of file: TestNG.java]
Stack Trace from: runSuitesLocally in class: org.testng.TestNG[on line number: 1149 of file: TestNG.java]
Stack Trace from: run in class: org.testng.TestNG[on line number: 1057 of file: TestNG.java]
Stack Trace from: run in class: org.apache.maven.surefire.testng.TestNGExecutor[on line number: 295 of file: TestNGExecutor.java]
Stack Trace from: execute in class: org.apache.maven.surefire.testng.TestNGXmlTestSuite[on line number: 84 of file: TestNGXmlTestSuite.java]
Stack Trace from: invoke in class: org.apache.maven.surefire.testng.TestNGProvider[on line number: 90 of file: TestNGProvider.java]
Stack Trace from: invokeProviderInSameClassLoader in class: org.apache.maven.surefire.booter.ForkedBooter[on line number: 203 of file: ForkedBooter.java]
Stack Trace from: runSuitesInProcess in class: org.apache.maven.surefire.booter.ForkedBooter[on line number: 155 of file: ForkedBooter.java]
Stack Trace from: main in class: org.apache.maven.surefire.booter.ForkedBooter[on line number: 103 of file: ForkedBooter.java]
Matcher matches()---regex: ^(\d+)\.(\d+).*---input: 4.4.0-66-generic---#
Stack Trace from: getStackTrace in class: java.lang.Thread[on line number: 1589 of file: Thread.java]
Stack Trace from: matches in class: java.util.regex.Matcher[on line number: 559 of file: Matcher.java]
Stack Trace from: <init> in class: org.openqa.selenium.Platform[on line number: 123 of file: Platform.java]
Stack Trace from: <init> in class: org.openqa.selenium.Platform[on line number: 30 of file: Platform.java]
Stack Trace from: <init> in class: org.openqa.selenium.Platform$9[on line number: 89 of file: Platform.java]
Stack Trace from: <clinit> in class: org.openqa.selenium.Platform[on line number: 89 of file: Platform.java]
Stack Trace from: <clinit> in class: org.openqa.selenium.firefox.FirefoxDriver[on line number: 78 of file: FirefoxDriver.java]
Stack Trace from: <init> in class: org.openqa.selenium.firefox.FirefoxProfile[on line number: 105 of file: FirefoxProfile.java]
Stack Trace from: <init> in class: org.openqa.selenium.firefox.FirefoxProfile[on line number: 78 of file: FirefoxProfile.java]
Stack Trace from: <init> in class: org.openqa.selenium.firefox.FirefoxProfile[on line number: 66 of file: FirefoxProfile.java]
Stack Trace from: getInstance in class: automation.webdriver.WebDriverFactory[on line number: 159 of file: WebDriverFactory.java]
Stack Trace from: getInstance in class: automation.webdriver.WebDriverFactory[on line number: 78 of file: WebDriverFactory.java]
Stack Trace from: init in class: automation.base.TestBase[on line number: 43 of file: TestBase.java]
Stack Trace from: invoke0 in class: sun.reflect.NativeMethodAccessorImpl[on line number: -2 of file: NativeMethodAccessorImpl.java]
Stack Trace from: invoke in class: sun.reflect.NativeMethodAccessorImpl[on line number: 57 of file: NativeMethodAccessorImpl.java]
Stack Trace from: invoke in class: sun.reflect.DelegatingMethodAccessorImpl[on line number: 43 of file: DelegatingMethodAccessorImpl.java]
Stack Trace from: invoke in class: java.lang.reflect.Method[on line number: 606 of file: Method.java]
Stack Trace from: invokeMethod in class: org.testng.internal.MethodInvocationHelper[on line number: 84 of file: MethodInvocationHelper.java]
Stack Trace from: invokeConfigurationMethod in class: org.testng.internal.Invoker[on line number: 564 of file: Invoker.java]
Stack Trace from: invokeConfigurations in class: org.testng.internal.Invoker[on line number: 213 of file: Invoker.java]
Stack Trace from: invokeConfigurations in class: org.testng.internal.Invoker[on line number: 138 of file: Invoker.java]
Stack Trace from: invokeBeforeClassMethods in class: org.testng.internal.TestMethodWorker[on line number: 175 of file: TestMethodWorker.java]
Stack Trace from: run in class: org.testng.internal.TestMethodWorker[on line number: 107 of file: TestMethodWorker.java]
Stack Trace from: privateRun in class: org.testng.TestRunner[on line number: 767 of file: TestRunner.java]
Stack Trace from: run in class: org.testng.TestRunner[on line number: 617 of file: TestRunner.java]
Stack Trace from: runTest in class: org.testng.SuiteRunner[on line number: 348 of file: SuiteRunner.java]
Stack Trace from: runSequentially in class: org.testng.SuiteRunner[on line number: 343 of file: SuiteRunner.java]
Stack Trace from: privateRun in class: org.testng.SuiteRunner[on line number: 305 of file: SuiteRunner.java]
Stack Trace from: run in class: org.testng.SuiteRunner[on line number: 254 of file: SuiteRunner.java]
Stack Trace from: runSuite in class: org.testng.SuiteRunnerWorker[on line number: 52 of file: SuiteRunnerWorker.java]
Stack Trace from: run in class: org.testng.SuiteRunnerWorker[on line number: 86 of file: SuiteRunnerWorker.java]
Stack Trace from: runSuitesSequentially in class: org.testng.TestNG[on line number: 1224 of file: TestNG.java]
Stack Trace from: runSuitesLocally in class: org.testng.TestNG[on line number: 1149 of file: TestNG.java]
Stack Trace from: run in class: org.testng.TestNG[on line number: 1057 of file: TestNG.java]
Stack Trace from: run in class: org.apache.maven.surefire.testng.TestNGExecutor[on line number: 295 of file: TestNGExecutor.java]
Stack Trace from: execute in class: org.apache.maven.surefire.testng.TestNGXmlTestSuite[on line number: 84 of file: TestNGXmlTestSuite.java]
Stack Trace from: invoke in class: org.apache.maven.surefire.testng.TestNGProvider[on line number: 90 of file: TestNGProvider.java]
Stack Trace from: invokeProviderInSameClassLoader in class: org.apache.maven.surefire.booter.ForkedBooter[on line number: 203 of file: ForkedBooter.java]
Stack Trace from: runSuitesInProcess in class: org.apache.maven.surefire.booter.ForkedBooter[on line number: 155 of file: ForkedBooter.java]
Stack Trace from: main in class: org.apache.maven.surefire.booter.ForkedBooter[on line number: 103 of file: ForkedBooter.java]
Matcher matches()---regex: ^(\d+)\.(\d+).*---input: 4.4.0-66-generic---#
Stack Trace from: getStackTrace in class: java.lang.Thread[on line number: 1589 of file: Thread.java]
Stack Trace from: matches in class: java.util.regex.Matcher[on line number: 559 of file: Matcher.java]
Stack Trace from: <init> in class: org.openqa.selenium.Platform[on line number: 123 of file: Platform.java]
Stack Trace from: <init> in class: org.openqa.selenium.Platform[on line number: 30 of file: Platform.java]
Stack Trace from: <init> in class: org.openqa.selenium.Platform$10[on line number: 103 of file: Platform.java]
Stack Trace from: <clinit> in class: org.openqa.selenium.Platform[on line number: 103 of file: Platform.java]
Stack Trace from: <clinit> in class: org.openqa.selenium.firefox.FirefoxDriver[on line number: 78 of file: FirefoxDriver.java]
Stack Trace from: <init> in class: org.openqa.selenium.firefox.FirefoxProfile[on line number: 105 of file: FirefoxProfile.java]
Stack Trace from: <init> in class: org.openqa.selenium.firefox.FirefoxProfile[on line number: 78 of file: FirefoxProfile.java]
Stack Trace from: <init> in class: org.openqa.selenium.firefox.FirefoxProfile[on line number: 66 of file: FirefoxProfile.java]
Stack Trace from: getInstance in class: automation.webdriver.WebDriverFactory[on line number: 159 of file: WebDriverFactory.java]
Stack Trace from: getInstance in class: automation.webdriver.WebDriverFactory[on line number: 78 of file: WebDriverFactory.java]
Stack Trace from: init in class: automation.base.TestBase[on line number: 43 of file: TestBase.java]
Stack Trace from: invoke0 in class: sun.reflect.NativeMethodAccessorImpl[on line number: -2 of file: NativeMethodAccessorImpl.java]
Stack Trace from: invoke in class: sun.reflect.NativeMethodAccessorImpl[on line number: 57 of file: NativeMethodAccessorImpl.java]
Stack Trace from: invoke in class: sun.reflect.DelegatingMethodAccessorImpl[on line number: 43 of file: DelegatingMethodAccessorImpl.java]
Stack Trace from: invoke in class: java.lang.reflect.Method[on line number: 606 of file: Method.java]
Stack Trace from: invokeMethod in class: org.testng.internal.MethodInvocationHelper[on line number: 84 of file: MethodInvocationHelper.java]
Stack Trace from: invokeConfigurationMethod in class: org.testng.internal.Invoker[on line number: 564 of file: Invoker.java]
Stack Trace from: invokeConfigurations in class: org.testng.internal.Invoker[on line number: 213 of file: Invoker.java]
Stack Trace from: invokeConfigurations in class: org.testng.internal.Invoker[on line number: 138 of file: Invoker.java]
Stack Trace from: invokeBeforeClassMethods in class: org.testng.internal.TestMethodWorker[on line number: 175 of file: TestMethodWorker.java]
Stack Trace from: run in class: org.testng.internal.TestMethodWorker[on line number: 107 of file: TestMethodWorker.java]
Stack Trace from: privateRun in class: org.testng.TestRunner[on line number: 767 of file: TestRunner.java]
Stack Trace from: run in class: org.testng.TestRunner[on line number: 617 of file: TestRunner.java]
Stack Trace from: runTest in class: org.testng.SuiteRunner[on line number: 348 of file: SuiteRunner.java]
Stack Trace from: runSequentially in class: org.testng.SuiteRunner[on line number: 343 of file: SuiteRunner.java]
Stack Trace from: privateRun in class: org.testng.SuiteRunner[on line number: 305 of file: SuiteRunner.java]
Stack Trace from: run in class: org.testng.SuiteRunner[on line number: 254 of file: SuiteRunner.java]
Stack Trace from: runSuite in class: org.testng.SuiteRunnerWorker[on line number: 52 of file: SuiteRunnerWorker.java]
Stack Trace from: run in class: org.testng.SuiteRunnerWorker[on line number: 86 of file: SuiteRunnerWorker.java]
Stack Trace from: runSuitesSequentially in class: org.testng.TestNG[on line number: 1224 of file: TestNG.java]
Stack Trace from: runSuitesLocally in class: org.testng.TestNG[on line number: 1149 of file: TestNG.java]
Stack Trace from: run in class: org.testng.TestNG[on line number: 1057 of file: TestNG.java]
Stack Trace from: run in class: org.apache.maven.surefire.testng.TestNGExecutor[on line number: 295 of file: TestNGExecutor.java]
Stack Trace from: execute in class: org.apache.maven.surefire.testng.TestNGXmlTestSuite[on line number: 84 of file: TestNGXmlTestSuite.java]
Stack Trace from: invoke in class: org.apache.maven.surefire.testng.TestNGProvider[on line number: 90 of file: TestNGProvider.java]
Stack Trace from: invokeProviderInSameClassLoader in class: org.apache.maven.surefire.booter.ForkedBooter[on line number: 203 of file: ForkedBooter.java]
Stack Trace from: runSuitesInProcess in class: org.apache.maven.surefire.booter.ForkedBooter[on line number: 155 of file: ForkedBooter.java]
Stack Trace from: main in class: org.apache.maven.surefire.booter.ForkedBooter[on line number: 103 of file: ForkedBooter.java]
Matcher matches()---regex: ^(\d+)\.(\d+).*---input: 4.4.0-66-generic---#
