Stack Trace from: getStackTrace in class: java.lang.Thread[on line number: 1589 of file: Thread.java]
Stack Trace from: matches in class: java.util.regex.Matcher[on line number: 559 of file: Matcher.java]
Stack Trace from: findDependedUponMethods in class: org.testng.internal.MethodHelper[on line number: 92 of file: MethodHelper.java]
Stack Trace from: topologicalSort in class: org.testng.internal.MethodHelper[on line number: 240 of file: MethodHelper.java]
Stack Trace from: sortMethods in class: org.testng.internal.MethodHelper[on line number: 317 of file: MethodHelper.java]
Stack Trace from: collectAndOrderMethods in class: org.testng.internal.MethodHelper[on line number: 59 of file: MethodHelper.java]
Stack Trace from: findConfiguration in class: org.testng.internal.TestNGMethodFinder[on line number: 191 of file: TestNGMethodFinder.java]
Stack Trace from: getBeforeClassMethods in class: org.testng.internal.TestNGMethodFinder[on line number: 54 of file: TestNGMethodFinder.java]
Stack Trace from: initMethods in class: org.testng.TestClass[on line number: 147 of file: TestClass.java]
Stack Trace from: init in class: org.testng.TestClass[on line number: 86 of file: TestClass.java]
Stack Trace from: <init> in class: org.testng.TestClass[on line number: 45 of file: TestClass.java]
Stack Trace from: initMethods in class: org.testng.TestRunner[on line number: 427 of file: TestRunner.java]
Stack Trace from: init in class: org.testng.TestRunner[on line number: 235 of file: TestRunner.java]
Stack Trace from: init in class: org.testng.TestRunner[on line number: 205 of file: TestRunner.java]
Stack Trace from: <init> in class: org.testng.TestRunner[on line number: 153 of file: TestRunner.java]
Stack Trace from: newTestRunner in class: org.testng.SuiteRunner$DefaultTestRunnerFactory[on line number: 522 of file: SuiteRunner.java]
Stack Trace from: init in class: org.testng.SuiteRunner[on line number: 157 of file: SuiteRunner.java]
Stack Trace from: <init> in class: org.testng.SuiteRunner[on line number: 111 of file: SuiteRunner.java]
Stack Trace from: createSuiteRunner in class: org.testng.TestNG[on line number: 1299 of file: TestNG.java]
Stack Trace from: createSuiteRunners in class: org.testng.TestNG[on line number: 1286 of file: TestNG.java]
Stack Trace from: runSuitesLocally in class: org.testng.TestNG[on line number: 1140 of file: TestNG.java]
Stack Trace from: run in class: org.testng.TestNG[on line number: 1057 of file: TestNG.java]
Stack Trace from: run in class: org.apache.maven.surefire.testng.TestNGExecutor[on line number: 115 of file: TestNGExecutor.java]
Stack Trace from: executeSingleClass in class: org.apache.maven.surefire.testng.TestNGDirectoryTestSuite[on line number: 129 of file: TestNGDirectoryTestSuite.java]
Stack Trace from: execute in class: org.apache.maven.surefire.testng.TestNGDirectoryTestSuite[on line number: 113 of file: TestNGDirectoryTestSuite.java]
Stack Trace from: invoke in class: org.apache.maven.surefire.testng.TestNGProvider[on line number: 111 of file: TestNGProvider.java]
Stack Trace from: invokeProviderInSameClassLoader in class: org.apache.maven.surefire.booter.ForkedBooter[on line number: 203 of file: ForkedBooter.java]
Stack Trace from: runSuitesInProcess in class: org.apache.maven.surefire.booter.ForkedBooter[on line number: 155 of file: ForkedBooter.java]
Stack Trace from: main in class: org.apache.maven.surefire.booter.ForkedBooter[on line number: 103 of file: ForkedBooter.java]
Matcher matches()---regex: org.springframework.test.context.testng.AbstractTestNGSpringContextTests.springTestContextBeforeTestClass---input: org.springframework.test.context.testng.AbstractTestNGSpringContextTests.springTestContextBeforeTestClass---#
Stack Trace from: getStackTrace in class: java.lang.Thread[on line number: 1589 of file: Thread.java]
Stack Trace from: matches in class: java.util.regex.Matcher[on line number: 559 of file: Matcher.java]
Stack Trace from: findDependedUponMethods in class: org.testng.internal.MethodHelper[on line number: 92 of file: MethodHelper.java]
Stack Trace from: topologicalSort in class: org.testng.internal.MethodHelper[on line number: 240 of file: MethodHelper.java]
Stack Trace from: sortMethods in class: org.testng.internal.MethodHelper[on line number: 317 of file: MethodHelper.java]
Stack Trace from: collectAndOrderMethods in class: org.testng.internal.MethodHelper[on line number: 59 of file: MethodHelper.java]
Stack Trace from: findConfiguration in class: org.testng.internal.TestNGMethodFinder[on line number: 191 of file: TestNGMethodFinder.java]
Stack Trace from: getBeforeClassMethods in class: org.testng.internal.TestNGMethodFinder[on line number: 54 of file: TestNGMethodFinder.java]
Stack Trace from: initMethods in class: org.testng.TestClass[on line number: 147 of file: TestClass.java]
Stack Trace from: init in class: org.testng.TestClass[on line number: 86 of file: TestClass.java]
Stack Trace from: <init> in class: org.testng.TestClass[on line number: 45 of file: TestClass.java]
Stack Trace from: initMethods in class: org.testng.TestRunner[on line number: 427 of file: TestRunner.java]
Stack Trace from: init in class: org.testng.TestRunner[on line number: 235 of file: TestRunner.java]
Stack Trace from: init in class: org.testng.TestRunner[on line number: 205 of file: TestRunner.java]
Stack Trace from: <init> in class: org.testng.TestRunner[on line number: 153 of file: TestRunner.java]
Stack Trace from: newTestRunner in class: org.testng.SuiteRunner$DefaultTestRunnerFactory[on line number: 522 of file: SuiteRunner.java]
Stack Trace from: init in class: org.testng.SuiteRunner[on line number: 157 of file: SuiteRunner.java]
Stack Trace from: <init> in class: org.testng.SuiteRunner[on line number: 111 of file: SuiteRunner.java]
Stack Trace from: createSuiteRunner in class: org.testng.TestNG[on line number: 1299 of file: TestNG.java]
Stack Trace from: createSuiteRunners in class: org.testng.TestNG[on line number: 1286 of file: TestNG.java]
Stack Trace from: runSuitesLocally in class: org.testng.TestNG[on line number: 1140 of file: TestNG.java]
Stack Trace from: run in class: org.testng.TestNG[on line number: 1057 of file: TestNG.java]
Stack Trace from: run in class: org.apache.maven.surefire.testng.TestNGExecutor[on line number: 115 of file: TestNGExecutor.java]
Stack Trace from: executeSingleClass in class: org.apache.maven.surefire.testng.TestNGDirectoryTestSuite[on line number: 129 of file: TestNGDirectoryTestSuite.java]
Stack Trace from: execute in class: org.apache.maven.surefire.testng.TestNGDirectoryTestSuite[on line number: 113 of file: TestNGDirectoryTestSuite.java]
Stack Trace from: invoke in class: org.apache.maven.surefire.testng.TestNGProvider[on line number: 111 of file: TestNGProvider.java]
Stack Trace from: invokeProviderInSameClassLoader in class: org.apache.maven.surefire.booter.ForkedBooter[on line number: 203 of file: ForkedBooter.java]
Stack Trace from: runSuitesInProcess in class: org.apache.maven.surefire.booter.ForkedBooter[on line number: 155 of file: ForkedBooter.java]
Stack Trace from: main in class: org.apache.maven.surefire.booter.ForkedBooter[on line number: 103 of file: ForkedBooter.java]
Matcher matches()---regex: org.springframework.test.context.testng.AbstractTestNGSpringContextTests.springTestContextBeforeTestClass---input: org.springframework.test.context.testng.AbstractTestNGSpringContextTests.springTestContextPrepareTestInstance---#
Stack Trace from: getStackTrace in class: java.lang.Thread[on line number: 1589 of file: Thread.java]
Stack Trace from: matches in class: java.util.regex.Matcher[on line number: 559 of file: Matcher.java]
Stack Trace from: findDependedUponMethods in class: org.testng.internal.MethodHelper[on line number: 92 of file: MethodHelper.java]
Stack Trace from: topologicalSort in class: org.testng.internal.MethodHelper[on line number: 240 of file: MethodHelper.java]
Stack Trace from: sortMethods in class: org.testng.internal.MethodHelper[on line number: 317 of file: MethodHelper.java]
Stack Trace from: collectAndOrderMethods in class: org.testng.internal.MethodHelper[on line number: 59 of file: MethodHelper.java]
Stack Trace from: findConfiguration in class: org.testng.internal.TestNGMethodFinder[on line number: 191 of file: TestNGMethodFinder.java]
Stack Trace from: getBeforeTestMethods in class: org.testng.internal.TestNGMethodFinder[on line number: 64 of file: TestNGMethodFinder.java]
Stack Trace from: initMethods in class: org.testng.TestClass[on line number: 167 of file: TestClass.java]
Stack Trace from: init in class: org.testng.TestClass[on line number: 86 of file: TestClass.java]
Stack Trace from: <init> in class: org.testng.TestClass[on line number: 45 of file: TestClass.java]
Stack Trace from: initMethods in class: org.testng.TestRunner[on line number: 427 of file: TestRunner.java]
Stack Trace from: init in class: org.testng.TestRunner[on line number: 235 of file: TestRunner.java]
Stack Trace from: init in class: org.testng.TestRunner[on line number: 205 of file: TestRunner.java]
Stack Trace from: <init> in class: org.testng.TestRunner[on line number: 153 of file: TestRunner.java]
Stack Trace from: newTestRunner in class: org.testng.SuiteRunner$DefaultTestRunnerFactory[on line number: 522 of file: SuiteRunner.java]
Stack Trace from: init in class: org.testng.SuiteRunner[on line number: 157 of file: SuiteRunner.java]
Stack Trace from: <init> in class: org.testng.SuiteRunner[on line number: 111 of file: SuiteRunner.java]
Stack Trace from: createSuiteRunner in class: org.testng.TestNG[on line number: 1299 of file: TestNG.java]
Stack Trace from: createSuiteRunners in class: org.testng.TestNG[on line number: 1286 of file: TestNG.java]
Stack Trace from: runSuitesLocally in class: org.testng.TestNG[on line number: 1140 of file: TestNG.java]
Stack Trace from: run in class: org.testng.TestNG[on line number: 1057 of file: TestNG.java]
Stack Trace from: run in class: org.apache.maven.surefire.testng.TestNGExecutor[on line number: 115 of file: TestNGExecutor.java]
Stack Trace from: executeSingleClass in class: org.apache.maven.surefire.testng.TestNGDirectoryTestSuite[on line number: 129 of file: TestNGDirectoryTestSuite.java]
Stack Trace from: execute in class: org.apache.maven.surefire.testng.TestNGDirectoryTestSuite[on line number: 113 of file: TestNGDirectoryTestSuite.java]
Stack Trace from: invoke in class: org.apache.maven.surefire.testng.TestNGProvider[on line number: 111 of file: TestNGProvider.java]
Stack Trace from: invokeProviderInSameClassLoader in class: org.apache.maven.surefire.booter.ForkedBooter[on line number: 203 of file: ForkedBooter.java]
Stack Trace from: runSuitesInProcess in class: org.apache.maven.surefire.booter.ForkedBooter[on line number: 155 of file: ForkedBooter.java]
Stack Trace from: main in class: org.apache.maven.surefire.booter.ForkedBooter[on line number: 103 of file: ForkedBooter.java]
Matcher matches()---regex: org.springframework.test.context.testng.AbstractTestNGSpringContextTests.springTestContextBeforeTestMethod---input: org.springframework.test.context.testng.AbstractTestNGSpringContextTests.springTestContextBeforeTestMethod---#
Stack Trace from: getStackTrace in class: java.lang.Thread[on line number: 1589 of file: Thread.java]
Stack Trace from: matches in class: java.util.regex.Matcher[on line number: 559 of file: Matcher.java]
Stack Trace from: findDependedUponMethods in class: org.testng.internal.MethodHelper[on line number: 92 of file: MethodHelper.java]
Stack Trace from: topologicalSort in class: org.testng.internal.MethodHelper[on line number: 240 of file: MethodHelper.java]
Stack Trace from: sortMethods in class: org.testng.internal.MethodHelper[on line number: 317 of file: MethodHelper.java]
Stack Trace from: collectAndOrderMethods in class: org.testng.internal.MethodHelper[on line number: 59 of file: MethodHelper.java]
Stack Trace from: findConfiguration in class: org.testng.internal.TestNGMethodFinder[on line number: 191 of file: TestNGMethodFinder.java]
Stack Trace from: getBeforeTestMethods in class: org.testng.internal.TestNGMethodFinder[on line number: 64 of file: TestNGMethodFinder.java]
Stack Trace from: initMethods in class: org.testng.TestClass[on line number: 167 of file: TestClass.java]
Stack Trace from: init in class: org.testng.TestClass[on line number: 86 of file: TestClass.java]
Stack Trace from: <init> in class: org.testng.TestClass[on line number: 45 of file: TestClass.java]
Stack Trace from: initMethods in class: org.testng.TestRunner[on line number: 427 of file: TestRunner.java]
Stack Trace from: init in class: org.testng.TestRunner[on line number: 235 of file: TestRunner.java]
Stack Trace from: init in class: org.testng.TestRunner[on line number: 205 of file: TestRunner.java]
Stack Trace from: <init> in class: org.testng.TestRunner[on line number: 153 of file: TestRunner.java]
Stack Trace from: newTestRunner in class: org.testng.SuiteRunner$DefaultTestRunnerFactory[on line number: 522 of file: SuiteRunner.java]
Stack Trace from: init in class: org.testng.SuiteRunner[on line number: 157 of file: SuiteRunner.java]
Stack Trace from: <init> in class: org.testng.SuiteRunner[on line number: 111 of file: SuiteRunner.java]
Stack Trace from: createSuiteRunner in class: org.testng.TestNG[on line number: 1299 of file: TestNG.java]
Stack Trace from: createSuiteRunners in class: org.testng.TestNG[on line number: 1286 of file: TestNG.java]
Stack Trace from: runSuitesLocally in class: org.testng.TestNG[on line number: 1140 of file: TestNG.java]
Stack Trace from: run in class: org.testng.TestNG[on line number: 1057 of file: TestNG.java]
Stack Trace from: run in class: org.apache.maven.surefire.testng.TestNGExecutor[on line number: 115 of file: TestNGExecutor.java]
Stack Trace from: executeSingleClass in class: org.apache.maven.surefire.testng.TestNGDirectoryTestSuite[on line number: 129 of file: TestNGDirectoryTestSuite.java]
Stack Trace from: execute in class: org.apache.maven.surefire.testng.TestNGDirectoryTestSuite[on line number: 113 of file: TestNGDirectoryTestSuite.java]
Stack Trace from: invoke in class: org.apache.maven.surefire.testng.TestNGProvider[on line number: 111 of file: TestNGProvider.java]
Stack Trace from: invokeProviderInSameClassLoader in class: org.apache.maven.surefire.booter.ForkedBooter[on line number: 203 of file: ForkedBooter.java]
Stack Trace from: runSuitesInProcess in class: org.apache.maven.surefire.booter.ForkedBooter[on line number: 155 of file: ForkedBooter.java]
Stack Trace from: main in class: org.apache.maven.surefire.booter.ForkedBooter[on line number: 103 of file: ForkedBooter.java]
Matcher matches()---regex: org.springframework.test.context.testng.AbstractTestNGSpringContextTests.springTestContextBeforeTestMethod---input: se.inera.axel.shs.broker.messagestore.internal.AbstractMongoMessageLogTest.setupTestDB---#
