Stack Trace from: getStackTrace in class: java.lang.Thread[on line number: 1589 of file: Thread.java]
Stack Trace from: matches in class: java.util.regex.Matcher[on line number: 559 of file: Matcher.java]
Stack Trace from: methodAndClassNamePatternGroupOrDefault in class: org.junit.runner.Description[on line number: 307 of file: Description.java]
Stack Trace from: getMethodName in class: org.junit.runner.Description[on line number: 301 of file: Description.java]
Stack Trace from: shouldRun in class: org.apache.maven.surefire.common.junit48.FilterFactory$GroupMatcherCategoryFilter[on line number: 230 of file: FilterFactory.java]
Stack Trace from: shouldRun in class: org.junit.runners.ParentRunner[on line number: 373 of file: ParentRunner.java]
Stack Trace from: filter in class: org.junit.runners.ParentRunner[on line number: 326 of file: ParentRunner.java]
Stack Trace from: apply in class: org.junit.runner.manipulation.Filter[on line number: 97 of file: Filter.java]
Stack Trace from: <init> in class: org.apache.maven.surefire.junitcore.JUnitCoreWrapper$FilteringRequest[on line number: 138 of file: JUnitCoreWrapper.java]
Stack Trace from: createRequestAndRun in class: org.apache.maven.surefire.junitcore.JUnitCoreWrapper[on line number: 99 of file: JUnitCoreWrapper.java]
Stack Trace from: executeEager in class: org.apache.maven.surefire.junitcore.JUnitCoreWrapper[on line number: 77 of file: JUnitCoreWrapper.java]
Stack Trace from: execute in class: org.apache.maven.surefire.junitcore.JUnitCoreWrapper[on line number: 53 of file: JUnitCoreWrapper.java]
Stack Trace from: invoke in class: org.apache.maven.surefire.junitcore.JUnitCoreProvider[on line number: 144 of file: JUnitCoreProvider.java]
Stack Trace from: invokeProviderInSameClassLoader in class: org.apache.maven.surefire.booter.ForkedBooter[on line number: 203 of file: ForkedBooter.java]
Stack Trace from: runSuitesInProcess in class: org.apache.maven.surefire.booter.ForkedBooter[on line number: 155 of file: ForkedBooter.java]
Stack Trace from: main in class: org.apache.maven.surefire.booter.ForkedBooter[on line number: 103 of file: ForkedBooter.java]
Matcher matches()---regex: (.*)\((.*)\)---input: null---#
Stack Trace from: getStackTrace in class: java.lang.Thread[on line number: 1589 of file: Thread.java]
Stack Trace from: matches in class: java.util.regex.Matcher[on line number: 559 of file: Matcher.java]
Stack Trace from: methodAndClassNamePatternGroupOrDefault in class: org.junit.runner.Description[on line number: 307 of file: Description.java]
Stack Trace from: getMethodName in class: org.junit.runner.Description[on line number: 301 of file: Description.java]
Stack Trace from: shouldRun in class: org.apache.maven.surefire.common.junit48.FilterFactory$GroupMatcherCategoryFilter[on line number: 230 of file: FilterFactory.java]
Stack Trace from: shouldRun in class: org.junit.runners.ParentRunner[on line number: 373 of file: ParentRunner.java]
Stack Trace from: filter in class: org.junit.runners.ParentRunner[on line number: 326 of file: ParentRunner.java]
Stack Trace from: apply in class: org.junit.runner.manipulation.Filter[on line number: 97 of file: Filter.java]
Stack Trace from: filter in class: org.junit.runners.ParentRunner[on line number: 328 of file: ParentRunner.java]
Stack Trace from: apply in class: org.junit.runner.manipulation.Filter[on line number: 97 of file: Filter.java]
Stack Trace from: <init> in class: org.apache.maven.surefire.junitcore.JUnitCoreWrapper$FilteringRequest[on line number: 138 of file: JUnitCoreWrapper.java]
Stack Trace from: createRequestAndRun in class: org.apache.maven.surefire.junitcore.JUnitCoreWrapper[on line number: 99 of file: JUnitCoreWrapper.java]
Stack Trace from: executeEager in class: org.apache.maven.surefire.junitcore.JUnitCoreWrapper[on line number: 77 of file: JUnitCoreWrapper.java]
Stack Trace from: execute in class: org.apache.maven.surefire.junitcore.JUnitCoreWrapper[on line number: 53 of file: JUnitCoreWrapper.java]
Stack Trace from: invoke in class: org.apache.maven.surefire.junitcore.JUnitCoreProvider[on line number: 144 of file: JUnitCoreProvider.java]
Stack Trace from: invokeProviderInSameClassLoader in class: org.apache.maven.surefire.booter.ForkedBooter[on line number: 203 of file: ForkedBooter.java]
Stack Trace from: runSuitesInProcess in class: org.apache.maven.surefire.booter.ForkedBooter[on line number: 155 of file: ForkedBooter.java]
Stack Trace from: main in class: org.apache.maven.surefire.booter.ForkedBooter[on line number: 103 of file: ForkedBooter.java]
Matcher matches()---regex: (.*)\((.*)\)---input: com.squareup.okhttp.curl.MainTest---#
Stack Trace from: getStackTrace in class: java.lang.Thread[on line number: 1589 of file: Thread.java]
Stack Trace from: matches in class: java.util.regex.Matcher[on line number: 559 of file: Matcher.java]
Stack Trace from: methodAndClassNamePatternGroupOrDefault in class: org.junit.runner.Description[on line number: 307 of file: Description.java]
Stack Trace from: getMethodName in class: org.junit.runner.Description[on line number: 301 of file: Description.java]
Stack Trace from: shouldRun in class: org.apache.maven.surefire.common.junit48.FilterFactory$GroupMatcherCategoryFilter[on line number: 230 of file: FilterFactory.java]
Stack Trace from: shouldRun in class: org.junit.runners.ParentRunner[on line number: 373 of file: ParentRunner.java]
Stack Trace from: filter in class: org.junit.runners.ParentRunner[on line number: 326 of file: ParentRunner.java]
Stack Trace from: apply in class: org.junit.runner.manipulation.Filter[on line number: 97 of file: Filter.java]
Stack Trace from: filter in class: org.junit.runners.ParentRunner[on line number: 328 of file: ParentRunner.java]
Stack Trace from: apply in class: org.junit.runner.manipulation.Filter[on line number: 97 of file: Filter.java]
Stack Trace from: filter in class: org.junit.runners.ParentRunner[on line number: 328 of file: ParentRunner.java]
Stack Trace from: apply in class: org.junit.runner.manipulation.Filter[on line number: 97 of file: Filter.java]
Stack Trace from: <init> in class: org.apache.maven.surefire.junitcore.JUnitCoreWrapper$FilteringRequest[on line number: 138 of file: JUnitCoreWrapper.java]
Stack Trace from: createRequestAndRun in class: org.apache.maven.surefire.junitcore.JUnitCoreWrapper[on line number: 99 of file: JUnitCoreWrapper.java]
Stack Trace from: executeEager in class: org.apache.maven.surefire.junitcore.JUnitCoreWrapper[on line number: 77 of file: JUnitCoreWrapper.java]
Stack Trace from: execute in class: org.apache.maven.surefire.junitcore.JUnitCoreWrapper[on line number: 53 of file: JUnitCoreWrapper.java]
Stack Trace from: invoke in class: org.apache.maven.surefire.junitcore.JUnitCoreProvider[on line number: 144 of file: JUnitCoreProvider.java]
Stack Trace from: invokeProviderInSameClassLoader in class: org.apache.maven.surefire.booter.ForkedBooter[on line number: 203 of file: ForkedBooter.java]
Stack Trace from: runSuitesInProcess in class: org.apache.maven.surefire.booter.ForkedBooter[on line number: 155 of file: ForkedBooter.java]
Stack Trace from: main in class: org.apache.maven.surefire.booter.ForkedBooter[on line number: 103 of file: ForkedBooter.java]
Matcher matches()---regex: (.*)\((.*)\)---input: headerSplitWithDate(com.squareup.okhttp.curl.MainTest)---#
Stack Trace from: getStackTrace in class: java.lang.Thread[on line number: 1589 of file: Thread.java]
Stack Trace from: matches in class: java.util.regex.Matcher[on line number: 559 of file: Matcher.java]
Stack Trace from: methodAndClassNamePatternGroupOrDefault in class: org.junit.runner.Description[on line number: 307 of file: Description.java]
Stack Trace from: getMethodName in class: org.junit.runner.Description[on line number: 301 of file: Description.java]
Stack Trace from: shouldRun in class: org.apache.maven.surefire.common.junit48.FilterFactory$GroupMatcherCategoryFilter[on line number: 230 of file: FilterFactory.java]
Stack Trace from: shouldRun in class: org.junit.runners.ParentRunner[on line number: 373 of file: ParentRunner.java]
Stack Trace from: filter in class: org.junit.runners.ParentRunner[on line number: 326 of file: ParentRunner.java]
Stack Trace from: apply in class: org.junit.runner.manipulation.Filter[on line number: 97 of file: Filter.java]
Stack Trace from: filter in class: org.junit.runners.ParentRunner[on line number: 328 of file: ParentRunner.java]
Stack Trace from: apply in class: org.junit.runner.manipulation.Filter[on line number: 97 of file: Filter.java]
Stack Trace from: filter in class: org.junit.runners.ParentRunner[on line number: 328 of file: ParentRunner.java]
Stack Trace from: apply in class: org.junit.runner.manipulation.Filter[on line number: 97 of file: Filter.java]
Stack Trace from: <init> in class: org.apache.maven.surefire.junitcore.JUnitCoreWrapper$FilteringRequest[on line number: 138 of file: JUnitCoreWrapper.java]
Stack Trace from: createRequestAndRun in class: org.apache.maven.surefire.junitcore.JUnitCoreWrapper[on line number: 99 of file: JUnitCoreWrapper.java]
Stack Trace from: executeEager in class: org.apache.maven.surefire.junitcore.JUnitCoreWrapper[on line number: 77 of file: JUnitCoreWrapper.java]
Stack Trace from: execute in class: org.apache.maven.surefire.junitcore.JUnitCoreWrapper[on line number: 53 of file: JUnitCoreWrapper.java]
Stack Trace from: invoke in class: org.apache.maven.surefire.junitcore.JUnitCoreProvider[on line number: 144 of file: JUnitCoreProvider.java]
Stack Trace from: invokeProviderInSameClassLoader in class: org.apache.maven.surefire.booter.ForkedBooter[on line number: 203 of file: ForkedBooter.java]
Stack Trace from: runSuitesInProcess in class: org.apache.maven.surefire.booter.ForkedBooter[on line number: 155 of file: ForkedBooter.java]
Stack Trace from: main in class: org.apache.maven.surefire.booter.ForkedBooter[on line number: 103 of file: ForkedBooter.java]
Matcher matches()---regex: (.*)\((.*)\)---input: simple(com.squareup.okhttp.curl.MainTest)---#
Stack Trace from: getStackTrace in class: java.lang.Thread[on line number: 1589 of file: Thread.java]
Stack Trace from: matches in class: java.util.regex.Matcher[on line number: 559 of file: Matcher.java]
Stack Trace from: methodAndClassNamePatternGroupOrDefault in class: org.junit.runner.Description[on line number: 307 of file: Description.java]
Stack Trace from: getMethodName in class: org.junit.runner.Description[on line number: 301 of file: Description.java]
Stack Trace from: shouldRun in class: org.apache.maven.surefire.common.junit48.FilterFactory$GroupMatcherCategoryFilter[on line number: 230 of file: FilterFactory.java]
Stack Trace from: shouldRun in class: org.junit.runners.ParentRunner[on line number: 373 of file: ParentRunner.java]
Stack Trace from: filter in class: org.junit.runners.ParentRunner[on line number: 326 of file: ParentRunner.java]
Stack Trace from: apply in class: org.junit.runner.manipulation.Filter[on line number: 97 of file: Filter.java]
Stack Trace from: filter in class: org.junit.runners.ParentRunner[on line number: 328 of file: ParentRunner.java]
Stack Trace from: apply in class: org.junit.runner.manipulation.Filter[on line number: 97 of file: Filter.java]
Stack Trace from: filter in class: org.junit.runners.ParentRunner[on line number: 328 of file: ParentRunner.java]
Stack Trace from: apply in class: org.junit.runner.manipulation.Filter[on line number: 97 of file: Filter.java]
Stack Trace from: <init> in class: org.apache.maven.surefire.junitcore.JUnitCoreWrapper$FilteringRequest[on line number: 138 of file: JUnitCoreWrapper.java]
Stack Trace from: createRequestAndRun in class: org.apache.maven.surefire.junitcore.JUnitCoreWrapper[on line number: 99 of file: JUnitCoreWrapper.java]
Stack Trace from: executeEager in class: org.apache.maven.surefire.junitcore.JUnitCoreWrapper[on line number: 77 of file: JUnitCoreWrapper.java]
Stack Trace from: execute in class: org.apache.maven.surefire.junitcore.JUnitCoreWrapper[on line number: 53 of file: JUnitCoreWrapper.java]
Stack Trace from: invoke in class: org.apache.maven.surefire.junitcore.JUnitCoreProvider[on line number: 144 of file: JUnitCoreProvider.java]
Stack Trace from: invokeProviderInSameClassLoader in class: org.apache.maven.surefire.booter.ForkedBooter[on line number: 203 of file: ForkedBooter.java]
Stack Trace from: runSuitesInProcess in class: org.apache.maven.surefire.booter.ForkedBooter[on line number: 155 of file: ForkedBooter.java]
Stack Trace from: main in class: org.apache.maven.surefire.booter.ForkedBooter[on line number: 103 of file: ForkedBooter.java]
Matcher matches()---regex: (.*)\((.*)\)---input: contentTypeHeader(com.squareup.okhttp.curl.MainTest)---#
Stack Trace from: getStackTrace in class: java.lang.Thread[on line number: 1589 of file: Thread.java]
Stack Trace from: matches in class: java.util.regex.Matcher[on line number: 559 of file: Matcher.java]
Stack Trace from: methodAndClassNamePatternGroupOrDefault in class: org.junit.runner.Description[on line number: 307 of file: Description.java]
Stack Trace from: getMethodName in class: org.junit.runner.Description[on line number: 301 of file: Description.java]
Stack Trace from: shouldRun in class: org.apache.maven.surefire.common.junit48.FilterFactory$GroupMatcherCategoryFilter[on line number: 230 of file: FilterFactory.java]
Stack Trace from: shouldRun in class: org.junit.runners.ParentRunner[on line number: 373 of file: ParentRunner.java]
Stack Trace from: filter in class: org.junit.runners.ParentRunner[on line number: 326 of file: ParentRunner.java]
Stack Trace from: apply in class: org.junit.runner.manipulation.Filter[on line number: 97 of file: Filter.java]
Stack Trace from: filter in class: org.junit.runners.ParentRunner[on line number: 328 of file: ParentRunner.java]
Stack Trace from: apply in class: org.junit.runner.manipulation.Filter[on line number: 97 of file: Filter.java]
Stack Trace from: filter in class: org.junit.runners.ParentRunner[on line number: 328 of file: ParentRunner.java]
Stack Trace from: apply in class: org.junit.runner.manipulation.Filter[on line number: 97 of file: Filter.java]
Stack Trace from: <init> in class: org.apache.maven.surefire.junitcore.JUnitCoreWrapper$FilteringRequest[on line number: 138 of file: JUnitCoreWrapper.java]
Stack Trace from: createRequestAndRun in class: org.apache.maven.surefire.junitcore.JUnitCoreWrapper[on line number: 99 of file: JUnitCoreWrapper.java]
Stack Trace from: executeEager in class: org.apache.maven.surefire.junitcore.JUnitCoreWrapper[on line number: 77 of file: JUnitCoreWrapper.java]
Stack Trace from: execute in class: org.apache.maven.surefire.junitcore.JUnitCoreWrapper[on line number: 53 of file: JUnitCoreWrapper.java]
Stack Trace from: invoke in class: org.apache.maven.surefire.junitcore.JUnitCoreProvider[on line number: 144 of file: JUnitCoreProvider.java]
Stack Trace from: invokeProviderInSameClassLoader in class: org.apache.maven.surefire.booter.ForkedBooter[on line number: 203 of file: ForkedBooter.java]
Stack Trace from: runSuitesInProcess in class: org.apache.maven.surefire.booter.ForkedBooter[on line number: 155 of file: ForkedBooter.java]
Stack Trace from: main in class: org.apache.maven.surefire.booter.ForkedBooter[on line number: 103 of file: ForkedBooter.java]
Matcher matches()---regex: (.*)\((.*)\)---input: put(com.squareup.okhttp.curl.MainTest)---#
Stack Trace from: getStackTrace in class: java.lang.Thread[on line number: 1589 of file: Thread.java]
Stack Trace from: matches in class: java.util.regex.Matcher[on line number: 559 of file: Matcher.java]
Stack Trace from: methodAndClassNamePatternGroupOrDefault in class: org.junit.runner.Description[on line number: 307 of file: Description.java]
Stack Trace from: getMethodName in class: org.junit.runner.Description[on line number: 301 of file: Description.java]
Stack Trace from: shouldRun in class: org.apache.maven.surefire.common.junit48.FilterFactory$GroupMatcherCategoryFilter[on line number: 230 of file: FilterFactory.java]
Stack Trace from: shouldRun in class: org.junit.runners.ParentRunner[on line number: 373 of file: ParentRunner.java]
Stack Trace from: filter in class: org.junit.runners.ParentRunner[on line number: 326 of file: ParentRunner.java]
Stack Trace from: apply in class: org.junit.runner.manipulation.Filter[on line number: 97 of file: Filter.java]
Stack Trace from: filter in class: org.junit.runners.ParentRunner[on line number: 328 of file: ParentRunner.java]
Stack Trace from: apply in class: org.junit.runner.manipulation.Filter[on line number: 97 of file: Filter.java]
Stack Trace from: filter in class: org.junit.runners.ParentRunner[on line number: 328 of file: ParentRunner.java]
Stack Trace from: apply in class: org.junit.runner.manipulation.Filter[on line number: 97 of file: Filter.java]
Stack Trace from: <init> in class: org.apache.maven.surefire.junitcore.JUnitCoreWrapper$FilteringRequest[on line number: 138 of file: JUnitCoreWrapper.java]
Stack Trace from: createRequestAndRun in class: org.apache.maven.surefire.junitcore.JUnitCoreWrapper[on line number: 99 of file: JUnitCoreWrapper.java]
Stack Trace from: executeEager in class: org.apache.maven.surefire.junitcore.JUnitCoreWrapper[on line number: 77 of file: JUnitCoreWrapper.java]
Stack Trace from: execute in class: org.apache.maven.surefire.junitcore.JUnitCoreWrapper[on line number: 53 of file: JUnitCoreWrapper.java]
Stack Trace from: invoke in class: org.apache.maven.surefire.junitcore.JUnitCoreProvider[on line number: 144 of file: JUnitCoreProvider.java]
Stack Trace from: invokeProviderInSameClassLoader in class: org.apache.maven.surefire.booter.ForkedBooter[on line number: 203 of file: ForkedBooter.java]
Stack Trace from: runSuitesInProcess in class: org.apache.maven.surefire.booter.ForkedBooter[on line number: 155 of file: ForkedBooter.java]
Stack Trace from: main in class: org.apache.maven.surefire.booter.ForkedBooter[on line number: 103 of file: ForkedBooter.java]
Matcher matches()---regex: (.*)\((.*)\)---input: userAgent(com.squareup.okhttp.curl.MainTest)---#
Stack Trace from: getStackTrace in class: java.lang.Thread[on line number: 1589 of file: Thread.java]
Stack Trace from: matches in class: java.util.regex.Matcher[on line number: 559 of file: Matcher.java]
Stack Trace from: methodAndClassNamePatternGroupOrDefault in class: org.junit.runner.Description[on line number: 307 of file: Description.java]
Stack Trace from: getMethodName in class: org.junit.runner.Description[on line number: 301 of file: Description.java]
Stack Trace from: shouldRun in class: org.apache.maven.surefire.common.junit48.FilterFactory$GroupMatcherCategoryFilter[on line number: 230 of file: FilterFactory.java]
Stack Trace from: shouldRun in class: org.junit.runners.ParentRunner[on line number: 373 of file: ParentRunner.java]
Stack Trace from: filter in class: org.junit.runners.ParentRunner[on line number: 326 of file: ParentRunner.java]
Stack Trace from: apply in class: org.junit.runner.manipulation.Filter[on line number: 97 of file: Filter.java]
Stack Trace from: filter in class: org.junit.runners.ParentRunner[on line number: 328 of file: ParentRunner.java]
Stack Trace from: apply in class: org.junit.runner.manipulation.Filter[on line number: 97 of file: Filter.java]
Stack Trace from: filter in class: org.junit.runners.ParentRunner[on line number: 328 of file: ParentRunner.java]
Stack Trace from: apply in class: org.junit.runner.manipulation.Filter[on line number: 97 of file: Filter.java]
Stack Trace from: <init> in class: org.apache.maven.surefire.junitcore.JUnitCoreWrapper$FilteringRequest[on line number: 138 of file: JUnitCoreWrapper.java]
Stack Trace from: createRequestAndRun in class: org.apache.maven.surefire.junitcore.JUnitCoreWrapper[on line number: 99 of file: JUnitCoreWrapper.java]
Stack Trace from: executeEager in class: org.apache.maven.surefire.junitcore.JUnitCoreWrapper[on line number: 77 of file: JUnitCoreWrapper.java]
Stack Trace from: execute in class: org.apache.maven.surefire.junitcore.JUnitCoreWrapper[on line number: 53 of file: JUnitCoreWrapper.java]
Stack Trace from: invoke in class: org.apache.maven.surefire.junitcore.JUnitCoreProvider[on line number: 144 of file: JUnitCoreProvider.java]
Stack Trace from: invokeProviderInSameClassLoader in class: org.apache.maven.surefire.booter.ForkedBooter[on line number: 203 of file: ForkedBooter.java]
Stack Trace from: runSuitesInProcess in class: org.apache.maven.surefire.booter.ForkedBooter[on line number: 155 of file: ForkedBooter.java]
Stack Trace from: main in class: org.apache.maven.surefire.booter.ForkedBooter[on line number: 103 of file: ForkedBooter.java]
Matcher matches()---regex: (.*)\((.*)\)---input: referer(com.squareup.okhttp.curl.MainTest)---#
Stack Trace from: getStackTrace in class: java.lang.Thread[on line number: 1589 of file: Thread.java]
Stack Trace from: matches in class: java.util.regex.Matcher[on line number: 559 of file: Matcher.java]
Stack Trace from: methodAndClassNamePatternGroupOrDefault in class: org.junit.runner.Description[on line number: 307 of file: Description.java]
Stack Trace from: getMethodName in class: org.junit.runner.Description[on line number: 301 of file: Description.java]
Stack Trace from: shouldRun in class: org.apache.maven.surefire.common.junit48.FilterFactory$GroupMatcherCategoryFilter[on line number: 230 of file: FilterFactory.java]
Stack Trace from: shouldRun in class: org.junit.runners.ParentRunner[on line number: 373 of file: ParentRunner.java]
Stack Trace from: filter in class: org.junit.runners.ParentRunner[on line number: 326 of file: ParentRunner.java]
Stack Trace from: apply in class: org.junit.runner.manipulation.Filter[on line number: 97 of file: Filter.java]
Stack Trace from: filter in class: org.junit.runners.ParentRunner[on line number: 328 of file: ParentRunner.java]
Stack Trace from: apply in class: org.junit.runner.manipulation.Filter[on line number: 97 of file: Filter.java]
Stack Trace from: filter in class: org.junit.runners.ParentRunner[on line number: 328 of file: ParentRunner.java]
Stack Trace from: apply in class: org.junit.runner.manipulation.Filter[on line number: 97 of file: Filter.java]
Stack Trace from: <init> in class: org.apache.maven.surefire.junitcore.JUnitCoreWrapper$FilteringRequest[on line number: 138 of file: JUnitCoreWrapper.java]
Stack Trace from: createRequestAndRun in class: org.apache.maven.surefire.junitcore.JUnitCoreWrapper[on line number: 99 of file: JUnitCoreWrapper.java]
Stack Trace from: executeEager in class: org.apache.maven.surefire.junitcore.JUnitCoreWrapper[on line number: 77 of file: JUnitCoreWrapper.java]
Stack Trace from: execute in class: org.apache.maven.surefire.junitcore.JUnitCoreWrapper[on line number: 53 of file: JUnitCoreWrapper.java]
Stack Trace from: invoke in class: org.apache.maven.surefire.junitcore.JUnitCoreProvider[on line number: 144 of file: JUnitCoreProvider.java]
Stack Trace from: invokeProviderInSameClassLoader in class: org.apache.maven.surefire.booter.ForkedBooter[on line number: 203 of file: ForkedBooter.java]
Stack Trace from: runSuitesInProcess in class: org.apache.maven.surefire.booter.ForkedBooter[on line number: 155 of file: ForkedBooter.java]
Stack Trace from: main in class: org.apache.maven.surefire.booter.ForkedBooter[on line number: 103 of file: ForkedBooter.java]
Matcher matches()---regex: (.*)\((.*)\)---input: dataPut(com.squareup.okhttp.curl.MainTest)---#
Stack Trace from: getStackTrace in class: java.lang.Thread[on line number: 1589 of file: Thread.java]
Stack Trace from: matches in class: java.util.regex.Matcher[on line number: 559 of file: Matcher.java]
Stack Trace from: methodAndClassNamePatternGroupOrDefault in class: org.junit.runner.Description[on line number: 307 of file: Description.java]
Stack Trace from: getMethodName in class: org.junit.runner.Description[on line number: 301 of file: Description.java]
Stack Trace from: shouldRun in class: org.apache.maven.surefire.common.junit48.FilterFactory$GroupMatcherCategoryFilter[on line number: 230 of file: FilterFactory.java]
Stack Trace from: shouldRun in class: org.junit.runners.ParentRunner[on line number: 373 of file: ParentRunner.java]
Stack Trace from: filter in class: org.junit.runners.ParentRunner[on line number: 326 of file: ParentRunner.java]
Stack Trace from: apply in class: org.junit.runner.manipulation.Filter[on line number: 97 of file: Filter.java]
Stack Trace from: filter in class: org.junit.runners.ParentRunner[on line number: 328 of file: ParentRunner.java]
Stack Trace from: apply in class: org.junit.runner.manipulation.Filter[on line number: 97 of file: Filter.java]
Stack Trace from: filter in class: org.junit.runners.ParentRunner[on line number: 328 of file: ParentRunner.java]
Stack Trace from: apply in class: org.junit.runner.manipulation.Filter[on line number: 97 of file: Filter.java]
Stack Trace from: <init> in class: org.apache.maven.surefire.junitcore.JUnitCoreWrapper$FilteringRequest[on line number: 138 of file: JUnitCoreWrapper.java]
Stack Trace from: createRequestAndRun in class: org.apache.maven.surefire.junitcore.JUnitCoreWrapper[on line number: 99 of file: JUnitCoreWrapper.java]
Stack Trace from: executeEager in class: org.apache.maven.surefire.junitcore.JUnitCoreWrapper[on line number: 77 of file: JUnitCoreWrapper.java]
Stack Trace from: execute in class: org.apache.maven.surefire.junitcore.JUnitCoreWrapper[on line number: 53 of file: JUnitCoreWrapper.java]
Stack Trace from: invoke in class: org.apache.maven.surefire.junitcore.JUnitCoreProvider[on line number: 144 of file: JUnitCoreProvider.java]
Stack Trace from: invokeProviderInSameClassLoader in class: org.apache.maven.surefire.booter.ForkedBooter[on line number: 203 of file: ForkedBooter.java]
Stack Trace from: runSuitesInProcess in class: org.apache.maven.surefire.booter.ForkedBooter[on line number: 155 of file: ForkedBooter.java]
Stack Trace from: main in class: org.apache.maven.surefire.booter.ForkedBooter[on line number: 103 of file: ForkedBooter.java]
Matcher matches()---regex: (.*)\((.*)\)---input: dataPost(com.squareup.okhttp.curl.MainTest)---#
Stack Trace from: getStackTrace in class: java.lang.Thread[on line number: 1589 of file: Thread.java]
Stack Trace from: matches in class: java.util.regex.Matcher[on line number: 559 of file: Matcher.java]
Stack Trace from: methodAndClassNamePatternGroupOrDefault in class: org.junit.runner.Description[on line number: 307 of file: Description.java]
Stack Trace from: getMethodName in class: org.junit.runner.Description[on line number: 301 of file: Description.java]
Stack Trace from: fillTestCountMap in class: org.apache.maven.surefire.junitcore.JUnitCoreRunListener[on line number: 90 of file: JUnitCoreRunListener.java]
Stack Trace from: fillTestCountMap in class: org.apache.maven.surefire.junitcore.JUnitCoreRunListener[on line number: 86 of file: JUnitCoreRunListener.java]
Stack Trace from: fillTestCountMap in class: org.apache.maven.surefire.junitcore.JUnitCoreRunListener[on line number: 86 of file: JUnitCoreRunListener.java]
Stack Trace from: testRunStarted in class: org.apache.maven.surefire.junitcore.JUnitCoreRunListener[on line number: 65 of file: JUnitCoreRunListener.java]
Stack Trace from: notifyListener in class: org.junit.runner.notification.RunNotifier$1[on line number: 81 of file: RunNotifier.java]
Stack Trace from: run in class: org.junit.runner.notification.RunNotifier$SafeNotifier[on line number: 61 of file: RunNotifier.java]
Stack Trace from: fireTestRunStarted in class: org.junit.runner.notification.RunNotifier[on line number: 78 of file: RunNotifier.java]
Stack Trace from: run in class: org.junit.runner.JUnitCore[on line number: 159 of file: JUnitCore.java]
Stack Trace from: run in class: org.junit.runner.JUnitCore[on line number: 138 of file: JUnitCore.java]
Stack Trace from: createRequestAndRun in class: org.apache.maven.surefire.junitcore.JUnitCoreWrapper[on line number: 107 of file: JUnitCoreWrapper.java]
Stack Trace from: executeEager in class: org.apache.maven.surefire.junitcore.JUnitCoreWrapper[on line number: 77 of file: JUnitCoreWrapper.java]
Stack Trace from: execute in class: org.apache.maven.surefire.junitcore.JUnitCoreWrapper[on line number: 53 of file: JUnitCoreWrapper.java]
Stack Trace from: invoke in class: org.apache.maven.surefire.junitcore.JUnitCoreProvider[on line number: 144 of file: JUnitCoreProvider.java]
Stack Trace from: invokeProviderInSameClassLoader in class: org.apache.maven.surefire.booter.ForkedBooter[on line number: 203 of file: ForkedBooter.java]
Stack Trace from: runSuitesInProcess in class: org.apache.maven.surefire.booter.ForkedBooter[on line number: 155 of file: ForkedBooter.java]
Stack Trace from: main in class: org.apache.maven.surefire.booter.ForkedBooter[on line number: 103 of file: ForkedBooter.java]
Matcher matches()---regex: (.*)\((.*)\)---input: headerSplitWithDate(com.squareup.okhttp.curl.MainTest)---#
Stack Trace from: getStackTrace in class: java.lang.Thread[on line number: 1589 of file: Thread.java]
Stack Trace from: matches in class: java.util.regex.Matcher[on line number: 559 of file: Matcher.java]
Stack Trace from: methodAndClassNamePatternGroupOrDefault in class: org.junit.runner.Description[on line number: 307 of file: Description.java]
Stack Trace from: getMethodName in class: org.junit.runner.Description[on line number: 301 of file: Description.java]
Stack Trace from: fillTestCountMap in class: org.apache.maven.surefire.junitcore.JUnitCoreRunListener[on line number: 90 of file: JUnitCoreRunListener.java]
Stack Trace from: fillTestCountMap in class: org.apache.maven.surefire.junitcore.JUnitCoreRunListener[on line number: 86 of file: JUnitCoreRunListener.java]
Stack Trace from: fillTestCountMap in class: org.apache.maven.surefire.junitcore.JUnitCoreRunListener[on line number: 86 of file: JUnitCoreRunListener.java]
Stack Trace from: testRunStarted in class: org.apache.maven.surefire.junitcore.JUnitCoreRunListener[on line number: 65 of file: JUnitCoreRunListener.java]
Stack Trace from: notifyListener in class: org.junit.runner.notification.RunNotifier$1[on line number: 81 of file: RunNotifier.java]
Stack Trace from: run in class: org.junit.runner.notification.RunNotifier$SafeNotifier[on line number: 61 of file: RunNotifier.java]
Stack Trace from: fireTestRunStarted in class: org.junit.runner.notification.RunNotifier[on line number: 78 of file: RunNotifier.java]
Stack Trace from: run in class: org.junit.runner.JUnitCore[on line number: 159 of file: JUnitCore.java]
Stack Trace from: run in class: org.junit.runner.JUnitCore[on line number: 138 of file: JUnitCore.java]
Stack Trace from: createRequestAndRun in class: org.apache.maven.surefire.junitcore.JUnitCoreWrapper[on line number: 107 of file: JUnitCoreWrapper.java]
Stack Trace from: executeEager in class: org.apache.maven.surefire.junitcore.JUnitCoreWrapper[on line number: 77 of file: JUnitCoreWrapper.java]
Stack Trace from: execute in class: org.apache.maven.surefire.junitcore.JUnitCoreWrapper[on line number: 53 of file: JUnitCoreWrapper.java]
Stack Trace from: invoke in class: org.apache.maven.surefire.junitcore.JUnitCoreProvider[on line number: 144 of file: JUnitCoreProvider.java]
Stack Trace from: invokeProviderInSameClassLoader in class: org.apache.maven.surefire.booter.ForkedBooter[on line number: 203 of file: ForkedBooter.java]
Stack Trace from: runSuitesInProcess in class: org.apache.maven.surefire.booter.ForkedBooter[on line number: 155 of file: ForkedBooter.java]
Stack Trace from: main in class: org.apache.maven.surefire.booter.ForkedBooter[on line number: 103 of file: ForkedBooter.java]
Matcher matches()---regex: (.*)\((.*)\)---input: simple(com.squareup.okhttp.curl.MainTest)---#
Stack Trace from: getStackTrace in class: java.lang.Thread[on line number: 1589 of file: Thread.java]
Stack Trace from: matches in class: java.util.regex.Matcher[on line number: 559 of file: Matcher.java]
Stack Trace from: methodAndClassNamePatternGroupOrDefault in class: org.junit.runner.Description[on line number: 307 of file: Description.java]
Stack Trace from: getMethodName in class: org.junit.runner.Description[on line number: 301 of file: Description.java]
Stack Trace from: fillTestCountMap in class: org.apache.maven.surefire.junitcore.JUnitCoreRunListener[on line number: 90 of file: JUnitCoreRunListener.java]
Stack Trace from: fillTestCountMap in class: org.apache.maven.surefire.junitcore.JUnitCoreRunListener[on line number: 86 of file: JUnitCoreRunListener.java]
Stack Trace from: fillTestCountMap in class: org.apache.maven.surefire.junitcore.JUnitCoreRunListener[on line number: 86 of file: JUnitCoreRunListener.java]
Stack Trace from: testRunStarted in class: org.apache.maven.surefire.junitcore.JUnitCoreRunListener[on line number: 65 of file: JUnitCoreRunListener.java]
Stack Trace from: notifyListener in class: org.junit.runner.notification.RunNotifier$1[on line number: 81 of file: RunNotifier.java]
Stack Trace from: run in class: org.junit.runner.notification.RunNotifier$SafeNotifier[on line number: 61 of file: RunNotifier.java]
Stack Trace from: fireTestRunStarted in class: org.junit.runner.notification.RunNotifier[on line number: 78 of file: RunNotifier.java]
Stack Trace from: run in class: org.junit.runner.JUnitCore[on line number: 159 of file: JUnitCore.java]
Stack Trace from: run in class: org.junit.runner.JUnitCore[on line number: 138 of file: JUnitCore.java]
Stack Trace from: createRequestAndRun in class: org.apache.maven.surefire.junitcore.JUnitCoreWrapper[on line number: 107 of file: JUnitCoreWrapper.java]
Stack Trace from: executeEager in class: org.apache.maven.surefire.junitcore.JUnitCoreWrapper[on line number: 77 of file: JUnitCoreWrapper.java]
Stack Trace from: execute in class: org.apache.maven.surefire.junitcore.JUnitCoreWrapper[on line number: 53 of file: JUnitCoreWrapper.java]
Stack Trace from: invoke in class: org.apache.maven.surefire.junitcore.JUnitCoreProvider[on line number: 144 of file: JUnitCoreProvider.java]
Stack Trace from: invokeProviderInSameClassLoader in class: org.apache.maven.surefire.booter.ForkedBooter[on line number: 203 of file: ForkedBooter.java]
Stack Trace from: runSuitesInProcess in class: org.apache.maven.surefire.booter.ForkedBooter[on line number: 155 of file: ForkedBooter.java]
Stack Trace from: main in class: org.apache.maven.surefire.booter.ForkedBooter[on line number: 103 of file: ForkedBooter.java]
Matcher matches()---regex: (.*)\((.*)\)---input: contentTypeHeader(com.squareup.okhttp.curl.MainTest)---#
Stack Trace from: getStackTrace in class: java.lang.Thread[on line number: 1589 of file: Thread.java]
Stack Trace from: matches in class: java.util.regex.Matcher[on line number: 559 of file: Matcher.java]
Stack Trace from: methodAndClassNamePatternGroupOrDefault in class: org.junit.runner.Description[on line number: 307 of file: Description.java]
Stack Trace from: getMethodName in class: org.junit.runner.Description[on line number: 301 of file: Description.java]
Stack Trace from: fillTestCountMap in class: org.apache.maven.surefire.junitcore.JUnitCoreRunListener[on line number: 90 of file: JUnitCoreRunListener.java]
Stack Trace from: fillTestCountMap in class: org.apache.maven.surefire.junitcore.JUnitCoreRunListener[on line number: 86 of file: JUnitCoreRunListener.java]
Stack Trace from: fillTestCountMap in class: org.apache.maven.surefire.junitcore.JUnitCoreRunListener[on line number: 86 of file: JUnitCoreRunListener.java]
Stack Trace from: testRunStarted in class: org.apache.maven.surefire.junitcore.JUnitCoreRunListener[on line number: 65 of file: JUnitCoreRunListener.java]
Stack Trace from: notifyListener in class: org.junit.runner.notification.RunNotifier$1[on line number: 81 of file: RunNotifier.java]
Stack Trace from: run in class: org.junit.runner.notification.RunNotifier$SafeNotifier[on line number: 61 of file: RunNotifier.java]
Stack Trace from: fireTestRunStarted in class: org.junit.runner.notification.RunNotifier[on line number: 78 of file: RunNotifier.java]
Stack Trace from: run in class: org.junit.runner.JUnitCore[on line number: 159 of file: JUnitCore.java]
Stack Trace from: run in class: org.junit.runner.JUnitCore[on line number: 138 of file: JUnitCore.java]
Stack Trace from: createRequestAndRun in class: org.apache.maven.surefire.junitcore.JUnitCoreWrapper[on line number: 107 of file: JUnitCoreWrapper.java]
Stack Trace from: executeEager in class: org.apache.maven.surefire.junitcore.JUnitCoreWrapper[on line number: 77 of file: JUnitCoreWrapper.java]
Stack Trace from: execute in class: org.apache.maven.surefire.junitcore.JUnitCoreWrapper[on line number: 53 of file: JUnitCoreWrapper.java]
Stack Trace from: invoke in class: org.apache.maven.surefire.junitcore.JUnitCoreProvider[on line number: 144 of file: JUnitCoreProvider.java]
Stack Trace from: invokeProviderInSameClassLoader in class: org.apache.maven.surefire.booter.ForkedBooter[on line number: 203 of file: ForkedBooter.java]
Stack Trace from: runSuitesInProcess in class: org.apache.maven.surefire.booter.ForkedBooter[on line number: 155 of file: ForkedBooter.java]
Stack Trace from: main in class: org.apache.maven.surefire.booter.ForkedBooter[on line number: 103 of file: ForkedBooter.java]
Matcher matches()---regex: (.*)\((.*)\)---input: put(com.squareup.okhttp.curl.MainTest)---#
Stack Trace from: getStackTrace in class: java.lang.Thread[on line number: 1589 of file: Thread.java]
Stack Trace from: matches in class: java.util.regex.Matcher[on line number: 559 of file: Matcher.java]
Stack Trace from: methodAndClassNamePatternGroupOrDefault in class: org.junit.runner.Description[on line number: 307 of file: Description.java]
Stack Trace from: getMethodName in class: org.junit.runner.Description[on line number: 301 of file: Description.java]
Stack Trace from: fillTestCountMap in class: org.apache.maven.surefire.junitcore.JUnitCoreRunListener[on line number: 90 of file: JUnitCoreRunListener.java]
Stack Trace from: fillTestCountMap in class: org.apache.maven.surefire.junitcore.JUnitCoreRunListener[on line number: 86 of file: JUnitCoreRunListener.java]
Stack Trace from: fillTestCountMap in class: org.apache.maven.surefire.junitcore.JUnitCoreRunListener[on line number: 86 of file: JUnitCoreRunListener.java]
Stack Trace from: testRunStarted in class: org.apache.maven.surefire.junitcore.JUnitCoreRunListener[on line number: 65 of file: JUnitCoreRunListener.java]
Stack Trace from: notifyListener in class: org.junit.runner.notification.RunNotifier$1[on line number: 81 of file: RunNotifier.java]
Stack Trace from: run in class: org.junit.runner.notification.RunNotifier$SafeNotifier[on line number: 61 of file: RunNotifier.java]
Stack Trace from: fireTestRunStarted in class: org.junit.runner.notification.RunNotifier[on line number: 78 of file: RunNotifier.java]
Stack Trace from: run in class: org.junit.runner.JUnitCore[on line number: 159 of file: JUnitCore.java]
Stack Trace from: run in class: org.junit.runner.JUnitCore[on line number: 138 of file: JUnitCore.java]
Stack Trace from: createRequestAndRun in class: org.apache.maven.surefire.junitcore.JUnitCoreWrapper[on line number: 107 of file: JUnitCoreWrapper.java]
Stack Trace from: executeEager in class: org.apache.maven.surefire.junitcore.JUnitCoreWrapper[on line number: 77 of file: JUnitCoreWrapper.java]
Stack Trace from: execute in class: org.apache.maven.surefire.junitcore.JUnitCoreWrapper[on line number: 53 of file: JUnitCoreWrapper.java]
Stack Trace from: invoke in class: org.apache.maven.surefire.junitcore.JUnitCoreProvider[on line number: 144 of file: JUnitCoreProvider.java]
Stack Trace from: invokeProviderInSameClassLoader in class: org.apache.maven.surefire.booter.ForkedBooter[on line number: 203 of file: ForkedBooter.java]
Stack Trace from: runSuitesInProcess in class: org.apache.maven.surefire.booter.ForkedBooter[on line number: 155 of file: ForkedBooter.java]
Stack Trace from: main in class: org.apache.maven.surefire.booter.ForkedBooter[on line number: 103 of file: ForkedBooter.java]
Matcher matches()---regex: (.*)\((.*)\)---input: userAgent(com.squareup.okhttp.curl.MainTest)---#
Stack Trace from: getStackTrace in class: java.lang.Thread[on line number: 1589 of file: Thread.java]
Stack Trace from: matches in class: java.util.regex.Matcher[on line number: 559 of file: Matcher.java]
Stack Trace from: methodAndClassNamePatternGroupOrDefault in class: org.junit.runner.Description[on line number: 307 of file: Description.java]
Stack Trace from: getMethodName in class: org.junit.runner.Description[on line number: 301 of file: Description.java]
Stack Trace from: fillTestCountMap in class: org.apache.maven.surefire.junitcore.JUnitCoreRunListener[on line number: 90 of file: JUnitCoreRunListener.java]
Stack Trace from: fillTestCountMap in class: org.apache.maven.surefire.junitcore.JUnitCoreRunListener[on line number: 86 of file: JUnitCoreRunListener.java]
Stack Trace from: fillTestCountMap in class: org.apache.maven.surefire.junitcore.JUnitCoreRunListener[on line number: 86 of file: JUnitCoreRunListener.java]
Stack Trace from: testRunStarted in class: org.apache.maven.surefire.junitcore.JUnitCoreRunListener[on line number: 65 of file: JUnitCoreRunListener.java]
Stack Trace from: notifyListener in class: org.junit.runner.notification.RunNotifier$1[on line number: 81 of file: RunNotifier.java]
Stack Trace from: run in class: org.junit.runner.notification.RunNotifier$SafeNotifier[on line number: 61 of file: RunNotifier.java]
Stack Trace from: fireTestRunStarted in class: org.junit.runner.notification.RunNotifier[on line number: 78 of file: RunNotifier.java]
Stack Trace from: run in class: org.junit.runner.JUnitCore[on line number: 159 of file: JUnitCore.java]
Stack Trace from: run in class: org.junit.runner.JUnitCore[on line number: 138 of file: JUnitCore.java]
Stack Trace from: createRequestAndRun in class: org.apache.maven.surefire.junitcore.JUnitCoreWrapper[on line number: 107 of file: JUnitCoreWrapper.java]
Stack Trace from: executeEager in class: org.apache.maven.surefire.junitcore.JUnitCoreWrapper[on line number: 77 of file: JUnitCoreWrapper.java]
Stack Trace from: execute in class: org.apache.maven.surefire.junitcore.JUnitCoreWrapper[on line number: 53 of file: JUnitCoreWrapper.java]
Stack Trace from: invoke in class: org.apache.maven.surefire.junitcore.JUnitCoreProvider[on line number: 144 of file: JUnitCoreProvider.java]
Stack Trace from: invokeProviderInSameClassLoader in class: org.apache.maven.surefire.booter.ForkedBooter[on line number: 203 of file: ForkedBooter.java]
Stack Trace from: runSuitesInProcess in class: org.apache.maven.surefire.booter.ForkedBooter[on line number: 155 of file: ForkedBooter.java]
Stack Trace from: main in class: org.apache.maven.surefire.booter.ForkedBooter[on line number: 103 of file: ForkedBooter.java]
Matcher matches()---regex: (.*)\((.*)\)---input: referer(com.squareup.okhttp.curl.MainTest)---#
Stack Trace from: getStackTrace in class: java.lang.Thread[on line number: 1589 of file: Thread.java]
Stack Trace from: matches in class: java.util.regex.Matcher[on line number: 559 of file: Matcher.java]
Stack Trace from: methodAndClassNamePatternGroupOrDefault in class: org.junit.runner.Description[on line number: 307 of file: Description.java]
Stack Trace from: getMethodName in class: org.junit.runner.Description[on line number: 301 of file: Description.java]
Stack Trace from: fillTestCountMap in class: org.apache.maven.surefire.junitcore.JUnitCoreRunListener[on line number: 90 of file: JUnitCoreRunListener.java]
Stack Trace from: fillTestCountMap in class: org.apache.maven.surefire.junitcore.JUnitCoreRunListener[on line number: 86 of file: JUnitCoreRunListener.java]
Stack Trace from: fillTestCountMap in class: org.apache.maven.surefire.junitcore.JUnitCoreRunListener[on line number: 86 of file: JUnitCoreRunListener.java]
Stack Trace from: testRunStarted in class: org.apache.maven.surefire.junitcore.JUnitCoreRunListener[on line number: 65 of file: JUnitCoreRunListener.java]
Stack Trace from: notifyListener in class: org.junit.runner.notification.RunNotifier$1[on line number: 81 of file: RunNotifier.java]
Stack Trace from: run in class: org.junit.runner.notification.RunNotifier$SafeNotifier[on line number: 61 of file: RunNotifier.java]
Stack Trace from: fireTestRunStarted in class: org.junit.runner.notification.RunNotifier[on line number: 78 of file: RunNotifier.java]
Stack Trace from: run in class: org.junit.runner.JUnitCore[on line number: 159 of file: JUnitCore.java]
Stack Trace from: run in class: org.junit.runner.JUnitCore[on line number: 138 of file: JUnitCore.java]
Stack Trace from: createRequestAndRun in class: org.apache.maven.surefire.junitcore.JUnitCoreWrapper[on line number: 107 of file: JUnitCoreWrapper.java]
Stack Trace from: executeEager in class: org.apache.maven.surefire.junitcore.JUnitCoreWrapper[on line number: 77 of file: JUnitCoreWrapper.java]
Stack Trace from: execute in class: org.apache.maven.surefire.junitcore.JUnitCoreWrapper[on line number: 53 of file: JUnitCoreWrapper.java]
Stack Trace from: invoke in class: org.apache.maven.surefire.junitcore.JUnitCoreProvider[on line number: 144 of file: JUnitCoreProvider.java]
Stack Trace from: invokeProviderInSameClassLoader in class: org.apache.maven.surefire.booter.ForkedBooter[on line number: 203 of file: ForkedBooter.java]
Stack Trace from: runSuitesInProcess in class: org.apache.maven.surefire.booter.ForkedBooter[on line number: 155 of file: ForkedBooter.java]
Stack Trace from: main in class: org.apache.maven.surefire.booter.ForkedBooter[on line number: 103 of file: ForkedBooter.java]
Matcher matches()---regex: (.*)\((.*)\)---input: dataPut(com.squareup.okhttp.curl.MainTest)---#
Stack Trace from: getStackTrace in class: java.lang.Thread[on line number: 1589 of file: Thread.java]
Stack Trace from: matches in class: java.util.regex.Matcher[on line number: 559 of file: Matcher.java]
Stack Trace from: methodAndClassNamePatternGroupOrDefault in class: org.junit.runner.Description[on line number: 307 of file: Description.java]
Stack Trace from: getMethodName in class: org.junit.runner.Description[on line number: 301 of file: Description.java]
Stack Trace from: fillTestCountMap in class: org.apache.maven.surefire.junitcore.JUnitCoreRunListener[on line number: 90 of file: JUnitCoreRunListener.java]
Stack Trace from: fillTestCountMap in class: org.apache.maven.surefire.junitcore.JUnitCoreRunListener[on line number: 86 of file: JUnitCoreRunListener.java]
Stack Trace from: fillTestCountMap in class: org.apache.maven.surefire.junitcore.JUnitCoreRunListener[on line number: 86 of file: JUnitCoreRunListener.java]
Stack Trace from: testRunStarted in class: org.apache.maven.surefire.junitcore.JUnitCoreRunListener[on line number: 65 of file: JUnitCoreRunListener.java]
Stack Trace from: notifyListener in class: org.junit.runner.notification.RunNotifier$1[on line number: 81 of file: RunNotifier.java]
Stack Trace from: run in class: org.junit.runner.notification.RunNotifier$SafeNotifier[on line number: 61 of file: RunNotifier.java]
Stack Trace from: fireTestRunStarted in class: org.junit.runner.notification.RunNotifier[on line number: 78 of file: RunNotifier.java]
Stack Trace from: run in class: org.junit.runner.JUnitCore[on line number: 159 of file: JUnitCore.java]
Stack Trace from: run in class: org.junit.runner.JUnitCore[on line number: 138 of file: JUnitCore.java]
Stack Trace from: createRequestAndRun in class: org.apache.maven.surefire.junitcore.JUnitCoreWrapper[on line number: 107 of file: JUnitCoreWrapper.java]
Stack Trace from: executeEager in class: org.apache.maven.surefire.junitcore.JUnitCoreWrapper[on line number: 77 of file: JUnitCoreWrapper.java]
Stack Trace from: execute in class: org.apache.maven.surefire.junitcore.JUnitCoreWrapper[on line number: 53 of file: JUnitCoreWrapper.java]
Stack Trace from: invoke in class: org.apache.maven.surefire.junitcore.JUnitCoreProvider[on line number: 144 of file: JUnitCoreProvider.java]
Stack Trace from: invokeProviderInSameClassLoader in class: org.apache.maven.surefire.booter.ForkedBooter[on line number: 203 of file: ForkedBooter.java]
Stack Trace from: runSuitesInProcess in class: org.apache.maven.surefire.booter.ForkedBooter[on line number: 155 of file: ForkedBooter.java]
Stack Trace from: main in class: org.apache.maven.surefire.booter.ForkedBooter[on line number: 103 of file: ForkedBooter.java]
Matcher matches()---regex: (.*)\((.*)\)---input: dataPost(com.squareup.okhttp.curl.MainTest)---#
Stack Trace from: getStackTrace in class: java.lang.Thread[on line number: 1589 of file: Thread.java]
Stack Trace from: matches in class: java.util.regex.Matcher[on line number: 559 of file: Matcher.java]
Stack Trace from: parseClassicGetOpt in class: io.airlift.command.Parser[on line number: 188 of file: Parser.java]
Stack Trace from: parseOptions in class: io.airlift.command.Parser[on line number: 113 of file: Parser.java]
Stack Trace from: parseCommand in class: io.airlift.command.Parser[on line number: 84 of file: Parser.java]
Stack Trace from: parse in class: io.airlift.command.SingleCommand[on line number: 64 of file: SingleCommand.java]
Stack Trace from: parse in class: io.airlift.command.SingleCommand[on line number: 56 of file: SingleCommand.java]
Stack Trace from: fromArgs in class: com.squareup.okhttp.curl.Main[on line number: 64 of file: Main.java]
Stack Trace from: headerSplitWithDate in class: com.squareup.okhttp.curl.MainTest[on line number: 88 of file: MainTest.java]
Stack Trace from: invoke0 in class: sun.reflect.NativeMethodAccessorImpl[on line number: -2 of file: NativeMethodAccessorImpl.java]
Stack Trace from: invoke in class: sun.reflect.NativeMethodAccessorImpl[on line number: 57 of file: NativeMethodAccessorImpl.java]
Stack Trace from: invoke in class: sun.reflect.DelegatingMethodAccessorImpl[on line number: 43 of file: DelegatingMethodAccessorImpl.java]
Stack Trace from: invoke in class: java.lang.reflect.Method[on line number: 606 of file: Method.java]
Stack Trace from: runReflectiveCall in class: org.junit.runners.model.FrameworkMethod$1[on line number: 47 of file: FrameworkMethod.java]
Stack Trace from: run in class: org.junit.internal.runners.model.ReflectiveCallable[on line number: 12 of file: ReflectiveCallable.java]
Stack Trace from: invokeExplosively in class: org.junit.runners.model.FrameworkMethod[on line number: 44 of file: FrameworkMethod.java]
Stack Trace from: evaluate in class: org.junit.internal.runners.statements.InvokeMethod[on line number: 17 of file: InvokeMethod.java]
Stack Trace from: runLeaf in class: org.junit.runners.ParentRunner[on line number: 271 of file: ParentRunner.java]
Stack Trace from: runChild in class: org.junit.runners.BlockJUnit4ClassRunner[on line number: 70 of file: BlockJUnit4ClassRunner.java]
Stack Trace from: runChild in class: org.junit.runners.BlockJUnit4ClassRunner[on line number: 50 of file: BlockJUnit4ClassRunner.java]
Stack Trace from: run in class: org.junit.runners.ParentRunner$3[on line number: 238 of file: ParentRunner.java]
Stack Trace from: run in class: org.apache.maven.surefire.junitcore.pc.Scheduler$1[on line number: 370 of file: Scheduler.java]
Stack Trace from: call in class: java.util.concurrent.Executors$RunnableAdapter[on line number: 471 of file: Executors.java]
Stack Trace from: run in class: java.util.concurrent.FutureTask[on line number: 262 of file: FutureTask.java]
Stack Trace from: runWorker in class: java.util.concurrent.ThreadPoolExecutor[on line number: 1145 of file: ThreadPoolExecutor.java]
Stack Trace from: run in class: java.util.concurrent.ThreadPoolExecutor$Worker[on line number: 615 of file: ThreadPoolExecutor.java]
Stack Trace from: run in class: java.lang.Thread[on line number: 745 of file: Thread.java]
Matcher matches()---regex: -[^-].*---input: http://example.com---#
Stack Trace from: getStackTrace in class: java.lang.Thread[on line number: 1589 of file: Thread.java]
Stack Trace from: matches in class: java.util.regex.Matcher[on line number: 559 of file: Matcher.java]
Stack Trace from: parseClassicGetOpt in class: io.airlift.command.Parser[on line number: 188 of file: Parser.java]
Stack Trace from: parseOptions in class: io.airlift.command.Parser[on line number: 113 of file: Parser.java]
Stack Trace from: parseCommand in class: io.airlift.command.Parser[on line number: 84 of file: Parser.java]
Stack Trace from: parse in class: io.airlift.command.SingleCommand[on line number: 64 of file: SingleCommand.java]
Stack Trace from: parse in class: io.airlift.command.SingleCommand[on line number: 56 of file: SingleCommand.java]
Stack Trace from: fromArgs in class: com.squareup.okhttp.curl.Main[on line number: 64 of file: Main.java]
Stack Trace from: simple in class: com.squareup.okhttp.curl.MainTest[on line number: 30 of file: MainTest.java]
Stack Trace from: invoke0 in class: sun.reflect.NativeMethodAccessorImpl[on line number: -2 of file: NativeMethodAccessorImpl.java]
Stack Trace from: invoke in class: sun.reflect.NativeMethodAccessorImpl[on line number: 57 of file: NativeMethodAccessorImpl.java]
Stack Trace from: invoke in class: sun.reflect.DelegatingMethodAccessorImpl[on line number: 43 of file: DelegatingMethodAccessorImpl.java]
Stack Trace from: invoke in class: java.lang.reflect.Method[on line number: 606 of file: Method.java]
Stack Trace from: runReflectiveCall in class: org.junit.runners.model.FrameworkMethod$1[on line number: 47 of file: FrameworkMethod.java]
Stack Trace from: run in class: org.junit.internal.runners.model.ReflectiveCallable[on line number: 12 of file: ReflectiveCallable.java]
Stack Trace from: invokeExplosively in class: org.junit.runners.model.FrameworkMethod[on line number: 44 of file: FrameworkMethod.java]
Stack Trace from: evaluate in class: org.junit.internal.runners.statements.InvokeMethod[on line number: 17 of file: InvokeMethod.java]
Stack Trace from: runLeaf in class: org.junit.runners.ParentRunner[on line number: 271 of file: ParentRunner.java]
Stack Trace from: runChild in class: org.junit.runners.BlockJUnit4ClassRunner[on line number: 70 of file: BlockJUnit4ClassRunner.java]
Stack Trace from: runChild in class: org.junit.runners.BlockJUnit4ClassRunner[on line number: 50 of file: BlockJUnit4ClassRunner.java]
Stack Trace from: run in class: org.junit.runners.ParentRunner$3[on line number: 238 of file: ParentRunner.java]
Stack Trace from: run in class: org.apache.maven.surefire.junitcore.pc.Scheduler$1[on line number: 370 of file: Scheduler.java]
Stack Trace from: call in class: java.util.concurrent.Executors$RunnableAdapter[on line number: 471 of file: Executors.java]
Stack Trace from: run in class: java.util.concurrent.FutureTask[on line number: 262 of file: FutureTask.java]
Stack Trace from: runWorker in class: java.util.concurrent.ThreadPoolExecutor[on line number: 1145 of file: ThreadPoolExecutor.java]
Stack Trace from: run in class: java.util.concurrent.ThreadPoolExecutor$Worker[on line number: 615 of file: ThreadPoolExecutor.java]
Stack Trace from: run in class: java.lang.Thread[on line number: 745 of file: Thread.java]
Matcher matches()---regex: -[^-].*---input: http://example.com---#
Stack Trace from: getStackTrace in class: java.lang.Thread[on line number: 1589 of file: Thread.java]
Stack Trace from: matches in class: java.util.regex.Matcher[on line number: 559 of file: Matcher.java]
Stack Trace from: parseClassicGetOpt in class: io.airlift.command.Parser[on line number: 188 of file: Parser.java]
Stack Trace from: parseOptions in class: io.airlift.command.Parser[on line number: 113 of file: Parser.java]
Stack Trace from: parseCommand in class: io.airlift.command.Parser[on line number: 84 of file: Parser.java]
Stack Trace from: parse in class: io.airlift.command.SingleCommand[on line number: 64 of file: SingleCommand.java]
Stack Trace from: parse in class: io.airlift.command.SingleCommand[on line number: 56 of file: SingleCommand.java]
Stack Trace from: fromArgs in class: com.squareup.okhttp.curl.Main[on line number: 64 of file: Main.java]
Stack Trace from: contentTypeHeader in class: com.squareup.okhttp.curl.MainTest[on line number: 62 of file: MainTest.java]
Stack Trace from: invoke0 in class: sun.reflect.NativeMethodAccessorImpl[on line number: -2 of file: NativeMethodAccessorImpl.java]
Stack Trace from: invoke in class: sun.reflect.NativeMethodAccessorImpl[on line number: 57 of file: NativeMethodAccessorImpl.java]
Stack Trace from: invoke in class: sun.reflect.DelegatingMethodAccessorImpl[on line number: 43 of file: DelegatingMethodAccessorImpl.java]
Stack Trace from: invoke in class: java.lang.reflect.Method[on line number: 606 of file: Method.java]
Stack Trace from: runReflectiveCall in class: org.junit.runners.model.FrameworkMethod$1[on line number: 47 of file: FrameworkMethod.java]
Stack Trace from: run in class: org.junit.internal.runners.model.ReflectiveCallable[on line number: 12 of file: ReflectiveCallable.java]
Stack Trace from: invokeExplosively in class: org.junit.runners.model.FrameworkMethod[on line number: 44 of file: FrameworkMethod.java]
Stack Trace from: evaluate in class: org.junit.internal.runners.statements.InvokeMethod[on line number: 17 of file: InvokeMethod.java]
Stack Trace from: runLeaf in class: org.junit.runners.ParentRunner[on line number: 271 of file: ParentRunner.java]
Stack Trace from: runChild in class: org.junit.runners.BlockJUnit4ClassRunner[on line number: 70 of file: BlockJUnit4ClassRunner.java]
Stack Trace from: runChild in class: org.junit.runners.BlockJUnit4ClassRunner[on line number: 50 of file: BlockJUnit4ClassRunner.java]
Stack Trace from: run in class: org.junit.runners.ParentRunner$3[on line number: 238 of file: ParentRunner.java]
Stack Trace from: run in class: org.apache.maven.surefire.junitcore.pc.Scheduler$1[on line number: 370 of file: Scheduler.java]
Stack Trace from: call in class: java.util.concurrent.Executors$RunnableAdapter[on line number: 471 of file: Executors.java]
Stack Trace from: run in class: java.util.concurrent.FutureTask[on line number: 262 of file: FutureTask.java]
Stack Trace from: runWorker in class: java.util.concurrent.ThreadPoolExecutor[on line number: 1145 of file: ThreadPoolExecutor.java]
Stack Trace from: run in class: java.util.concurrent.ThreadPoolExecutor$Worker[on line number: 615 of file: ThreadPoolExecutor.java]
Stack Trace from: run in class: java.lang.Thread[on line number: 745 of file: Thread.java]
Matcher matches()---regex: -[^-].*---input: http://example.com---#
Stack Trace from: getStackTrace in class: java.lang.Thread[on line number: 1589 of file: Thread.java]
Stack Trace from: matches in class: java.util.regex.Matcher[on line number: 559 of file: Matcher.java]
Stack Trace from: parseClassicGetOpt in class: io.airlift.command.Parser[on line number: 188 of file: Parser.java]
Stack Trace from: parseOptions in class: io.airlift.command.Parser[on line number: 113 of file: Parser.java]
Stack Trace from: parseCommand in class: io.airlift.command.Parser[on line number: 84 of file: Parser.java]
Stack Trace from: parse in class: io.airlift.command.SingleCommand[on line number: 64 of file: SingleCommand.java]
Stack Trace from: parse in class: io.airlift.command.SingleCommand[on line number: 56 of file: SingleCommand.java]
Stack Trace from: fromArgs in class: com.squareup.okhttp.curl.Main[on line number: 64 of file: Main.java]
Stack Trace from: put in class: com.squareup.okhttp.curl.MainTest[on line number: 37 of file: MainTest.java]
Stack Trace from: invoke0 in class: sun.reflect.NativeMethodAccessorImpl[on line number: -2 of file: NativeMethodAccessorImpl.java]
Stack Trace from: invoke in class: sun.reflect.NativeMethodAccessorImpl[on line number: 57 of file: NativeMethodAccessorImpl.java]
Stack Trace from: invoke in class: sun.reflect.DelegatingMethodAccessorImpl[on line number: 43 of file: DelegatingMethodAccessorImpl.java]
Stack Trace from: invoke in class: java.lang.reflect.Method[on line number: 606 of file: Method.java]
Stack Trace from: runReflectiveCall in class: org.junit.runners.model.FrameworkMethod$1[on line number: 47 of file: FrameworkMethod.java]
Stack Trace from: run in class: org.junit.internal.runners.model.ReflectiveCallable[on line number: 12 of file: ReflectiveCallable.java]
Stack Trace from: invokeExplosively in class: org.junit.runners.model.FrameworkMethod[on line number: 44 of file: FrameworkMethod.java]
Stack Trace from: evaluate in class: org.junit.internal.runners.statements.InvokeMethod[on line number: 17 of file: InvokeMethod.java]
Stack Trace from: runLeaf in class: org.junit.runners.ParentRunner[on line number: 271 of file: ParentRunner.java]
Stack Trace from: runChild in class: org.junit.runners.BlockJUnit4ClassRunner[on line number: 70 of file: BlockJUnit4ClassRunner.java]
Stack Trace from: runChild in class: org.junit.runners.BlockJUnit4ClassRunner[on line number: 50 of file: BlockJUnit4ClassRunner.java]
Stack Trace from: run in class: org.junit.runners.ParentRunner$3[on line number: 238 of file: ParentRunner.java]
Stack Trace from: run in class: org.apache.maven.surefire.junitcore.pc.Scheduler$1[on line number: 370 of file: Scheduler.java]
Stack Trace from: call in class: java.util.concurrent.Executors$RunnableAdapter[on line number: 471 of file: Executors.java]
Stack Trace from: run in class: java.util.concurrent.FutureTask[on line number: 262 of file: FutureTask.java]
Stack Trace from: runWorker in class: java.util.concurrent.ThreadPoolExecutor[on line number: 1145 of file: ThreadPoolExecutor.java]
Stack Trace from: run in class: java.util.concurrent.ThreadPoolExecutor$Worker[on line number: 615 of file: ThreadPoolExecutor.java]
Stack Trace from: run in class: java.lang.Thread[on line number: 745 of file: Thread.java]
Matcher matches()---regex: -[^-].*---input: http://example.com---#
Stack Trace from: getStackTrace in class: java.lang.Thread[on line number: 1589 of file: Thread.java]
Stack Trace from: matches in class: java.util.regex.Matcher[on line number: 559 of file: Matcher.java]
Stack Trace from: parseClassicGetOpt in class: io.airlift.command.Parser[on line number: 188 of file: Parser.java]
Stack Trace from: parseOptions in class: io.airlift.command.Parser[on line number: 113 of file: Parser.java]
Stack Trace from: parseCommand in class: io.airlift.command.Parser[on line number: 84 of file: Parser.java]
Stack Trace from: parse in class: io.airlift.command.SingleCommand[on line number: 64 of file: SingleCommand.java]
Stack Trace from: parse in class: io.airlift.command.SingleCommand[on line number: 56 of file: SingleCommand.java]
Stack Trace from: fromArgs in class: com.squareup.okhttp.curl.Main[on line number: 64 of file: Main.java]
Stack Trace from: userAgent in class: com.squareup.okhttp.curl.MainTest[on line number: 80 of file: MainTest.java]
Stack Trace from: invoke0 in class: sun.reflect.NativeMethodAccessorImpl[on line number: -2 of file: NativeMethodAccessorImpl.java]
Stack Trace from: invoke in class: sun.reflect.NativeMethodAccessorImpl[on line number: 57 of file: NativeMethodAccessorImpl.java]
Stack Trace from: invoke in class: sun.reflect.DelegatingMethodAccessorImpl[on line number: 43 of file: DelegatingMethodAccessorImpl.java]
Stack Trace from: invoke in class: java.lang.reflect.Method[on line number: 606 of file: Method.java]
Stack Trace from: runReflectiveCall in class: org.junit.runners.model.FrameworkMethod$1[on line number: 47 of file: FrameworkMethod.java]
Stack Trace from: run in class: org.junit.internal.runners.model.ReflectiveCallable[on line number: 12 of file: ReflectiveCallable.java]
Stack Trace from: invokeExplosively in class: org.junit.runners.model.FrameworkMethod[on line number: 44 of file: FrameworkMethod.java]
Stack Trace from: evaluate in class: org.junit.internal.runners.statements.InvokeMethod[on line number: 17 of file: InvokeMethod.java]
Stack Trace from: runLeaf in class: org.junit.runners.ParentRunner[on line number: 271 of file: ParentRunner.java]
Stack Trace from: runChild in class: org.junit.runners.BlockJUnit4ClassRunner[on line number: 70 of file: BlockJUnit4ClassRunner.java]
Stack Trace from: runChild in class: org.junit.runners.BlockJUnit4ClassRunner[on line number: 50 of file: BlockJUnit4ClassRunner.java]
Stack Trace from: run in class: org.junit.runners.ParentRunner$3[on line number: 238 of file: ParentRunner.java]
Stack Trace from: run in class: org.apache.maven.surefire.junitcore.pc.Scheduler$1[on line number: 370 of file: Scheduler.java]
Stack Trace from: call in class: java.util.concurrent.Executors$RunnableAdapter[on line number: 471 of file: Executors.java]
Stack Trace from: run in class: java.util.concurrent.FutureTask[on line number: 262 of file: FutureTask.java]
Stack Trace from: runWorker in class: java.util.concurrent.ThreadPoolExecutor[on line number: 1145 of file: ThreadPoolExecutor.java]
Stack Trace from: run in class: java.util.concurrent.ThreadPoolExecutor$Worker[on line number: 615 of file: ThreadPoolExecutor.java]
Stack Trace from: run in class: java.lang.Thread[on line number: 745 of file: Thread.java]
Matcher matches()---regex: -[^-].*---input: http://example.com---#
Stack Trace from: getStackTrace in class: java.lang.Thread[on line number: 1589 of file: Thread.java]
Stack Trace from: matches in class: java.util.regex.Matcher[on line number: 559 of file: Matcher.java]
Stack Trace from: parseClassicGetOpt in class: io.airlift.command.Parser[on line number: 188 of file: Parser.java]
Stack Trace from: parseOptions in class: io.airlift.command.Parser[on line number: 113 of file: Parser.java]
Stack Trace from: parseCommand in class: io.airlift.command.Parser[on line number: 84 of file: Parser.java]
Stack Trace from: parse in class: io.airlift.command.SingleCommand[on line number: 64 of file: SingleCommand.java]
Stack Trace from: parse in class: io.airlift.command.SingleCommand[on line number: 56 of file: SingleCommand.java]
Stack Trace from: fromArgs in class: com.squareup.okhttp.curl.Main[on line number: 64 of file: Main.java]
Stack Trace from: referer in class: com.squareup.okhttp.curl.MainTest[on line number: 72 of file: MainTest.java]
Stack Trace from: invoke0 in class: sun.reflect.NativeMethodAccessorImpl[on line number: -2 of file: NativeMethodAccessorImpl.java]
Stack Trace from: invoke in class: sun.reflect.NativeMethodAccessorImpl[on line number: 57 of file: NativeMethodAccessorImpl.java]
Stack Trace from: invoke in class: sun.reflect.DelegatingMethodAccessorImpl[on line number: 43 of file: DelegatingMethodAccessorImpl.java]
Stack Trace from: invoke in class: java.lang.reflect.Method[on line number: 606 of file: Method.java]
Stack Trace from: runReflectiveCall in class: org.junit.runners.model.FrameworkMethod$1[on line number: 47 of file: FrameworkMethod.java]
Stack Trace from: run in class: org.junit.internal.runners.model.ReflectiveCallable[on line number: 12 of file: ReflectiveCallable.java]
Stack Trace from: invokeExplosively in class: org.junit.runners.model.FrameworkMethod[on line number: 44 of file: FrameworkMethod.java]
Stack Trace from: evaluate in class: org.junit.internal.runners.statements.InvokeMethod[on line number: 17 of file: InvokeMethod.java]
Stack Trace from: runLeaf in class: org.junit.runners.ParentRunner[on line number: 271 of file: ParentRunner.java]
Stack Trace from: runChild in class: org.junit.runners.BlockJUnit4ClassRunner[on line number: 70 of file: BlockJUnit4ClassRunner.java]
Stack Trace from: runChild in class: org.junit.runners.BlockJUnit4ClassRunner[on line number: 50 of file: BlockJUnit4ClassRunner.java]
Stack Trace from: run in class: org.junit.runners.ParentRunner$3[on line number: 238 of file: ParentRunner.java]
Stack Trace from: run in class: org.apache.maven.surefire.junitcore.pc.Scheduler$1[on line number: 370 of file: Scheduler.java]
Stack Trace from: call in class: java.util.concurrent.Executors$RunnableAdapter[on line number: 471 of file: Executors.java]
Stack Trace from: run in class: java.util.concurrent.FutureTask[on line number: 262 of file: FutureTask.java]
Stack Trace from: runWorker in class: java.util.concurrent.ThreadPoolExecutor[on line number: 1145 of file: ThreadPoolExecutor.java]
Stack Trace from: run in class: java.util.concurrent.ThreadPoolExecutor$Worker[on line number: 615 of file: ThreadPoolExecutor.java]
Stack Trace from: run in class: java.lang.Thread[on line number: 745 of file: Thread.java]
Matcher matches()---regex: -[^-].*---input: http://example.com---#
Stack Trace from: getStackTrace in class: java.lang.Thread[on line number: 1589 of file: Thread.java]
Stack Trace from: matches in class: java.util.regex.Matcher[on line number: 559 of file: Matcher.java]
Stack Trace from: parseClassicGetOpt in class: io.airlift.command.Parser[on line number: 188 of file: Parser.java]
Stack Trace from: parseOptions in class: io.airlift.command.Parser[on line number: 113 of file: Parser.java]
Stack Trace from: parseCommand in class: io.airlift.command.Parser[on line number: 84 of file: Parser.java]
Stack Trace from: parse in class: io.airlift.command.SingleCommand[on line number: 64 of file: SingleCommand.java]
Stack Trace from: parse in class: io.airlift.command.SingleCommand[on line number: 56 of file: SingleCommand.java]
Stack Trace from: fromArgs in class: com.squareup.okhttp.curl.Main[on line number: 64 of file: Main.java]
Stack Trace from: dataPut in class: com.squareup.okhttp.curl.MainTest[on line number: 53 of file: MainTest.java]
Stack Trace from: invoke0 in class: sun.reflect.NativeMethodAccessorImpl[on line number: -2 of file: NativeMethodAccessorImpl.java]
Stack Trace from: invoke in class: sun.reflect.NativeMethodAccessorImpl[on line number: 57 of file: NativeMethodAccessorImpl.java]
Stack Trace from: invoke in class: sun.reflect.DelegatingMethodAccessorImpl[on line number: 43 of file: DelegatingMethodAccessorImpl.java]
Stack Trace from: invoke in class: java.lang.reflect.Method[on line number: 606 of file: Method.java]
Stack Trace from: runReflectiveCall in class: org.junit.runners.model.FrameworkMethod$1[on line number: 47 of file: FrameworkMethod.java]
Stack Trace from: run in class: org.junit.internal.runners.model.ReflectiveCallable[on line number: 12 of file: ReflectiveCallable.java]
Stack Trace from: invokeExplosively in class: org.junit.runners.model.FrameworkMethod[on line number: 44 of file: FrameworkMethod.java]
Stack Trace from: evaluate in class: org.junit.internal.runners.statements.InvokeMethod[on line number: 17 of file: InvokeMethod.java]
Stack Trace from: runLeaf in class: org.junit.runners.ParentRunner[on line number: 271 of file: ParentRunner.java]
Stack Trace from: runChild in class: org.junit.runners.BlockJUnit4ClassRunner[on line number: 70 of file: BlockJUnit4ClassRunner.java]
Stack Trace from: runChild in class: org.junit.runners.BlockJUnit4ClassRunner[on line number: 50 of file: BlockJUnit4ClassRunner.java]
Stack Trace from: run in class: org.junit.runners.ParentRunner$3[on line number: 238 of file: ParentRunner.java]
Stack Trace from: run in class: org.apache.maven.surefire.junitcore.pc.Scheduler$1[on line number: 370 of file: Scheduler.java]
Stack Trace from: call in class: java.util.concurrent.Executors$RunnableAdapter[on line number: 471 of file: Executors.java]
Stack Trace from: run in class: java.util.concurrent.FutureTask[on line number: 262 of file: FutureTask.java]
Stack Trace from: runWorker in class: java.util.concurrent.ThreadPoolExecutor[on line number: 1145 of file: ThreadPoolExecutor.java]
Stack Trace from: run in class: java.util.concurrent.ThreadPoolExecutor$Worker[on line number: 615 of file: ThreadPoolExecutor.java]
Stack Trace from: run in class: java.lang.Thread[on line number: 745 of file: Thread.java]
Matcher matches()---regex: -[^-].*---input: http://example.com---#
Stack Trace from: getStackTrace in class: java.lang.Thread[on line number: 1589 of file: Thread.java]
Stack Trace from: matches in class: java.util.regex.Matcher[on line number: 559 of file: Matcher.java]
Stack Trace from: parseClassicGetOpt in class: io.airlift.command.Parser[on line number: 188 of file: Parser.java]
Stack Trace from: parseOptions in class: io.airlift.command.Parser[on line number: 113 of file: Parser.java]
Stack Trace from: parseCommand in class: io.airlift.command.Parser[on line number: 84 of file: Parser.java]
Stack Trace from: parse in class: io.airlift.command.SingleCommand[on line number: 64 of file: SingleCommand.java]
Stack Trace from: parse in class: io.airlift.command.SingleCommand[on line number: 56 of file: SingleCommand.java]
Stack Trace from: fromArgs in class: com.squareup.okhttp.curl.Main[on line number: 64 of file: Main.java]
Stack Trace from: dataPost in class: com.squareup.okhttp.curl.MainTest[on line number: 44 of file: MainTest.java]
Stack Trace from: invoke0 in class: sun.reflect.NativeMethodAccessorImpl[on line number: -2 of file: NativeMethodAccessorImpl.java]
Stack Trace from: invoke in class: sun.reflect.NativeMethodAccessorImpl[on line number: 57 of file: NativeMethodAccessorImpl.java]
Stack Trace from: invoke in class: sun.reflect.DelegatingMethodAccessorImpl[on line number: 43 of file: DelegatingMethodAccessorImpl.java]
Stack Trace from: invoke in class: java.lang.reflect.Method[on line number: 606 of file: Method.java]
Stack Trace from: runReflectiveCall in class: org.junit.runners.model.FrameworkMethod$1[on line number: 47 of file: FrameworkMethod.java]
Stack Trace from: run in class: org.junit.internal.runners.model.ReflectiveCallable[on line number: 12 of file: ReflectiveCallable.java]
Stack Trace from: invokeExplosively in class: org.junit.runners.model.FrameworkMethod[on line number: 44 of file: FrameworkMethod.java]
Stack Trace from: evaluate in class: org.junit.internal.runners.statements.InvokeMethod[on line number: 17 of file: InvokeMethod.java]
Stack Trace from: runLeaf in class: org.junit.runners.ParentRunner[on line number: 271 of file: ParentRunner.java]
Stack Trace from: runChild in class: org.junit.runners.BlockJUnit4ClassRunner[on line number: 70 of file: BlockJUnit4ClassRunner.java]
Stack Trace from: runChild in class: org.junit.runners.BlockJUnit4ClassRunner[on line number: 50 of file: BlockJUnit4ClassRunner.java]
Stack Trace from: run in class: org.junit.runners.ParentRunner$3[on line number: 238 of file: ParentRunner.java]
Stack Trace from: run in class: org.apache.maven.surefire.junitcore.pc.Scheduler$1[on line number: 370 of file: Scheduler.java]
Stack Trace from: call in class: java.util.concurrent.Executors$RunnableAdapter[on line number: 471 of file: Executors.java]
Stack Trace from: run in class: java.util.concurrent.FutureTask[on line number: 262 of file: FutureTask.java]
Stack Trace from: runWorker in class: java.util.concurrent.ThreadPoolExecutor[on line number: 1145 of file: ThreadPoolExecutor.java]
Stack Trace from: run in class: java.util.concurrent.ThreadPoolExecutor$Worker[on line number: 615 of file: ThreadPoolExecutor.java]
Stack Trace from: run in class: java.lang.Thread[on line number: 745 of file: Thread.java]
Matcher matches()---regex: -[^-].*---input: http://example.com---#
Stack Trace from: getStackTrace in class: java.lang.Thread[on line number: 1589 of file: Thread.java]
Stack Trace from: matches in class: java.util.regex.Matcher[on line number: 559 of file: Matcher.java]
Stack Trace from: methodAndClassNamePatternGroupOrDefault in class: org.junit.runner.Description[on line number: 307 of file: Description.java]
Stack Trace from: getClassName in class: org.junit.runner.Description[on line number: 293 of file: Description.java]
Stack Trace from: getTestClass in class: org.junit.runner.Description[on line number: 276 of file: Description.java]
Stack Trace from: createReportEntry in class: org.apache.maven.surefire.junitcore.TestSet[on line number: 114 of file: TestSet.java]
Stack Trace from: replay in class: org.apache.maven.surefire.junitcore.TestSet[on line number: 74 of file: TestSet.java]
Stack Trace from: testSetCompleted in class: org.apache.maven.surefire.junitcore.ConcurrentRunListener[on line number: 82 of file: ConcurrentRunListener.java]
Stack Trace from: testRunFinished in class: org.apache.maven.surefire.junitcore.JUnitCoreRunListener[on line number: 73 of file: JUnitCoreRunListener.java]
Stack Trace from: notifyListener in class: org.junit.runner.notification.RunNotifier$2[on line number: 95 of file: RunNotifier.java]
Stack Trace from: run in class: org.junit.runner.notification.RunNotifier$SafeNotifier[on line number: 61 of file: RunNotifier.java]
Stack Trace from: fireTestRunFinished in class: org.junit.runner.notification.RunNotifier[on line number: 92 of file: RunNotifier.java]
Stack Trace from: run in class: org.junit.runner.JUnitCore[on line number: 161 of file: JUnitCore.java]
Stack Trace from: run in class: org.junit.runner.JUnitCore[on line number: 138 of file: JUnitCore.java]
Stack Trace from: createRequestAndRun in class: org.apache.maven.surefire.junitcore.JUnitCoreWrapper[on line number: 107 of file: JUnitCoreWrapper.java]
Stack Trace from: executeEager in class: org.apache.maven.surefire.junitcore.JUnitCoreWrapper[on line number: 77 of file: JUnitCoreWrapper.java]
Stack Trace from: execute in class: org.apache.maven.surefire.junitcore.JUnitCoreWrapper[on line number: 53 of file: JUnitCoreWrapper.java]
Stack Trace from: invoke in class: org.apache.maven.surefire.junitcore.JUnitCoreProvider[on line number: 144 of file: JUnitCoreProvider.java]
Stack Trace from: invokeProviderInSameClassLoader in class: org.apache.maven.surefire.booter.ForkedBooter[on line number: 203 of file: ForkedBooter.java]
Stack Trace from: runSuitesInProcess in class: org.apache.maven.surefire.booter.ForkedBooter[on line number: 155 of file: ForkedBooter.java]
Stack Trace from: main in class: org.apache.maven.surefire.booter.ForkedBooter[on line number: 103 of file: ForkedBooter.java]
Matcher matches()---regex: (.*)\((.*)\)---input: com.squareup.okhttp.curl.MainTest---#
