Stack Trace from: getStackTrace in class: java.lang.Thread[on line number: 1589 of file: Thread.java]
Stack Trace from: matches in class: java.util.regex.Matcher[on line number: 559 of file: Matcher.java]
Stack Trace from: methodAndClassNamePatternGroupOrDefault in class: org.junit.runner.Description[on line number: 307 of file: Description.java]
Stack Trace from: getMethodName in class: org.junit.runner.Description[on line number: 301 of file: Description.java]
Stack Trace from: shouldRun in class: org.apache.maven.surefire.common.junit48.FilterFactory$GroupMatcherCategoryFilter[on line number: 230 of file: FilterFactory.java]
Stack Trace from: shouldRun in class: org.junit.runners.ParentRunner[on line number: 373 of file: ParentRunner.java]
Stack Trace from: filter in class: org.junit.runners.ParentRunner[on line number: 326 of file: ParentRunner.java]
Stack Trace from: apply in class: org.junit.runner.manipulation.Filter[on line number: 97 of file: Filter.java]
Stack Trace from: <init> in class: org.apache.maven.surefire.junitcore.JUnitCoreWrapper$FilteringRequest[on line number: 138 of file: JUnitCoreWrapper.java]
Stack Trace from: createRequestAndRun in class: org.apache.maven.surefire.junitcore.JUnitCoreWrapper[on line number: 99 of file: JUnitCoreWrapper.java]
Stack Trace from: executeEager in class: org.apache.maven.surefire.junitcore.JUnitCoreWrapper[on line number: 77 of file: JUnitCoreWrapper.java]
Stack Trace from: execute in class: org.apache.maven.surefire.junitcore.JUnitCoreWrapper[on line number: 53 of file: JUnitCoreWrapper.java]
Stack Trace from: invoke in class: org.apache.maven.surefire.junitcore.JUnitCoreProvider[on line number: 144 of file: JUnitCoreProvider.java]
Stack Trace from: invokeProviderInSameClassLoader in class: org.apache.maven.surefire.booter.ForkedBooter[on line number: 203 of file: ForkedBooter.java]
Stack Trace from: runSuitesInProcess in class: org.apache.maven.surefire.booter.ForkedBooter[on line number: 155 of file: ForkedBooter.java]
Stack Trace from: main in class: org.apache.maven.surefire.booter.ForkedBooter[on line number: 103 of file: ForkedBooter.java]
Matcher matches()---regex: (.*)\((.*)\)---input: null---#
Stack Trace from: getStackTrace in class: java.lang.Thread[on line number: 1589 of file: Thread.java]
Stack Trace from: matches in class: java.util.regex.Matcher[on line number: 559 of file: Matcher.java]
Stack Trace from: methodAndClassNamePatternGroupOrDefault in class: org.junit.runner.Description[on line number: 307 of file: Description.java]
Stack Trace from: getMethodName in class: org.junit.runner.Description[on line number: 301 of file: Description.java]
Stack Trace from: shouldRun in class: org.apache.maven.surefire.common.junit48.FilterFactory$GroupMatcherCategoryFilter[on line number: 230 of file: FilterFactory.java]
Stack Trace from: shouldRun in class: org.junit.runners.ParentRunner[on line number: 373 of file: ParentRunner.java]
Stack Trace from: filter in class: org.junit.runners.ParentRunner[on line number: 326 of file: ParentRunner.java]
Stack Trace from: apply in class: org.junit.runner.manipulation.Filter[on line number: 97 of file: Filter.java]
Stack Trace from: filter in class: org.junit.runners.ParentRunner[on line number: 328 of file: ParentRunner.java]
Stack Trace from: apply in class: org.junit.runner.manipulation.Filter[on line number: 97 of file: Filter.java]
Stack Trace from: <init> in class: org.apache.maven.surefire.junitcore.JUnitCoreWrapper$FilteringRequest[on line number: 138 of file: JUnitCoreWrapper.java]
Stack Trace from: createRequestAndRun in class: org.apache.maven.surefire.junitcore.JUnitCoreWrapper[on line number: 99 of file: JUnitCoreWrapper.java]
Stack Trace from: executeEager in class: org.apache.maven.surefire.junitcore.JUnitCoreWrapper[on line number: 77 of file: JUnitCoreWrapper.java]
Stack Trace from: execute in class: org.apache.maven.surefire.junitcore.JUnitCoreWrapper[on line number: 53 of file: JUnitCoreWrapper.java]
Stack Trace from: invoke in class: org.apache.maven.surefire.junitcore.JUnitCoreProvider[on line number: 144 of file: JUnitCoreProvider.java]
Stack Trace from: invokeProviderInSameClassLoader in class: org.apache.maven.surefire.booter.ForkedBooter[on line number: 203 of file: ForkedBooter.java]
Stack Trace from: runSuitesInProcess in class: org.apache.maven.surefire.booter.ForkedBooter[on line number: 155 of file: ForkedBooter.java]
Stack Trace from: main in class: org.apache.maven.surefire.booter.ForkedBooter[on line number: 103 of file: ForkedBooter.java]
Matcher matches()---regex: (.*)\((.*)\)---input: com.squareup.okhttp.apache.OkApacheClientTest---#
Stack Trace from: getStackTrace in class: java.lang.Thread[on line number: 1589 of file: Thread.java]
Stack Trace from: matches in class: java.util.regex.Matcher[on line number: 559 of file: Matcher.java]
Stack Trace from: methodAndClassNamePatternGroupOrDefault in class: org.junit.runner.Description[on line number: 307 of file: Description.java]
Stack Trace from: getMethodName in class: org.junit.runner.Description[on line number: 301 of file: Description.java]
Stack Trace from: shouldRun in class: org.apache.maven.surefire.common.junit48.FilterFactory$GroupMatcherCategoryFilter[on line number: 230 of file: FilterFactory.java]
Stack Trace from: shouldRun in class: org.junit.runners.ParentRunner[on line number: 373 of file: ParentRunner.java]
Stack Trace from: filter in class: org.junit.runners.ParentRunner[on line number: 326 of file: ParentRunner.java]
Stack Trace from: apply in class: org.junit.runner.manipulation.Filter[on line number: 97 of file: Filter.java]
Stack Trace from: filter in class: org.junit.runners.ParentRunner[on line number: 328 of file: ParentRunner.java]
Stack Trace from: apply in class: org.junit.runner.manipulation.Filter[on line number: 97 of file: Filter.java]
Stack Trace from: filter in class: org.junit.runners.ParentRunner[on line number: 328 of file: ParentRunner.java]
Stack Trace from: apply in class: org.junit.runner.manipulation.Filter[on line number: 97 of file: Filter.java]
Stack Trace from: <init> in class: org.apache.maven.surefire.junitcore.JUnitCoreWrapper$FilteringRequest[on line number: 138 of file: JUnitCoreWrapper.java]
Stack Trace from: createRequestAndRun in class: org.apache.maven.surefire.junitcore.JUnitCoreWrapper[on line number: 99 of file: JUnitCoreWrapper.java]
Stack Trace from: executeEager in class: org.apache.maven.surefire.junitcore.JUnitCoreWrapper[on line number: 77 of file: JUnitCoreWrapper.java]
Stack Trace from: execute in class: org.apache.maven.surefire.junitcore.JUnitCoreWrapper[on line number: 53 of file: JUnitCoreWrapper.java]
Stack Trace from: invoke in class: org.apache.maven.surefire.junitcore.JUnitCoreProvider[on line number: 144 of file: JUnitCoreProvider.java]
Stack Trace from: invokeProviderInSameClassLoader in class: org.apache.maven.surefire.booter.ForkedBooter[on line number: 203 of file: ForkedBooter.java]
Stack Trace from: runSuitesInProcess in class: org.apache.maven.surefire.booter.ForkedBooter[on line number: 155 of file: ForkedBooter.java]
Stack Trace from: main in class: org.apache.maven.surefire.booter.ForkedBooter[on line number: 103 of file: ForkedBooter.java]
Matcher matches()---regex: (.*)\((.*)\)---input: postInputStreamEntity(com.squareup.okhttp.apache.OkApacheClientTest)---#
Stack Trace from: getStackTrace in class: java.lang.Thread[on line number: 1589 of file: Thread.java]
Stack Trace from: matches in class: java.util.regex.Matcher[on line number: 559 of file: Matcher.java]
Stack Trace from: methodAndClassNamePatternGroupOrDefault in class: org.junit.runner.Description[on line number: 307 of file: Description.java]
Stack Trace from: getMethodName in class: org.junit.runner.Description[on line number: 301 of file: Description.java]
Stack Trace from: shouldRun in class: org.apache.maven.surefire.common.junit48.FilterFactory$GroupMatcherCategoryFilter[on line number: 230 of file: FilterFactory.java]
Stack Trace from: shouldRun in class: org.junit.runners.ParentRunner[on line number: 373 of file: ParentRunner.java]
Stack Trace from: filter in class: org.junit.runners.ParentRunner[on line number: 326 of file: ParentRunner.java]
Stack Trace from: apply in class: org.junit.runner.manipulation.Filter[on line number: 97 of file: Filter.java]
Stack Trace from: filter in class: org.junit.runners.ParentRunner[on line number: 328 of file: ParentRunner.java]
Stack Trace from: apply in class: org.junit.runner.manipulation.Filter[on line number: 97 of file: Filter.java]
Stack Trace from: filter in class: org.junit.runners.ParentRunner[on line number: 328 of file: ParentRunner.java]
Stack Trace from: apply in class: org.junit.runner.manipulation.Filter[on line number: 97 of file: Filter.java]
Stack Trace from: <init> in class: org.apache.maven.surefire.junitcore.JUnitCoreWrapper$FilteringRequest[on line number: 138 of file: JUnitCoreWrapper.java]
Stack Trace from: createRequestAndRun in class: org.apache.maven.surefire.junitcore.JUnitCoreWrapper[on line number: 99 of file: JUnitCoreWrapper.java]
Stack Trace from: executeEager in class: org.apache.maven.surefire.junitcore.JUnitCoreWrapper[on line number: 77 of file: JUnitCoreWrapper.java]
Stack Trace from: execute in class: org.apache.maven.surefire.junitcore.JUnitCoreWrapper[on line number: 53 of file: JUnitCoreWrapper.java]
Stack Trace from: invoke in class: org.apache.maven.surefire.junitcore.JUnitCoreProvider[on line number: 144 of file: JUnitCoreProvider.java]
Stack Trace from: invokeProviderInSameClassLoader in class: org.apache.maven.surefire.booter.ForkedBooter[on line number: 203 of file: ForkedBooter.java]
Stack Trace from: runSuitesInProcess in class: org.apache.maven.surefire.booter.ForkedBooter[on line number: 155 of file: ForkedBooter.java]
Stack Trace from: main in class: org.apache.maven.surefire.booter.ForkedBooter[on line number: 103 of file: ForkedBooter.java]
Matcher matches()---regex: (.*)\((.*)\)---input: success(com.squareup.okhttp.apache.OkApacheClientTest)---#
Stack Trace from: getStackTrace in class: java.lang.Thread[on line number: 1589 of file: Thread.java]
Stack Trace from: matches in class: java.util.regex.Matcher[on line number: 559 of file: Matcher.java]
Stack Trace from: methodAndClassNamePatternGroupOrDefault in class: org.junit.runner.Description[on line number: 307 of file: Description.java]
Stack Trace from: getMethodName in class: org.junit.runner.Description[on line number: 301 of file: Description.java]
Stack Trace from: shouldRun in class: org.apache.maven.surefire.common.junit48.FilterFactory$GroupMatcherCategoryFilter[on line number: 230 of file: FilterFactory.java]
Stack Trace from: shouldRun in class: org.junit.runners.ParentRunner[on line number: 373 of file: ParentRunner.java]
Stack Trace from: filter in class: org.junit.runners.ParentRunner[on line number: 326 of file: ParentRunner.java]
Stack Trace from: apply in class: org.junit.runner.manipulation.Filter[on line number: 97 of file: Filter.java]
Stack Trace from: filter in class: org.junit.runners.ParentRunner[on line number: 328 of file: ParentRunner.java]
Stack Trace from: apply in class: org.junit.runner.manipulation.Filter[on line number: 97 of file: Filter.java]
Stack Trace from: filter in class: org.junit.runners.ParentRunner[on line number: 328 of file: ParentRunner.java]
Stack Trace from: apply in class: org.junit.runner.manipulation.Filter[on line number: 97 of file: Filter.java]
Stack Trace from: <init> in class: org.apache.maven.surefire.junitcore.JUnitCoreWrapper$FilteringRequest[on line number: 138 of file: JUnitCoreWrapper.java]
Stack Trace from: createRequestAndRun in class: org.apache.maven.surefire.junitcore.JUnitCoreWrapper[on line number: 99 of file: JUnitCoreWrapper.java]
Stack Trace from: executeEager in class: org.apache.maven.surefire.junitcore.JUnitCoreWrapper[on line number: 77 of file: JUnitCoreWrapper.java]
Stack Trace from: execute in class: org.apache.maven.surefire.junitcore.JUnitCoreWrapper[on line number: 53 of file: JUnitCoreWrapper.java]
Stack Trace from: invoke in class: org.apache.maven.surefire.junitcore.JUnitCoreProvider[on line number: 144 of file: JUnitCoreProvider.java]
Stack Trace from: invokeProviderInSameClassLoader in class: org.apache.maven.surefire.booter.ForkedBooter[on line number: 203 of file: ForkedBooter.java]
Stack Trace from: runSuitesInProcess in class: org.apache.maven.surefire.booter.ForkedBooter[on line number: 155 of file: ForkedBooter.java]
Stack Trace from: main in class: org.apache.maven.surefire.booter.ForkedBooter[on line number: 103 of file: ForkedBooter.java]
Matcher matches()---regex: (.*)\((.*)\)---input: postByteEntity(com.squareup.okhttp.apache.OkApacheClientTest)---#
Stack Trace from: getStackTrace in class: java.lang.Thread[on line number: 1589 of file: Thread.java]
Stack Trace from: matches in class: java.util.regex.Matcher[on line number: 559 of file: Matcher.java]
Stack Trace from: methodAndClassNamePatternGroupOrDefault in class: org.junit.runner.Description[on line number: 307 of file: Description.java]
Stack Trace from: getMethodName in class: org.junit.runner.Description[on line number: 301 of file: Description.java]
Stack Trace from: shouldRun in class: org.apache.maven.surefire.common.junit48.FilterFactory$GroupMatcherCategoryFilter[on line number: 230 of file: FilterFactory.java]
Stack Trace from: shouldRun in class: org.junit.runners.ParentRunner[on line number: 373 of file: ParentRunner.java]
Stack Trace from: filter in class: org.junit.runners.ParentRunner[on line number: 326 of file: ParentRunner.java]
Stack Trace from: apply in class: org.junit.runner.manipulation.Filter[on line number: 97 of file: Filter.java]
Stack Trace from: filter in class: org.junit.runners.ParentRunner[on line number: 328 of file: ParentRunner.java]
Stack Trace from: apply in class: org.junit.runner.manipulation.Filter[on line number: 97 of file: Filter.java]
Stack Trace from: filter in class: org.junit.runners.ParentRunner[on line number: 328 of file: ParentRunner.java]
Stack Trace from: apply in class: org.junit.runner.manipulation.Filter[on line number: 97 of file: Filter.java]
Stack Trace from: <init> in class: org.apache.maven.surefire.junitcore.JUnitCoreWrapper$FilteringRequest[on line number: 138 of file: JUnitCoreWrapper.java]
Stack Trace from: createRequestAndRun in class: org.apache.maven.surefire.junitcore.JUnitCoreWrapper[on line number: 99 of file: JUnitCoreWrapper.java]
Stack Trace from: executeEager in class: org.apache.maven.surefire.junitcore.JUnitCoreWrapper[on line number: 77 of file: JUnitCoreWrapper.java]
Stack Trace from: execute in class: org.apache.maven.surefire.junitcore.JUnitCoreWrapper[on line number: 53 of file: JUnitCoreWrapper.java]
Stack Trace from: invoke in class: org.apache.maven.surefire.junitcore.JUnitCoreProvider[on line number: 144 of file: JUnitCoreProvider.java]
Stack Trace from: invokeProviderInSameClassLoader in class: org.apache.maven.surefire.booter.ForkedBooter[on line number: 203 of file: ForkedBooter.java]
Stack Trace from: runSuitesInProcess in class: org.apache.maven.surefire.booter.ForkedBooter[on line number: 155 of file: ForkedBooter.java]
Stack Trace from: main in class: org.apache.maven.surefire.booter.ForkedBooter[on line number: 103 of file: ForkedBooter.java]
Matcher matches()---regex: (.*)\((.*)\)---input: jsonTransparentGzipResponse(com.squareup.okhttp.apache.OkApacheClientTest)---#
Stack Trace from: getStackTrace in class: java.lang.Thread[on line number: 1589 of file: Thread.java]
Stack Trace from: matches in class: java.util.regex.Matcher[on line number: 559 of file: Matcher.java]
Stack Trace from: methodAndClassNamePatternGroupOrDefault in class: org.junit.runner.Description[on line number: 307 of file: Description.java]
Stack Trace from: getMethodName in class: org.junit.runner.Description[on line number: 301 of file: Description.java]
Stack Trace from: shouldRun in class: org.apache.maven.surefire.common.junit48.FilterFactory$GroupMatcherCategoryFilter[on line number: 230 of file: FilterFactory.java]
Stack Trace from: shouldRun in class: org.junit.runners.ParentRunner[on line number: 373 of file: ParentRunner.java]
Stack Trace from: filter in class: org.junit.runners.ParentRunner[on line number: 326 of file: ParentRunner.java]
Stack Trace from: apply in class: org.junit.runner.manipulation.Filter[on line number: 97 of file: Filter.java]
Stack Trace from: filter in class: org.junit.runners.ParentRunner[on line number: 328 of file: ParentRunner.java]
Stack Trace from: apply in class: org.junit.runner.manipulation.Filter[on line number: 97 of file: Filter.java]
Stack Trace from: filter in class: org.junit.runners.ParentRunner[on line number: 328 of file: ParentRunner.java]
Stack Trace from: apply in class: org.junit.runner.manipulation.Filter[on line number: 97 of file: Filter.java]
Stack Trace from: <init> in class: org.apache.maven.surefire.junitcore.JUnitCoreWrapper$FilteringRequest[on line number: 138 of file: JUnitCoreWrapper.java]
Stack Trace from: createRequestAndRun in class: org.apache.maven.surefire.junitcore.JUnitCoreWrapper[on line number: 99 of file: JUnitCoreWrapper.java]
Stack Trace from: executeEager in class: org.apache.maven.surefire.junitcore.JUnitCoreWrapper[on line number: 77 of file: JUnitCoreWrapper.java]
Stack Trace from: execute in class: org.apache.maven.surefire.junitcore.JUnitCoreWrapper[on line number: 53 of file: JUnitCoreWrapper.java]
Stack Trace from: invoke in class: org.apache.maven.surefire.junitcore.JUnitCoreProvider[on line number: 144 of file: JUnitCoreProvider.java]
Stack Trace from: invokeProviderInSameClassLoader in class: org.apache.maven.surefire.booter.ForkedBooter[on line number: 203 of file: ForkedBooter.java]
Stack Trace from: runSuitesInProcess in class: org.apache.maven.surefire.booter.ForkedBooter[on line number: 155 of file: ForkedBooter.java]
Stack Trace from: main in class: org.apache.maven.surefire.booter.ForkedBooter[on line number: 103 of file: ForkedBooter.java]
Matcher matches()---regex: (.*)\((.*)\)---input: redirect(com.squareup.okhttp.apache.OkApacheClientTest)---#
Stack Trace from: getStackTrace in class: java.lang.Thread[on line number: 1589 of file: Thread.java]
Stack Trace from: matches in class: java.util.regex.Matcher[on line number: 559 of file: Matcher.java]
Stack Trace from: methodAndClassNamePatternGroupOrDefault in class: org.junit.runner.Description[on line number: 307 of file: Description.java]
Stack Trace from: getMethodName in class: org.junit.runner.Description[on line number: 301 of file: Description.java]
Stack Trace from: shouldRun in class: org.apache.maven.surefire.common.junit48.FilterFactory$GroupMatcherCategoryFilter[on line number: 230 of file: FilterFactory.java]
Stack Trace from: shouldRun in class: org.junit.runners.ParentRunner[on line number: 373 of file: ParentRunner.java]
Stack Trace from: filter in class: org.junit.runners.ParentRunner[on line number: 326 of file: ParentRunner.java]
Stack Trace from: apply in class: org.junit.runner.manipulation.Filter[on line number: 97 of file: Filter.java]
Stack Trace from: filter in class: org.junit.runners.ParentRunner[on line number: 328 of file: ParentRunner.java]
Stack Trace from: apply in class: org.junit.runner.manipulation.Filter[on line number: 97 of file: Filter.java]
Stack Trace from: filter in class: org.junit.runners.ParentRunner[on line number: 328 of file: ParentRunner.java]
Stack Trace from: apply in class: org.junit.runner.manipulation.Filter[on line number: 97 of file: Filter.java]
Stack Trace from: <init> in class: org.apache.maven.surefire.junitcore.JUnitCoreWrapper$FilteringRequest[on line number: 138 of file: JUnitCoreWrapper.java]
Stack Trace from: createRequestAndRun in class: org.apache.maven.surefire.junitcore.JUnitCoreWrapper[on line number: 99 of file: JUnitCoreWrapper.java]
Stack Trace from: executeEager in class: org.apache.maven.surefire.junitcore.JUnitCoreWrapper[on line number: 77 of file: JUnitCoreWrapper.java]
Stack Trace from: execute in class: org.apache.maven.surefire.junitcore.JUnitCoreWrapper[on line number: 53 of file: JUnitCoreWrapper.java]
Stack Trace from: invoke in class: org.apache.maven.surefire.junitcore.JUnitCoreProvider[on line number: 144 of file: JUnitCoreProvider.java]
Stack Trace from: invokeProviderInSameClassLoader in class: org.apache.maven.surefire.booter.ForkedBooter[on line number: 203 of file: ForkedBooter.java]
Stack Trace from: runSuitesInProcess in class: org.apache.maven.surefire.booter.ForkedBooter[on line number: 155 of file: ForkedBooter.java]
Stack Trace from: main in class: org.apache.maven.surefire.booter.ForkedBooter[on line number: 103 of file: ForkedBooter.java]
Matcher matches()---regex: (.*)\((.*)\)---input: postOverrideContentType(com.squareup.okhttp.apache.OkApacheClientTest)---#
Stack Trace from: getStackTrace in class: java.lang.Thread[on line number: 1589 of file: Thread.java]
Stack Trace from: matches in class: java.util.regex.Matcher[on line number: 559 of file: Matcher.java]
Stack Trace from: methodAndClassNamePatternGroupOrDefault in class: org.junit.runner.Description[on line number: 307 of file: Description.java]
Stack Trace from: getMethodName in class: org.junit.runner.Description[on line number: 301 of file: Description.java]
Stack Trace from: shouldRun in class: org.apache.maven.surefire.common.junit48.FilterFactory$GroupMatcherCategoryFilter[on line number: 230 of file: FilterFactory.java]
Stack Trace from: shouldRun in class: org.junit.runners.ParentRunner[on line number: 373 of file: ParentRunner.java]
Stack Trace from: filter in class: org.junit.runners.ParentRunner[on line number: 326 of file: ParentRunner.java]
Stack Trace from: apply in class: org.junit.runner.manipulation.Filter[on line number: 97 of file: Filter.java]
Stack Trace from: filter in class: org.junit.runners.ParentRunner[on line number: 328 of file: ParentRunner.java]
Stack Trace from: apply in class: org.junit.runner.manipulation.Filter[on line number: 97 of file: Filter.java]
Stack Trace from: filter in class: org.junit.runners.ParentRunner[on line number: 328 of file: ParentRunner.java]
Stack Trace from: apply in class: org.junit.runner.manipulation.Filter[on line number: 97 of file: Filter.java]
Stack Trace from: <init> in class: org.apache.maven.surefire.junitcore.JUnitCoreWrapper$FilteringRequest[on line number: 138 of file: JUnitCoreWrapper.java]
Stack Trace from: createRequestAndRun in class: org.apache.maven.surefire.junitcore.JUnitCoreWrapper[on line number: 99 of file: JUnitCoreWrapper.java]
Stack Trace from: executeEager in class: org.apache.maven.surefire.junitcore.JUnitCoreWrapper[on line number: 77 of file: JUnitCoreWrapper.java]
Stack Trace from: execute in class: org.apache.maven.surefire.junitcore.JUnitCoreWrapper[on line number: 53 of file: JUnitCoreWrapper.java]
Stack Trace from: invoke in class: org.apache.maven.surefire.junitcore.JUnitCoreProvider[on line number: 144 of file: JUnitCoreProvider.java]
Stack Trace from: invokeProviderInSameClassLoader in class: org.apache.maven.surefire.booter.ForkedBooter[on line number: 203 of file: ForkedBooter.java]
Stack Trace from: runSuitesInProcess in class: org.apache.maven.surefire.booter.ForkedBooter[on line number: 155 of file: ForkedBooter.java]
Stack Trace from: main in class: org.apache.maven.surefire.booter.ForkedBooter[on line number: 103 of file: ForkedBooter.java]
Matcher matches()---regex: (.*)\((.*)\)---input: contentType(com.squareup.okhttp.apache.OkApacheClientTest)---#
Stack Trace from: getStackTrace in class: java.lang.Thread[on line number: 1589 of file: Thread.java]
Stack Trace from: matches in class: java.util.regex.Matcher[on line number: 559 of file: Matcher.java]
Stack Trace from: methodAndClassNamePatternGroupOrDefault in class: org.junit.runner.Description[on line number: 307 of file: Description.java]
Stack Trace from: getMethodName in class: org.junit.runner.Description[on line number: 301 of file: Description.java]
Stack Trace from: shouldRun in class: org.apache.maven.surefire.common.junit48.FilterFactory$GroupMatcherCategoryFilter[on line number: 230 of file: FilterFactory.java]
Stack Trace from: shouldRun in class: org.junit.runners.ParentRunner[on line number: 373 of file: ParentRunner.java]
Stack Trace from: filter in class: org.junit.runners.ParentRunner[on line number: 326 of file: ParentRunner.java]
Stack Trace from: apply in class: org.junit.runner.manipulation.Filter[on line number: 97 of file: Filter.java]
Stack Trace from: filter in class: org.junit.runners.ParentRunner[on line number: 328 of file: ParentRunner.java]
Stack Trace from: apply in class: org.junit.runner.manipulation.Filter[on line number: 97 of file: Filter.java]
Stack Trace from: filter in class: org.junit.runners.ParentRunner[on line number: 328 of file: ParentRunner.java]
Stack Trace from: apply in class: org.junit.runner.manipulation.Filter[on line number: 97 of file: Filter.java]
Stack Trace from: <init> in class: org.apache.maven.surefire.junitcore.JUnitCoreWrapper$FilteringRequest[on line number: 138 of file: JUnitCoreWrapper.java]
Stack Trace from: createRequestAndRun in class: org.apache.maven.surefire.junitcore.JUnitCoreWrapper[on line number: 99 of file: JUnitCoreWrapper.java]
Stack Trace from: executeEager in class: org.apache.maven.surefire.junitcore.JUnitCoreWrapper[on line number: 77 of file: JUnitCoreWrapper.java]
Stack Trace from: execute in class: org.apache.maven.surefire.junitcore.JUnitCoreWrapper[on line number: 53 of file: JUnitCoreWrapper.java]
Stack Trace from: invoke in class: org.apache.maven.surefire.junitcore.JUnitCoreProvider[on line number: 144 of file: JUnitCoreProvider.java]
Stack Trace from: invokeProviderInSameClassLoader in class: org.apache.maven.surefire.booter.ForkedBooter[on line number: 203 of file: ForkedBooter.java]
Stack Trace from: runSuitesInProcess in class: org.apache.maven.surefire.booter.ForkedBooter[on line number: 155 of file: ForkedBooter.java]
Stack Trace from: main in class: org.apache.maven.surefire.booter.ForkedBooter[on line number: 103 of file: ForkedBooter.java]
Matcher matches()---regex: (.*)\((.*)\)---input: contentEncoding(com.squareup.okhttp.apache.OkApacheClientTest)---#
Stack Trace from: getStackTrace in class: java.lang.Thread[on line number: 1589 of file: Thread.java]
Stack Trace from: matches in class: java.util.regex.Matcher[on line number: 559 of file: Matcher.java]
Stack Trace from: methodAndClassNamePatternGroupOrDefault in class: org.junit.runner.Description[on line number: 307 of file: Description.java]
Stack Trace from: getMethodName in class: org.junit.runner.Description[on line number: 301 of file: Description.java]
Stack Trace from: shouldRun in class: org.apache.maven.surefire.common.junit48.FilterFactory$GroupMatcherCategoryFilter[on line number: 230 of file: FilterFactory.java]
Stack Trace from: shouldRun in class: org.junit.runners.ParentRunner[on line number: 373 of file: ParentRunner.java]
Stack Trace from: filter in class: org.junit.runners.ParentRunner[on line number: 326 of file: ParentRunner.java]
Stack Trace from: apply in class: org.junit.runner.manipulation.Filter[on line number: 97 of file: Filter.java]
Stack Trace from: filter in class: org.junit.runners.ParentRunner[on line number: 328 of file: ParentRunner.java]
Stack Trace from: apply in class: org.junit.runner.manipulation.Filter[on line number: 97 of file: Filter.java]
Stack Trace from: filter in class: org.junit.runners.ParentRunner[on line number: 328 of file: ParentRunner.java]
Stack Trace from: apply in class: org.junit.runner.manipulation.Filter[on line number: 97 of file: Filter.java]
Stack Trace from: <init> in class: org.apache.maven.surefire.junitcore.JUnitCoreWrapper$FilteringRequest[on line number: 138 of file: JUnitCoreWrapper.java]
Stack Trace from: createRequestAndRun in class: org.apache.maven.surefire.junitcore.JUnitCoreWrapper[on line number: 99 of file: JUnitCoreWrapper.java]
Stack Trace from: executeEager in class: org.apache.maven.surefire.junitcore.JUnitCoreWrapper[on line number: 77 of file: JUnitCoreWrapper.java]
Stack Trace from: execute in class: org.apache.maven.surefire.junitcore.JUnitCoreWrapper[on line number: 53 of file: JUnitCoreWrapper.java]
Stack Trace from: invoke in class: org.apache.maven.surefire.junitcore.JUnitCoreProvider[on line number: 144 of file: JUnitCoreProvider.java]
Stack Trace from: invokeProviderInSameClassLoader in class: org.apache.maven.surefire.booter.ForkedBooter[on line number: 203 of file: ForkedBooter.java]
Stack Trace from: runSuitesInProcess in class: org.apache.maven.surefire.booter.ForkedBooter[on line number: 155 of file: ForkedBooter.java]
Stack Trace from: main in class: org.apache.maven.surefire.booter.ForkedBooter[on line number: 103 of file: ForkedBooter.java]
Matcher matches()---regex: (.*)\((.*)\)---input: sessionExpired(com.squareup.okhttp.apache.OkApacheClientTest)---#
Stack Trace from: getStackTrace in class: java.lang.Thread[on line number: 1589 of file: Thread.java]
Stack Trace from: matches in class: java.util.regex.Matcher[on line number: 559 of file: Matcher.java]
Stack Trace from: methodAndClassNamePatternGroupOrDefault in class: org.junit.runner.Description[on line number: 307 of file: Description.java]
Stack Trace from: getMethodName in class: org.junit.runner.Description[on line number: 301 of file: Description.java]
Stack Trace from: shouldRun in class: org.apache.maven.surefire.common.junit48.FilterFactory$GroupMatcherCategoryFilter[on line number: 230 of file: FilterFactory.java]
Stack Trace from: shouldRun in class: org.junit.runners.ParentRunner[on line number: 373 of file: ParentRunner.java]
Stack Trace from: filter in class: org.junit.runners.ParentRunner[on line number: 326 of file: ParentRunner.java]
Stack Trace from: apply in class: org.junit.runner.manipulation.Filter[on line number: 97 of file: Filter.java]
Stack Trace from: filter in class: org.junit.runners.ParentRunner[on line number: 328 of file: ParentRunner.java]
Stack Trace from: apply in class: org.junit.runner.manipulation.Filter[on line number: 97 of file: Filter.java]
Stack Trace from: filter in class: org.junit.runners.ParentRunner[on line number: 328 of file: ParentRunner.java]
Stack Trace from: apply in class: org.junit.runner.manipulation.Filter[on line number: 97 of file: Filter.java]
Stack Trace from: <init> in class: org.apache.maven.surefire.junitcore.JUnitCoreWrapper$FilteringRequest[on line number: 138 of file: JUnitCoreWrapper.java]
Stack Trace from: createRequestAndRun in class: org.apache.maven.surefire.junitcore.JUnitCoreWrapper[on line number: 99 of file: JUnitCoreWrapper.java]
Stack Trace from: executeEager in class: org.apache.maven.surefire.junitcore.JUnitCoreWrapper[on line number: 77 of file: JUnitCoreWrapper.java]
Stack Trace from: execute in class: org.apache.maven.surefire.junitcore.JUnitCoreWrapper[on line number: 53 of file: JUnitCoreWrapper.java]
Stack Trace from: invoke in class: org.apache.maven.surefire.junitcore.JUnitCoreProvider[on line number: 144 of file: JUnitCoreProvider.java]
Stack Trace from: invokeProviderInSameClassLoader in class: org.apache.maven.surefire.booter.ForkedBooter[on line number: 203 of file: ForkedBooter.java]
Stack Trace from: runSuitesInProcess in class: org.apache.maven.surefire.booter.ForkedBooter[on line number: 155 of file: ForkedBooter.java]
Stack Trace from: main in class: org.apache.maven.surefire.booter.ForkedBooter[on line number: 103 of file: ForkedBooter.java]
Matcher matches()---regex: (.*)\((.*)\)---input: headers(com.squareup.okhttp.apache.OkApacheClientTest)---#
Stack Trace from: getStackTrace in class: java.lang.Thread[on line number: 1589 of file: Thread.java]
Stack Trace from: matches in class: java.util.regex.Matcher[on line number: 559 of file: Matcher.java]
Stack Trace from: methodAndClassNamePatternGroupOrDefault in class: org.junit.runner.Description[on line number: 307 of file: Description.java]
Stack Trace from: getMethodName in class: org.junit.runner.Description[on line number: 301 of file: Description.java]
Stack Trace from: shouldRun in class: org.apache.maven.surefire.common.junit48.FilterFactory$GroupMatcherCategoryFilter[on line number: 230 of file: FilterFactory.java]
Stack Trace from: shouldRun in class: org.junit.runners.ParentRunner[on line number: 373 of file: ParentRunner.java]
Stack Trace from: filter in class: org.junit.runners.ParentRunner[on line number: 326 of file: ParentRunner.java]
Stack Trace from: apply in class: org.junit.runner.manipulation.Filter[on line number: 97 of file: Filter.java]
Stack Trace from: filter in class: org.junit.runners.ParentRunner[on line number: 328 of file: ParentRunner.java]
Stack Trace from: apply in class: org.junit.runner.manipulation.Filter[on line number: 97 of file: Filter.java]
Stack Trace from: filter in class: org.junit.runners.ParentRunner[on line number: 328 of file: ParentRunner.java]
Stack Trace from: apply in class: org.junit.runner.manipulation.Filter[on line number: 97 of file: Filter.java]
Stack Trace from: <init> in class: org.apache.maven.surefire.junitcore.JUnitCoreWrapper$FilteringRequest[on line number: 138 of file: JUnitCoreWrapper.java]
Stack Trace from: createRequestAndRun in class: org.apache.maven.surefire.junitcore.JUnitCoreWrapper[on line number: 99 of file: JUnitCoreWrapper.java]
Stack Trace from: executeEager in class: org.apache.maven.surefire.junitcore.JUnitCoreWrapper[on line number: 77 of file: JUnitCoreWrapper.java]
Stack Trace from: execute in class: org.apache.maven.surefire.junitcore.JUnitCoreWrapper[on line number: 53 of file: JUnitCoreWrapper.java]
Stack Trace from: invoke in class: org.apache.maven.surefire.junitcore.JUnitCoreProvider[on line number: 144 of file: JUnitCoreProvider.java]
Stack Trace from: invokeProviderInSameClassLoader in class: org.apache.maven.surefire.booter.ForkedBooter[on line number: 203 of file: ForkedBooter.java]
Stack Trace from: runSuitesInProcess in class: org.apache.maven.surefire.booter.ForkedBooter[on line number: 155 of file: ForkedBooter.java]
Stack Trace from: main in class: org.apache.maven.surefire.booter.ForkedBooter[on line number: 103 of file: ForkedBooter.java]
Matcher matches()---regex: (.*)\((.*)\)---input: jsonGzipResponse(com.squareup.okhttp.apache.OkApacheClientTest)---#
Stack Trace from: getStackTrace in class: java.lang.Thread[on line number: 1589 of file: Thread.java]
Stack Trace from: matches in class: java.util.regex.Matcher[on line number: 559 of file: Matcher.java]
Stack Trace from: methodAndClassNamePatternGroupOrDefault in class: org.junit.runner.Description[on line number: 307 of file: Description.java]
Stack Trace from: getMethodName in class: org.junit.runner.Description[on line number: 301 of file: Description.java]
Stack Trace from: fillTestCountMap in class: org.apache.maven.surefire.junitcore.JUnitCoreRunListener[on line number: 90 of file: JUnitCoreRunListener.java]
Stack Trace from: fillTestCountMap in class: org.apache.maven.surefire.junitcore.JUnitCoreRunListener[on line number: 86 of file: JUnitCoreRunListener.java]
Stack Trace from: fillTestCountMap in class: org.apache.maven.surefire.junitcore.JUnitCoreRunListener[on line number: 86 of file: JUnitCoreRunListener.java]
Stack Trace from: testRunStarted in class: org.apache.maven.surefire.junitcore.JUnitCoreRunListener[on line number: 65 of file: JUnitCoreRunListener.java]
Stack Trace from: notifyListener in class: org.junit.runner.notification.RunNotifier$1[on line number: 81 of file: RunNotifier.java]
Stack Trace from: run in class: org.junit.runner.notification.RunNotifier$SafeNotifier[on line number: 61 of file: RunNotifier.java]
Stack Trace from: fireTestRunStarted in class: org.junit.runner.notification.RunNotifier[on line number: 78 of file: RunNotifier.java]
Stack Trace from: run in class: org.junit.runner.JUnitCore[on line number: 159 of file: JUnitCore.java]
Stack Trace from: run in class: org.junit.runner.JUnitCore[on line number: 138 of file: JUnitCore.java]
Stack Trace from: createRequestAndRun in class: org.apache.maven.surefire.junitcore.JUnitCoreWrapper[on line number: 107 of file: JUnitCoreWrapper.java]
Stack Trace from: executeEager in class: org.apache.maven.surefire.junitcore.JUnitCoreWrapper[on line number: 77 of file: JUnitCoreWrapper.java]
Stack Trace from: execute in class: org.apache.maven.surefire.junitcore.JUnitCoreWrapper[on line number: 53 of file: JUnitCoreWrapper.java]
Stack Trace from: invoke in class: org.apache.maven.surefire.junitcore.JUnitCoreProvider[on line number: 144 of file: JUnitCoreProvider.java]
Stack Trace from: invokeProviderInSameClassLoader in class: org.apache.maven.surefire.booter.ForkedBooter[on line number: 203 of file: ForkedBooter.java]
Stack Trace from: runSuitesInProcess in class: org.apache.maven.surefire.booter.ForkedBooter[on line number: 155 of file: ForkedBooter.java]
Stack Trace from: main in class: org.apache.maven.surefire.booter.ForkedBooter[on line number: 103 of file: ForkedBooter.java]
Matcher matches()---regex: (.*)\((.*)\)---input: postInputStreamEntity(com.squareup.okhttp.apache.OkApacheClientTest)---#
Stack Trace from: getStackTrace in class: java.lang.Thread[on line number: 1589 of file: Thread.java]
Stack Trace from: matches in class: java.util.regex.Matcher[on line number: 559 of file: Matcher.java]
Stack Trace from: methodAndClassNamePatternGroupOrDefault in class: org.junit.runner.Description[on line number: 307 of file: Description.java]
Stack Trace from: getMethodName in class: org.junit.runner.Description[on line number: 301 of file: Description.java]
Stack Trace from: fillTestCountMap in class: org.apache.maven.surefire.junitcore.JUnitCoreRunListener[on line number: 90 of file: JUnitCoreRunListener.java]
Stack Trace from: fillTestCountMap in class: org.apache.maven.surefire.junitcore.JUnitCoreRunListener[on line number: 86 of file: JUnitCoreRunListener.java]
Stack Trace from: fillTestCountMap in class: org.apache.maven.surefire.junitcore.JUnitCoreRunListener[on line number: 86 of file: JUnitCoreRunListener.java]
Stack Trace from: testRunStarted in class: org.apache.maven.surefire.junitcore.JUnitCoreRunListener[on line number: 65 of file: JUnitCoreRunListener.java]
Stack Trace from: notifyListener in class: org.junit.runner.notification.RunNotifier$1[on line number: 81 of file: RunNotifier.java]
Stack Trace from: run in class: org.junit.runner.notification.RunNotifier$SafeNotifier[on line number: 61 of file: RunNotifier.java]
Stack Trace from: fireTestRunStarted in class: org.junit.runner.notification.RunNotifier[on line number: 78 of file: RunNotifier.java]
Stack Trace from: run in class: org.junit.runner.JUnitCore[on line number: 159 of file: JUnitCore.java]
Stack Trace from: run in class: org.junit.runner.JUnitCore[on line number: 138 of file: JUnitCore.java]
Stack Trace from: createRequestAndRun in class: org.apache.maven.surefire.junitcore.JUnitCoreWrapper[on line number: 107 of file: JUnitCoreWrapper.java]
Stack Trace from: executeEager in class: org.apache.maven.surefire.junitcore.JUnitCoreWrapper[on line number: 77 of file: JUnitCoreWrapper.java]
Stack Trace from: execute in class: org.apache.maven.surefire.junitcore.JUnitCoreWrapper[on line number: 53 of file: JUnitCoreWrapper.java]
Stack Trace from: invoke in class: org.apache.maven.surefire.junitcore.JUnitCoreProvider[on line number: 144 of file: JUnitCoreProvider.java]
Stack Trace from: invokeProviderInSameClassLoader in class: org.apache.maven.surefire.booter.ForkedBooter[on line number: 203 of file: ForkedBooter.java]
Stack Trace from: runSuitesInProcess in class: org.apache.maven.surefire.booter.ForkedBooter[on line number: 155 of file: ForkedBooter.java]
Stack Trace from: main in class: org.apache.maven.surefire.booter.ForkedBooter[on line number: 103 of file: ForkedBooter.java]
Matcher matches()---regex: (.*)\((.*)\)---input: success(com.squareup.okhttp.apache.OkApacheClientTest)---#
Stack Trace from: getStackTrace in class: java.lang.Thread[on line number: 1589 of file: Thread.java]
Stack Trace from: matches in class: java.util.regex.Matcher[on line number: 559 of file: Matcher.java]
Stack Trace from: methodAndClassNamePatternGroupOrDefault in class: org.junit.runner.Description[on line number: 307 of file: Description.java]
Stack Trace from: getMethodName in class: org.junit.runner.Description[on line number: 301 of file: Description.java]
Stack Trace from: fillTestCountMap in class: org.apache.maven.surefire.junitcore.JUnitCoreRunListener[on line number: 90 of file: JUnitCoreRunListener.java]
Stack Trace from: fillTestCountMap in class: org.apache.maven.surefire.junitcore.JUnitCoreRunListener[on line number: 86 of file: JUnitCoreRunListener.java]
Stack Trace from: fillTestCountMap in class: org.apache.maven.surefire.junitcore.JUnitCoreRunListener[on line number: 86 of file: JUnitCoreRunListener.java]
Stack Trace from: testRunStarted in class: org.apache.maven.surefire.junitcore.JUnitCoreRunListener[on line number: 65 of file: JUnitCoreRunListener.java]
Stack Trace from: notifyListener in class: org.junit.runner.notification.RunNotifier$1[on line number: 81 of file: RunNotifier.java]
Stack Trace from: run in class: org.junit.runner.notification.RunNotifier$SafeNotifier[on line number: 61 of file: RunNotifier.java]
Stack Trace from: fireTestRunStarted in class: org.junit.runner.notification.RunNotifier[on line number: 78 of file: RunNotifier.java]
Stack Trace from: run in class: org.junit.runner.JUnitCore[on line number: 159 of file: JUnitCore.java]
Stack Trace from: run in class: org.junit.runner.JUnitCore[on line number: 138 of file: JUnitCore.java]
Stack Trace from: createRequestAndRun in class: org.apache.maven.surefire.junitcore.JUnitCoreWrapper[on line number: 107 of file: JUnitCoreWrapper.java]
Stack Trace from: executeEager in class: org.apache.maven.surefire.junitcore.JUnitCoreWrapper[on line number: 77 of file: JUnitCoreWrapper.java]
Stack Trace from: execute in class: org.apache.maven.surefire.junitcore.JUnitCoreWrapper[on line number: 53 of file: JUnitCoreWrapper.java]
Stack Trace from: invoke in class: org.apache.maven.surefire.junitcore.JUnitCoreProvider[on line number: 144 of file: JUnitCoreProvider.java]
Stack Trace from: invokeProviderInSameClassLoader in class: org.apache.maven.surefire.booter.ForkedBooter[on line number: 203 of file: ForkedBooter.java]
Stack Trace from: runSuitesInProcess in class: org.apache.maven.surefire.booter.ForkedBooter[on line number: 155 of file: ForkedBooter.java]
Stack Trace from: main in class: org.apache.maven.surefire.booter.ForkedBooter[on line number: 103 of file: ForkedBooter.java]
Matcher matches()---regex: (.*)\((.*)\)---input: postByteEntity(com.squareup.okhttp.apache.OkApacheClientTest)---#
Stack Trace from: getStackTrace in class: java.lang.Thread[on line number: 1589 of file: Thread.java]
Stack Trace from: matches in class: java.util.regex.Matcher[on line number: 559 of file: Matcher.java]
Stack Trace from: methodAndClassNamePatternGroupOrDefault in class: org.junit.runner.Description[on line number: 307 of file: Description.java]
Stack Trace from: getMethodName in class: org.junit.runner.Description[on line number: 301 of file: Description.java]
Stack Trace from: fillTestCountMap in class: org.apache.maven.surefire.junitcore.JUnitCoreRunListener[on line number: 90 of file: JUnitCoreRunListener.java]
Stack Trace from: fillTestCountMap in class: org.apache.maven.surefire.junitcore.JUnitCoreRunListener[on line number: 86 of file: JUnitCoreRunListener.java]
Stack Trace from: fillTestCountMap in class: org.apache.maven.surefire.junitcore.JUnitCoreRunListener[on line number: 86 of file: JUnitCoreRunListener.java]
Stack Trace from: testRunStarted in class: org.apache.maven.surefire.junitcore.JUnitCoreRunListener[on line number: 65 of file: JUnitCoreRunListener.java]
Stack Trace from: notifyListener in class: org.junit.runner.notification.RunNotifier$1[on line number: 81 of file: RunNotifier.java]
Stack Trace from: run in class: org.junit.runner.notification.RunNotifier$SafeNotifier[on line number: 61 of file: RunNotifier.java]
Stack Trace from: fireTestRunStarted in class: org.junit.runner.notification.RunNotifier[on line number: 78 of file: RunNotifier.java]
Stack Trace from: run in class: org.junit.runner.JUnitCore[on line number: 159 of file: JUnitCore.java]
Stack Trace from: run in class: org.junit.runner.JUnitCore[on line number: 138 of file: JUnitCore.java]
Stack Trace from: createRequestAndRun in class: org.apache.maven.surefire.junitcore.JUnitCoreWrapper[on line number: 107 of file: JUnitCoreWrapper.java]
Stack Trace from: executeEager in class: org.apache.maven.surefire.junitcore.JUnitCoreWrapper[on line number: 77 of file: JUnitCoreWrapper.java]
Stack Trace from: execute in class: org.apache.maven.surefire.junitcore.JUnitCoreWrapper[on line number: 53 of file: JUnitCoreWrapper.java]
Stack Trace from: invoke in class: org.apache.maven.surefire.junitcore.JUnitCoreProvider[on line number: 144 of file: JUnitCoreProvider.java]
Stack Trace from: invokeProviderInSameClassLoader in class: org.apache.maven.surefire.booter.ForkedBooter[on line number: 203 of file: ForkedBooter.java]
Stack Trace from: runSuitesInProcess in class: org.apache.maven.surefire.booter.ForkedBooter[on line number: 155 of file: ForkedBooter.java]
Stack Trace from: main in class: org.apache.maven.surefire.booter.ForkedBooter[on line number: 103 of file: ForkedBooter.java]
Matcher matches()---regex: (.*)\((.*)\)---input: jsonTransparentGzipResponse(com.squareup.okhttp.apache.OkApacheClientTest)---#
Stack Trace from: getStackTrace in class: java.lang.Thread[on line number: 1589 of file: Thread.java]
Stack Trace from: matches in class: java.util.regex.Matcher[on line number: 559 of file: Matcher.java]
Stack Trace from: methodAndClassNamePatternGroupOrDefault in class: org.junit.runner.Description[on line number: 307 of file: Description.java]
Stack Trace from: getMethodName in class: org.junit.runner.Description[on line number: 301 of file: Description.java]
Stack Trace from: fillTestCountMap in class: org.apache.maven.surefire.junitcore.JUnitCoreRunListener[on line number: 90 of file: JUnitCoreRunListener.java]
Stack Trace from: fillTestCountMap in class: org.apache.maven.surefire.junitcore.JUnitCoreRunListener[on line number: 86 of file: JUnitCoreRunListener.java]
Stack Trace from: fillTestCountMap in class: org.apache.maven.surefire.junitcore.JUnitCoreRunListener[on line number: 86 of file: JUnitCoreRunListener.java]
Stack Trace from: testRunStarted in class: org.apache.maven.surefire.junitcore.JUnitCoreRunListener[on line number: 65 of file: JUnitCoreRunListener.java]
Stack Trace from: notifyListener in class: org.junit.runner.notification.RunNotifier$1[on line number: 81 of file: RunNotifier.java]
Stack Trace from: run in class: org.junit.runner.notification.RunNotifier$SafeNotifier[on line number: 61 of file: RunNotifier.java]
Stack Trace from: fireTestRunStarted in class: org.junit.runner.notification.RunNotifier[on line number: 78 of file: RunNotifier.java]
Stack Trace from: run in class: org.junit.runner.JUnitCore[on line number: 159 of file: JUnitCore.java]
Stack Trace from: run in class: org.junit.runner.JUnitCore[on line number: 138 of file: JUnitCore.java]
Stack Trace from: createRequestAndRun in class: org.apache.maven.surefire.junitcore.JUnitCoreWrapper[on line number: 107 of file: JUnitCoreWrapper.java]
Stack Trace from: executeEager in class: org.apache.maven.surefire.junitcore.JUnitCoreWrapper[on line number: 77 of file: JUnitCoreWrapper.java]
Stack Trace from: execute in class: org.apache.maven.surefire.junitcore.JUnitCoreWrapper[on line number: 53 of file: JUnitCoreWrapper.java]
Stack Trace from: invoke in class: org.apache.maven.surefire.junitcore.JUnitCoreProvider[on line number: 144 of file: JUnitCoreProvider.java]
Stack Trace from: invokeProviderInSameClassLoader in class: org.apache.maven.surefire.booter.ForkedBooter[on line number: 203 of file: ForkedBooter.java]
Stack Trace from: runSuitesInProcess in class: org.apache.maven.surefire.booter.ForkedBooter[on line number: 155 of file: ForkedBooter.java]
Stack Trace from: main in class: org.apache.maven.surefire.booter.ForkedBooter[on line number: 103 of file: ForkedBooter.java]
Matcher matches()---regex: (.*)\((.*)\)---input: redirect(com.squareup.okhttp.apache.OkApacheClientTest)---#
Stack Trace from: getStackTrace in class: java.lang.Thread[on line number: 1589 of file: Thread.java]
Stack Trace from: matches in class: java.util.regex.Matcher[on line number: 559 of file: Matcher.java]
Stack Trace from: methodAndClassNamePatternGroupOrDefault in class: org.junit.runner.Description[on line number: 307 of file: Description.java]
Stack Trace from: getMethodName in class: org.junit.runner.Description[on line number: 301 of file: Description.java]
Stack Trace from: fillTestCountMap in class: org.apache.maven.surefire.junitcore.JUnitCoreRunListener[on line number: 90 of file: JUnitCoreRunListener.java]
Stack Trace from: fillTestCountMap in class: org.apache.maven.surefire.junitcore.JUnitCoreRunListener[on line number: 86 of file: JUnitCoreRunListener.java]
Stack Trace from: fillTestCountMap in class: org.apache.maven.surefire.junitcore.JUnitCoreRunListener[on line number: 86 of file: JUnitCoreRunListener.java]
Stack Trace from: testRunStarted in class: org.apache.maven.surefire.junitcore.JUnitCoreRunListener[on line number: 65 of file: JUnitCoreRunListener.java]
Stack Trace from: notifyListener in class: org.junit.runner.notification.RunNotifier$1[on line number: 81 of file: RunNotifier.java]
Stack Trace from: run in class: org.junit.runner.notification.RunNotifier$SafeNotifier[on line number: 61 of file: RunNotifier.java]
Stack Trace from: fireTestRunStarted in class: org.junit.runner.notification.RunNotifier[on line number: 78 of file: RunNotifier.java]
Stack Trace from: run in class: org.junit.runner.JUnitCore[on line number: 159 of file: JUnitCore.java]
Stack Trace from: run in class: org.junit.runner.JUnitCore[on line number: 138 of file: JUnitCore.java]
Stack Trace from: createRequestAndRun in class: org.apache.maven.surefire.junitcore.JUnitCoreWrapper[on line number: 107 of file: JUnitCoreWrapper.java]
Stack Trace from: executeEager in class: org.apache.maven.surefire.junitcore.JUnitCoreWrapper[on line number: 77 of file: JUnitCoreWrapper.java]
Stack Trace from: execute in class: org.apache.maven.surefire.junitcore.JUnitCoreWrapper[on line number: 53 of file: JUnitCoreWrapper.java]
Stack Trace from: invoke in class: org.apache.maven.surefire.junitcore.JUnitCoreProvider[on line number: 144 of file: JUnitCoreProvider.java]
Stack Trace from: invokeProviderInSameClassLoader in class: org.apache.maven.surefire.booter.ForkedBooter[on line number: 203 of file: ForkedBooter.java]
Stack Trace from: runSuitesInProcess in class: org.apache.maven.surefire.booter.ForkedBooter[on line number: 155 of file: ForkedBooter.java]
Stack Trace from: main in class: org.apache.maven.surefire.booter.ForkedBooter[on line number: 103 of file: ForkedBooter.java]
Matcher matches()---regex: (.*)\((.*)\)---input: postOverrideContentType(com.squareup.okhttp.apache.OkApacheClientTest)---#
Stack Trace from: getStackTrace in class: java.lang.Thread[on line number: 1589 of file: Thread.java]
Stack Trace from: matches in class: java.util.regex.Matcher[on line number: 559 of file: Matcher.java]
Stack Trace from: methodAndClassNamePatternGroupOrDefault in class: org.junit.runner.Description[on line number: 307 of file: Description.java]
Stack Trace from: getMethodName in class: org.junit.runner.Description[on line number: 301 of file: Description.java]
Stack Trace from: fillTestCountMap in class: org.apache.maven.surefire.junitcore.JUnitCoreRunListener[on line number: 90 of file: JUnitCoreRunListener.java]
Stack Trace from: fillTestCountMap in class: org.apache.maven.surefire.junitcore.JUnitCoreRunListener[on line number: 86 of file: JUnitCoreRunListener.java]
Stack Trace from: fillTestCountMap in class: org.apache.maven.surefire.junitcore.JUnitCoreRunListener[on line number: 86 of file: JUnitCoreRunListener.java]
Stack Trace from: testRunStarted in class: org.apache.maven.surefire.junitcore.JUnitCoreRunListener[on line number: 65 of file: JUnitCoreRunListener.java]
Stack Trace from: notifyListener in class: org.junit.runner.notification.RunNotifier$1[on line number: 81 of file: RunNotifier.java]
Stack Trace from: run in class: org.junit.runner.notification.RunNotifier$SafeNotifier[on line number: 61 of file: RunNotifier.java]
Stack Trace from: fireTestRunStarted in class: org.junit.runner.notification.RunNotifier[on line number: 78 of file: RunNotifier.java]
Stack Trace from: run in class: org.junit.runner.JUnitCore[on line number: 159 of file: JUnitCore.java]
Stack Trace from: run in class: org.junit.runner.JUnitCore[on line number: 138 of file: JUnitCore.java]
Stack Trace from: createRequestAndRun in class: org.apache.maven.surefire.junitcore.JUnitCoreWrapper[on line number: 107 of file: JUnitCoreWrapper.java]
Stack Trace from: executeEager in class: org.apache.maven.surefire.junitcore.JUnitCoreWrapper[on line number: 77 of file: JUnitCoreWrapper.java]
Stack Trace from: execute in class: org.apache.maven.surefire.junitcore.JUnitCoreWrapper[on line number: 53 of file: JUnitCoreWrapper.java]
Stack Trace from: invoke in class: org.apache.maven.surefire.junitcore.JUnitCoreProvider[on line number: 144 of file: JUnitCoreProvider.java]
Stack Trace from: invokeProviderInSameClassLoader in class: org.apache.maven.surefire.booter.ForkedBooter[on line number: 203 of file: ForkedBooter.java]
Stack Trace from: runSuitesInProcess in class: org.apache.maven.surefire.booter.ForkedBooter[on line number: 155 of file: ForkedBooter.java]
Stack Trace from: main in class: org.apache.maven.surefire.booter.ForkedBooter[on line number: 103 of file: ForkedBooter.java]
Matcher matches()---regex: (.*)\((.*)\)---input: contentType(com.squareup.okhttp.apache.OkApacheClientTest)---#
Stack Trace from: getStackTrace in class: java.lang.Thread[on line number: 1589 of file: Thread.java]
Stack Trace from: matches in class: java.util.regex.Matcher[on line number: 559 of file: Matcher.java]
Stack Trace from: methodAndClassNamePatternGroupOrDefault in class: org.junit.runner.Description[on line number: 307 of file: Description.java]
Stack Trace from: getMethodName in class: org.junit.runner.Description[on line number: 301 of file: Description.java]
Stack Trace from: fillTestCountMap in class: org.apache.maven.surefire.junitcore.JUnitCoreRunListener[on line number: 90 of file: JUnitCoreRunListener.java]
Stack Trace from: fillTestCountMap in class: org.apache.maven.surefire.junitcore.JUnitCoreRunListener[on line number: 86 of file: JUnitCoreRunListener.java]
Stack Trace from: fillTestCountMap in class: org.apache.maven.surefire.junitcore.JUnitCoreRunListener[on line number: 86 of file: JUnitCoreRunListener.java]
Stack Trace from: testRunStarted in class: org.apache.maven.surefire.junitcore.JUnitCoreRunListener[on line number: 65 of file: JUnitCoreRunListener.java]
Stack Trace from: notifyListener in class: org.junit.runner.notification.RunNotifier$1[on line number: 81 of file: RunNotifier.java]
Stack Trace from: run in class: org.junit.runner.notification.RunNotifier$SafeNotifier[on line number: 61 of file: RunNotifier.java]
Stack Trace from: fireTestRunStarted in class: org.junit.runner.notification.RunNotifier[on line number: 78 of file: RunNotifier.java]
Stack Trace from: run in class: org.junit.runner.JUnitCore[on line number: 159 of file: JUnitCore.java]
Stack Trace from: run in class: org.junit.runner.JUnitCore[on line number: 138 of file: JUnitCore.java]
Stack Trace from: createRequestAndRun in class: org.apache.maven.surefire.junitcore.JUnitCoreWrapper[on line number: 107 of file: JUnitCoreWrapper.java]
Stack Trace from: executeEager in class: org.apache.maven.surefire.junitcore.JUnitCoreWrapper[on line number: 77 of file: JUnitCoreWrapper.java]
Stack Trace from: execute in class: org.apache.maven.surefire.junitcore.JUnitCoreWrapper[on line number: 53 of file: JUnitCoreWrapper.java]
Stack Trace from: invoke in class: org.apache.maven.surefire.junitcore.JUnitCoreProvider[on line number: 144 of file: JUnitCoreProvider.java]
Stack Trace from: invokeProviderInSameClassLoader in class: org.apache.maven.surefire.booter.ForkedBooter[on line number: 203 of file: ForkedBooter.java]
Stack Trace from: runSuitesInProcess in class: org.apache.maven.surefire.booter.ForkedBooter[on line number: 155 of file: ForkedBooter.java]
Stack Trace from: main in class: org.apache.maven.surefire.booter.ForkedBooter[on line number: 103 of file: ForkedBooter.java]
Matcher matches()---regex: (.*)\((.*)\)---input: contentEncoding(com.squareup.okhttp.apache.OkApacheClientTest)---#
Stack Trace from: getStackTrace in class: java.lang.Thread[on line number: 1589 of file: Thread.java]
Stack Trace from: matches in class: java.util.regex.Matcher[on line number: 559 of file: Matcher.java]
Stack Trace from: methodAndClassNamePatternGroupOrDefault in class: org.junit.runner.Description[on line number: 307 of file: Description.java]
Stack Trace from: getMethodName in class: org.junit.runner.Description[on line number: 301 of file: Description.java]
Stack Trace from: fillTestCountMap in class: org.apache.maven.surefire.junitcore.JUnitCoreRunListener[on line number: 90 of file: JUnitCoreRunListener.java]
Stack Trace from: fillTestCountMap in class: org.apache.maven.surefire.junitcore.JUnitCoreRunListener[on line number: 86 of file: JUnitCoreRunListener.java]
Stack Trace from: fillTestCountMap in class: org.apache.maven.surefire.junitcore.JUnitCoreRunListener[on line number: 86 of file: JUnitCoreRunListener.java]
Stack Trace from: testRunStarted in class: org.apache.maven.surefire.junitcore.JUnitCoreRunListener[on line number: 65 of file: JUnitCoreRunListener.java]
Stack Trace from: notifyListener in class: org.junit.runner.notification.RunNotifier$1[on line number: 81 of file: RunNotifier.java]
Stack Trace from: run in class: org.junit.runner.notification.RunNotifier$SafeNotifier[on line number: 61 of file: RunNotifier.java]
Stack Trace from: fireTestRunStarted in class: org.junit.runner.notification.RunNotifier[on line number: 78 of file: RunNotifier.java]
Stack Trace from: run in class: org.junit.runner.JUnitCore[on line number: 159 of file: JUnitCore.java]
Stack Trace from: run in class: org.junit.runner.JUnitCore[on line number: 138 of file: JUnitCore.java]
Stack Trace from: createRequestAndRun in class: org.apache.maven.surefire.junitcore.JUnitCoreWrapper[on line number: 107 of file: JUnitCoreWrapper.java]
Stack Trace from: executeEager in class: org.apache.maven.surefire.junitcore.JUnitCoreWrapper[on line number: 77 of file: JUnitCoreWrapper.java]
Stack Trace from: execute in class: org.apache.maven.surefire.junitcore.JUnitCoreWrapper[on line number: 53 of file: JUnitCoreWrapper.java]
Stack Trace from: invoke in class: org.apache.maven.surefire.junitcore.JUnitCoreProvider[on line number: 144 of file: JUnitCoreProvider.java]
Stack Trace from: invokeProviderInSameClassLoader in class: org.apache.maven.surefire.booter.ForkedBooter[on line number: 203 of file: ForkedBooter.java]
Stack Trace from: runSuitesInProcess in class: org.apache.maven.surefire.booter.ForkedBooter[on line number: 155 of file: ForkedBooter.java]
Stack Trace from: main in class: org.apache.maven.surefire.booter.ForkedBooter[on line number: 103 of file: ForkedBooter.java]
Matcher matches()---regex: (.*)\((.*)\)---input: sessionExpired(com.squareup.okhttp.apache.OkApacheClientTest)---#
Stack Trace from: getStackTrace in class: java.lang.Thread[on line number: 1589 of file: Thread.java]
Stack Trace from: matches in class: java.util.regex.Matcher[on line number: 559 of file: Matcher.java]
Stack Trace from: methodAndClassNamePatternGroupOrDefault in class: org.junit.runner.Description[on line number: 307 of file: Description.java]
Stack Trace from: getMethodName in class: org.junit.runner.Description[on line number: 301 of file: Description.java]
Stack Trace from: fillTestCountMap in class: org.apache.maven.surefire.junitcore.JUnitCoreRunListener[on line number: 90 of file: JUnitCoreRunListener.java]
Stack Trace from: fillTestCountMap in class: org.apache.maven.surefire.junitcore.JUnitCoreRunListener[on line number: 86 of file: JUnitCoreRunListener.java]
Stack Trace from: fillTestCountMap in class: org.apache.maven.surefire.junitcore.JUnitCoreRunListener[on line number: 86 of file: JUnitCoreRunListener.java]
Stack Trace from: testRunStarted in class: org.apache.maven.surefire.junitcore.JUnitCoreRunListener[on line number: 65 of file: JUnitCoreRunListener.java]
Stack Trace from: notifyListener in class: org.junit.runner.notification.RunNotifier$1[on line number: 81 of file: RunNotifier.java]
Stack Trace from: run in class: org.junit.runner.notification.RunNotifier$SafeNotifier[on line number: 61 of file: RunNotifier.java]
Stack Trace from: fireTestRunStarted in class: org.junit.runner.notification.RunNotifier[on line number: 78 of file: RunNotifier.java]
Stack Trace from: run in class: org.junit.runner.JUnitCore[on line number: 159 of file: JUnitCore.java]
Stack Trace from: run in class: org.junit.runner.JUnitCore[on line number: 138 of file: JUnitCore.java]
Stack Trace from: createRequestAndRun in class: org.apache.maven.surefire.junitcore.JUnitCoreWrapper[on line number: 107 of file: JUnitCoreWrapper.java]
Stack Trace from: executeEager in class: org.apache.maven.surefire.junitcore.JUnitCoreWrapper[on line number: 77 of file: JUnitCoreWrapper.java]
Stack Trace from: execute in class: org.apache.maven.surefire.junitcore.JUnitCoreWrapper[on line number: 53 of file: JUnitCoreWrapper.java]
Stack Trace from: invoke in class: org.apache.maven.surefire.junitcore.JUnitCoreProvider[on line number: 144 of file: JUnitCoreProvider.java]
Stack Trace from: invokeProviderInSameClassLoader in class: org.apache.maven.surefire.booter.ForkedBooter[on line number: 203 of file: ForkedBooter.java]
Stack Trace from: runSuitesInProcess in class: org.apache.maven.surefire.booter.ForkedBooter[on line number: 155 of file: ForkedBooter.java]
Stack Trace from: main in class: org.apache.maven.surefire.booter.ForkedBooter[on line number: 103 of file: ForkedBooter.java]
Matcher matches()---regex: (.*)\((.*)\)---input: headers(com.squareup.okhttp.apache.OkApacheClientTest)---#
Stack Trace from: getStackTrace in class: java.lang.Thread[on line number: 1589 of file: Thread.java]
Stack Trace from: matches in class: java.util.regex.Matcher[on line number: 559 of file: Matcher.java]
Stack Trace from: methodAndClassNamePatternGroupOrDefault in class: org.junit.runner.Description[on line number: 307 of file: Description.java]
Stack Trace from: getMethodName in class: org.junit.runner.Description[on line number: 301 of file: Description.java]
Stack Trace from: fillTestCountMap in class: org.apache.maven.surefire.junitcore.JUnitCoreRunListener[on line number: 90 of file: JUnitCoreRunListener.java]
Stack Trace from: fillTestCountMap in class: org.apache.maven.surefire.junitcore.JUnitCoreRunListener[on line number: 86 of file: JUnitCoreRunListener.java]
Stack Trace from: fillTestCountMap in class: org.apache.maven.surefire.junitcore.JUnitCoreRunListener[on line number: 86 of file: JUnitCoreRunListener.java]
Stack Trace from: testRunStarted in class: org.apache.maven.surefire.junitcore.JUnitCoreRunListener[on line number: 65 of file: JUnitCoreRunListener.java]
Stack Trace from: notifyListener in class: org.junit.runner.notification.RunNotifier$1[on line number: 81 of file: RunNotifier.java]
Stack Trace from: run in class: org.junit.runner.notification.RunNotifier$SafeNotifier[on line number: 61 of file: RunNotifier.java]
Stack Trace from: fireTestRunStarted in class: org.junit.runner.notification.RunNotifier[on line number: 78 of file: RunNotifier.java]
Stack Trace from: run in class: org.junit.runner.JUnitCore[on line number: 159 of file: JUnitCore.java]
Stack Trace from: run in class: org.junit.runner.JUnitCore[on line number: 138 of file: JUnitCore.java]
Stack Trace from: createRequestAndRun in class: org.apache.maven.surefire.junitcore.JUnitCoreWrapper[on line number: 107 of file: JUnitCoreWrapper.java]
Stack Trace from: executeEager in class: org.apache.maven.surefire.junitcore.JUnitCoreWrapper[on line number: 77 of file: JUnitCoreWrapper.java]
Stack Trace from: execute in class: org.apache.maven.surefire.junitcore.JUnitCoreWrapper[on line number: 53 of file: JUnitCoreWrapper.java]
Stack Trace from: invoke in class: org.apache.maven.surefire.junitcore.JUnitCoreProvider[on line number: 144 of file: JUnitCoreProvider.java]
Stack Trace from: invokeProviderInSameClassLoader in class: org.apache.maven.surefire.booter.ForkedBooter[on line number: 203 of file: ForkedBooter.java]
Stack Trace from: runSuitesInProcess in class: org.apache.maven.surefire.booter.ForkedBooter[on line number: 155 of file: ForkedBooter.java]
Stack Trace from: main in class: org.apache.maven.surefire.booter.ForkedBooter[on line number: 103 of file: ForkedBooter.java]
Matcher matches()---regex: (.*)\((.*)\)---input: jsonGzipResponse(com.squareup.okhttp.apache.OkApacheClientTest)---#
Stack Trace from: getStackTrace in class: java.lang.Thread[on line number: 1589 of file: Thread.java]
Stack Trace from: matches in class: java.util.regex.Matcher[on line number: 559 of file: Matcher.java]
Stack Trace from: <init> in class: sun.security.util.DisabledAlgorithmConstraints$KeySizeConstraints[on line number: 321 of file: DisabledAlgorithmConstraints.java]
Stack Trace from: loadDisabledAlgorithmsMap in class: sun.security.util.DisabledAlgorithmConstraints[on line number: 298 of file: DisabledAlgorithmConstraints.java]
Stack Trace from: <init> in class: sun.security.util.DisabledAlgorithmConstraints[on line number: 79 of file: DisabledAlgorithmConstraints.java]
Stack Trace from: <init> in class: sun.security.ssl.SSLAlgorithmConstraints$BasicDisabledAlgConstraints[on line number: 267 of file: SSLAlgorithmConstraints.java]
Stack Trace from: <init> in class: sun.security.ssl.SSLAlgorithmConstraints$TLSDisabledAlgConstraints[on line number: 404 of file: SSLAlgorithmConstraints.java]
Stack Trace from: <clinit> in class: sun.security.ssl.SSLAlgorithmConstraints[on line number: 49 of file: SSLAlgorithmConstraints.java]
Stack Trace from: <clinit> in class: sun.security.ssl.ProtocolVersion[on line number: 116 of file: ProtocolVersion.java]
Stack Trace from: <clinit> in class: sun.security.ssl.SSLContextImpl$ConservativeSSLContext[on line number: 467 of file: SSLContextImpl.java]
Stack Trace from: forName0 in class: java.lang.Class[on line number: -2 of file: Class.java]
Stack Trace from: forName in class: java.lang.Class[on line number: 195 of file: Class.java]
Stack Trace from: getImplClass in class: java.security.Provider$Service[on line number: 1279 of file: Provider.java]
Stack Trace from: newInstance in class: java.security.Provider$Service[on line number: 1237 of file: Provider.java]
Stack Trace from: getInstance in class: sun.security.jca.GetInstance[on line number: 236 of file: GetInstance.java]
Stack Trace from: getInstance in class: sun.security.jca.GetInstance[on line number: 164 of file: GetInstance.java]
Stack Trace from: getInstance in class: javax.net.ssl.SSLContext[on line number: 156 of file: SSLContext.java]
Stack Trace from: getDefaultSSLSocketFactory in class: com.squareup.okhttp.OkHttpClient[on line number: 639 of file: OkHttpClient.java]
Stack Trace from: copyWithDefaults in class: com.squareup.okhttp.OkHttpClient[on line number: 599 of file: OkHttpClient.java]
Stack Trace from: <init> in class: com.squareup.okhttp.Call[on line number: 48 of file: Call.java]
Stack Trace from: newCall in class: com.squareup.okhttp.OkHttpClient[on line number: 571 of file: OkHttpClient.java]
Stack Trace from: execute in class: com.squareup.okhttp.apache.OkApacheClient[on line number: 170 of file: OkApacheClient.java]
Stack Trace from: execute in class: com.squareup.okhttp.apache.OkApacheClient[on line number: 155 of file: OkApacheClient.java]
Stack Trace from: postInputStreamEntity in class: com.squareup.okhttp.apache.OkApacheClientTest[on line number: 109 of file: OkApacheClientTest.java]
Stack Trace from: invoke0 in class: sun.reflect.NativeMethodAccessorImpl[on line number: -2 of file: NativeMethodAccessorImpl.java]
Stack Trace from: invoke in class: sun.reflect.NativeMethodAccessorImpl[on line number: 57 of file: NativeMethodAccessorImpl.java]
Stack Trace from: invoke in class: sun.reflect.DelegatingMethodAccessorImpl[on line number: 43 of file: DelegatingMethodAccessorImpl.java]
Stack Trace from: invoke in class: java.lang.reflect.Method[on line number: 606 of file: Method.java]
Stack Trace from: runReflectiveCall in class: org.junit.runners.model.FrameworkMethod$1[on line number: 47 of file: FrameworkMethod.java]
Stack Trace from: run in class: org.junit.internal.runners.model.ReflectiveCallable[on line number: 12 of file: ReflectiveCallable.java]
Stack Trace from: invokeExplosively in class: org.junit.runners.model.FrameworkMethod[on line number: 44 of file: FrameworkMethod.java]
Stack Trace from: evaluate in class: org.junit.internal.runners.statements.InvokeMethod[on line number: 17 of file: InvokeMethod.java]
Stack Trace from: evaluate in class: org.junit.internal.runners.statements.RunBefores[on line number: 26 of file: RunBefores.java]
Stack Trace from: evaluate in class: org.junit.internal.runners.statements.RunAfters[on line number: 27 of file: RunAfters.java]
Stack Trace from: runLeaf in class: org.junit.runners.ParentRunner[on line number: 271 of file: ParentRunner.java]
Stack Trace from: runChild in class: org.junit.runners.BlockJUnit4ClassRunner[on line number: 70 of file: BlockJUnit4ClassRunner.java]
Stack Trace from: runChild in class: org.junit.runners.BlockJUnit4ClassRunner[on line number: 50 of file: BlockJUnit4ClassRunner.java]
Stack Trace from: run in class: org.junit.runners.ParentRunner$3[on line number: 238 of file: ParentRunner.java]
Stack Trace from: run in class: org.apache.maven.surefire.junitcore.pc.Scheduler$1[on line number: 370 of file: Scheduler.java]
Stack Trace from: call in class: java.util.concurrent.Executors$RunnableAdapter[on line number: 471 of file: Executors.java]
Stack Trace from: run in class: java.util.concurrent.FutureTask[on line number: 262 of file: FutureTask.java]
Stack Trace from: runWorker in class: java.util.concurrent.ThreadPoolExecutor[on line number: 1145 of file: ThreadPoolExecutor.java]
Stack Trace from: run in class: java.util.concurrent.ThreadPoolExecutor$Worker[on line number: 615 of file: ThreadPoolExecutor.java]
Stack Trace from: run in class: java.lang.Thread[on line number: 745 of file: Thread.java]
Matcher matches()---regex: (\S+)\s+keySize\s*(<=|<|==|!=|>|>=)\s*(\d+)---input: SSLv3---#
Stack Trace from: getStackTrace in class: java.lang.Thread[on line number: 1589 of file: Thread.java]
Stack Trace from: matches in class: java.util.regex.Matcher[on line number: 559 of file: Matcher.java]
Stack Trace from: <init> in class: sun.security.util.DisabledAlgorithmConstraints$KeySizeConstraints[on line number: 321 of file: DisabledAlgorithmConstraints.java]
Stack Trace from: loadDisabledAlgorithmsMap in class: sun.security.util.DisabledAlgorithmConstraints[on line number: 298 of file: DisabledAlgorithmConstraints.java]
Stack Trace from: <init> in class: sun.security.util.DisabledAlgorithmConstraints[on line number: 79 of file: DisabledAlgorithmConstraints.java]
Stack Trace from: <init> in class: sun.security.ssl.SSLAlgorithmConstraints$BasicDisabledAlgConstraints[on line number: 267 of file: SSLAlgorithmConstraints.java]
Stack Trace from: <init> in class: sun.security.ssl.SSLAlgorithmConstraints$X509DisabledAlgConstraints[on line number: 445 of file: SSLAlgorithmConstraints.java]
Stack Trace from: <clinit> in class: sun.security.ssl.SSLAlgorithmConstraints[on line number: 51 of file: SSLAlgorithmConstraints.java]
Stack Trace from: <clinit> in class: sun.security.ssl.ProtocolVersion[on line number: 116 of file: ProtocolVersion.java]
Stack Trace from: <clinit> in class: sun.security.ssl.SSLContextImpl$ConservativeSSLContext[on line number: 467 of file: SSLContextImpl.java]
Stack Trace from: forName0 in class: java.lang.Class[on line number: -2 of file: Class.java]
Stack Trace from: forName in class: java.lang.Class[on line number: 195 of file: Class.java]
Stack Trace from: getImplClass in class: java.security.Provider$Service[on line number: 1279 of file: Provider.java]
Stack Trace from: newInstance in class: java.security.Provider$Service[on line number: 1237 of file: Provider.java]
Stack Trace from: getInstance in class: sun.security.jca.GetInstance[on line number: 236 of file: GetInstance.java]
Stack Trace from: getInstance in class: sun.security.jca.GetInstance[on line number: 164 of file: GetInstance.java]
Stack Trace from: getInstance in class: javax.net.ssl.SSLContext[on line number: 156 of file: SSLContext.java]
Stack Trace from: getDefaultSSLSocketFactory in class: com.squareup.okhttp.OkHttpClient[on line number: 639 of file: OkHttpClient.java]
Stack Trace from: copyWithDefaults in class: com.squareup.okhttp.OkHttpClient[on line number: 599 of file: OkHttpClient.java]
Stack Trace from: <init> in class: com.squareup.okhttp.Call[on line number: 48 of file: Call.java]
Stack Trace from: newCall in class: com.squareup.okhttp.OkHttpClient[on line number: 571 of file: OkHttpClient.java]
Stack Trace from: execute in class: com.squareup.okhttp.apache.OkApacheClient[on line number: 170 of file: OkApacheClient.java]
Stack Trace from: execute in class: com.squareup.okhttp.apache.OkApacheClient[on line number: 155 of file: OkApacheClient.java]
Stack Trace from: postInputStreamEntity in class: com.squareup.okhttp.apache.OkApacheClientTest[on line number: 109 of file: OkApacheClientTest.java]
Stack Trace from: invoke0 in class: sun.reflect.NativeMethodAccessorImpl[on line number: -2 of file: NativeMethodAccessorImpl.java]
Stack Trace from: invoke in class: sun.reflect.NativeMethodAccessorImpl[on line number: 57 of file: NativeMethodAccessorImpl.java]
Stack Trace from: invoke in class: sun.reflect.DelegatingMethodAccessorImpl[on line number: 43 of file: DelegatingMethodAccessorImpl.java]
Stack Trace from: invoke in class: java.lang.reflect.Method[on line number: 606 of file: Method.java]
Stack Trace from: runReflectiveCall in class: org.junit.runners.model.FrameworkMethod$1[on line number: 47 of file: FrameworkMethod.java]
Stack Trace from: run in class: org.junit.internal.runners.model.ReflectiveCallable[on line number: 12 of file: ReflectiveCallable.java]
Stack Trace from: invokeExplosively in class: org.junit.runners.model.FrameworkMethod[on line number: 44 of file: FrameworkMethod.java]
Stack Trace from: evaluate in class: org.junit.internal.runners.statements.InvokeMethod[on line number: 17 of file: InvokeMethod.java]
Stack Trace from: evaluate in class: org.junit.internal.runners.statements.RunBefores[on line number: 26 of file: RunBefores.java]
Stack Trace from: evaluate in class: org.junit.internal.runners.statements.RunAfters[on line number: 27 of file: RunAfters.java]
Stack Trace from: runLeaf in class: org.junit.runners.ParentRunner[on line number: 271 of file: ParentRunner.java]
Stack Trace from: runChild in class: org.junit.runners.BlockJUnit4ClassRunner[on line number: 70 of file: BlockJUnit4ClassRunner.java]
Stack Trace from: runChild in class: org.junit.runners.BlockJUnit4ClassRunner[on line number: 50 of file: BlockJUnit4ClassRunner.java]
Stack Trace from: run in class: org.junit.runners.ParentRunner$3[on line number: 238 of file: ParentRunner.java]
Stack Trace from: run in class: org.apache.maven.surefire.junitcore.pc.Scheduler$1[on line number: 370 of file: Scheduler.java]
Stack Trace from: call in class: java.util.concurrent.Executors$RunnableAdapter[on line number: 471 of file: Executors.java]
Stack Trace from: run in class: java.util.concurrent.FutureTask[on line number: 262 of file: FutureTask.java]
Stack Trace from: runWorker in class: java.util.concurrent.ThreadPoolExecutor[on line number: 1145 of file: ThreadPoolExecutor.java]
Stack Trace from: run in class: java.util.concurrent.ThreadPoolExecutor$Worker[on line number: 615 of file: ThreadPoolExecutor.java]
Stack Trace from: run in class: java.lang.Thread[on line number: 745 of file: Thread.java]
Matcher matches()---regex: (\S+)\s+keySize\s*(<=|<|==|!=|>|>=)\s*(\d+)---input: MD2---#
Stack Trace from: getStackTrace in class: java.lang.Thread[on line number: 1589 of file: Thread.java]
Stack Trace from: matches in class: java.util.regex.Matcher[on line number: 559 of file: Matcher.java]
Stack Trace from: <init> in class: sun.security.util.DisabledAlgorithmConstraints$KeySizeConstraints[on line number: 321 of file: DisabledAlgorithmConstraints.java]
Stack Trace from: loadDisabledAlgorithmsMap in class: sun.security.util.DisabledAlgorithmConstraints[on line number: 298 of file: DisabledAlgorithmConstraints.java]
Stack Trace from: <init> in class: sun.security.util.DisabledAlgorithmConstraints[on line number: 79 of file: DisabledAlgorithmConstraints.java]
Stack Trace from: <init> in class: sun.security.ssl.SSLAlgorithmConstraints$BasicDisabledAlgConstraints[on line number: 267 of file: SSLAlgorithmConstraints.java]
Stack Trace from: <init> in class: sun.security.ssl.SSLAlgorithmConstraints$X509DisabledAlgConstraints[on line number: 445 of file: SSLAlgorithmConstraints.java]
Stack Trace from: <clinit> in class: sun.security.ssl.SSLAlgorithmConstraints[on line number: 51 of file: SSLAlgorithmConstraints.java]
Stack Trace from: <clinit> in class: sun.security.ssl.ProtocolVersion[on line number: 116 of file: ProtocolVersion.java]
Stack Trace from: <clinit> in class: sun.security.ssl.SSLContextImpl$ConservativeSSLContext[on line number: 467 of file: SSLContextImpl.java]
Stack Trace from: forName0 in class: java.lang.Class[on line number: -2 of file: Class.java]
Stack Trace from: forName in class: java.lang.Class[on line number: 195 of file: Class.java]
Stack Trace from: getImplClass in class: java.security.Provider$Service[on line number: 1279 of file: Provider.java]
Stack Trace from: newInstance in class: java.security.Provider$Service[on line number: 1237 of file: Provider.java]
Stack Trace from: getInstance in class: sun.security.jca.GetInstance[on line number: 236 of file: GetInstance.java]
Stack Trace from: getInstance in class: sun.security.jca.GetInstance[on line number: 164 of file: GetInstance.java]
Stack Trace from: getInstance in class: javax.net.ssl.SSLContext[on line number: 156 of file: SSLContext.java]
Stack Trace from: getDefaultSSLSocketFactory in class: com.squareup.okhttp.OkHttpClient[on line number: 639 of file: OkHttpClient.java]
Stack Trace from: copyWithDefaults in class: com.squareup.okhttp.OkHttpClient[on line number: 599 of file: OkHttpClient.java]
Stack Trace from: <init> in class: com.squareup.okhttp.Call[on line number: 48 of file: Call.java]
Stack Trace from: newCall in class: com.squareup.okhttp.OkHttpClient[on line number: 571 of file: OkHttpClient.java]
Stack Trace from: execute in class: com.squareup.okhttp.apache.OkApacheClient[on line number: 170 of file: OkApacheClient.java]
Stack Trace from: execute in class: com.squareup.okhttp.apache.OkApacheClient[on line number: 155 of file: OkApacheClient.java]
Stack Trace from: postInputStreamEntity in class: com.squareup.okhttp.apache.OkApacheClientTest[on line number: 109 of file: OkApacheClientTest.java]
Stack Trace from: invoke0 in class: sun.reflect.NativeMethodAccessorImpl[on line number: -2 of file: NativeMethodAccessorImpl.java]
Stack Trace from: invoke in class: sun.reflect.NativeMethodAccessorImpl[on line number: 57 of file: NativeMethodAccessorImpl.java]
Stack Trace from: invoke in class: sun.reflect.DelegatingMethodAccessorImpl[on line number: 43 of file: DelegatingMethodAccessorImpl.java]
Stack Trace from: invoke in class: java.lang.reflect.Method[on line number: 606 of file: Method.java]
Stack Trace from: runReflectiveCall in class: org.junit.runners.model.FrameworkMethod$1[on line number: 47 of file: FrameworkMethod.java]
Stack Trace from: run in class: org.junit.internal.runners.model.ReflectiveCallable[on line number: 12 of file: ReflectiveCallable.java]
Stack Trace from: invokeExplosively in class: org.junit.runners.model.FrameworkMethod[on line number: 44 of file: FrameworkMethod.java]
Stack Trace from: evaluate in class: org.junit.internal.runners.statements.InvokeMethod[on line number: 17 of file: InvokeMethod.java]
Stack Trace from: evaluate in class: org.junit.internal.runners.statements.RunBefores[on line number: 26 of file: RunBefores.java]
Stack Trace from: evaluate in class: org.junit.internal.runners.statements.RunAfters[on line number: 27 of file: RunAfters.java]
Stack Trace from: runLeaf in class: org.junit.runners.ParentRunner[on line number: 271 of file: ParentRunner.java]
Stack Trace from: runChild in class: org.junit.runners.BlockJUnit4ClassRunner[on line number: 70 of file: BlockJUnit4ClassRunner.java]
Stack Trace from: runChild in class: org.junit.runners.BlockJUnit4ClassRunner[on line number: 50 of file: BlockJUnit4ClassRunner.java]
Stack Trace from: run in class: org.junit.runners.ParentRunner$3[on line number: 238 of file: ParentRunner.java]
Stack Trace from: run in class: org.apache.maven.surefire.junitcore.pc.Scheduler$1[on line number: 370 of file: Scheduler.java]
Stack Trace from: call in class: java.util.concurrent.Executors$RunnableAdapter[on line number: 471 of file: Executors.java]
Stack Trace from: run in class: java.util.concurrent.FutureTask[on line number: 262 of file: FutureTask.java]
Stack Trace from: runWorker in class: java.util.concurrent.ThreadPoolExecutor[on line number: 1145 of file: ThreadPoolExecutor.java]
Stack Trace from: run in class: java.util.concurrent.ThreadPoolExecutor$Worker[on line number: 615 of file: ThreadPoolExecutor.java]
Stack Trace from: run in class: java.lang.Thread[on line number: 745 of file: Thread.java]
Matcher matches()---regex: (\S+)\s+keySize\s*(<=|<|==|!=|>|>=)\s*(\d+)---input: RSA keySize < 1024---#
Stack Trace from: getStackTrace in class: java.lang.Thread[on line number: 1589 of file: Thread.java]
Stack Trace from: matches in class: java.util.regex.Matcher[on line number: 559 of file: Matcher.java]
Stack Trace from: methodAndClassNamePatternGroupOrDefault in class: org.junit.runner.Description[on line number: 307 of file: Description.java]
Stack Trace from: getClassName in class: org.junit.runner.Description[on line number: 293 of file: Description.java]
Stack Trace from: getTestClass in class: org.junit.runner.Description[on line number: 276 of file: Description.java]
Stack Trace from: createReportEntry in class: org.apache.maven.surefire.junitcore.TestSet[on line number: 114 of file: TestSet.java]
Stack Trace from: replay in class: org.apache.maven.surefire.junitcore.TestSet[on line number: 74 of file: TestSet.java]
Stack Trace from: testSetCompleted in class: org.apache.maven.surefire.junitcore.ConcurrentRunListener[on line number: 82 of file: ConcurrentRunListener.java]
Stack Trace from: testRunFinished in class: org.apache.maven.surefire.junitcore.JUnitCoreRunListener[on line number: 73 of file: JUnitCoreRunListener.java]
Stack Trace from: notifyListener in class: org.junit.runner.notification.RunNotifier$2[on line number: 95 of file: RunNotifier.java]
Stack Trace from: run in class: org.junit.runner.notification.RunNotifier$SafeNotifier[on line number: 61 of file: RunNotifier.java]
Stack Trace from: fireTestRunFinished in class: org.junit.runner.notification.RunNotifier[on line number: 92 of file: RunNotifier.java]
Stack Trace from: run in class: org.junit.runner.JUnitCore[on line number: 161 of file: JUnitCore.java]
Stack Trace from: run in class: org.junit.runner.JUnitCore[on line number: 138 of file: JUnitCore.java]
Stack Trace from: createRequestAndRun in class: org.apache.maven.surefire.junitcore.JUnitCoreWrapper[on line number: 107 of file: JUnitCoreWrapper.java]
Stack Trace from: executeEager in class: org.apache.maven.surefire.junitcore.JUnitCoreWrapper[on line number: 77 of file: JUnitCoreWrapper.java]
Stack Trace from: execute in class: org.apache.maven.surefire.junitcore.JUnitCoreWrapper[on line number: 53 of file: JUnitCoreWrapper.java]
Stack Trace from: invoke in class: org.apache.maven.surefire.junitcore.JUnitCoreProvider[on line number: 144 of file: JUnitCoreProvider.java]
Stack Trace from: invokeProviderInSameClassLoader in class: org.apache.maven.surefire.booter.ForkedBooter[on line number: 203 of file: ForkedBooter.java]
Stack Trace from: runSuitesInProcess in class: org.apache.maven.surefire.booter.ForkedBooter[on line number: 155 of file: ForkedBooter.java]
Stack Trace from: main in class: org.apache.maven.surefire.booter.ForkedBooter[on line number: 103 of file: ForkedBooter.java]
Matcher matches()---regex: (.*)\((.*)\)---input: com.squareup.okhttp.apache.OkApacheClientTest---#
