Stack Trace from: getStackTrace in class: java.lang.Thread[on line number: 1589 of file: Thread.java]
Stack Trace from: matches in class: java.util.regex.Matcher[on line number: 559 of file: Matcher.java]
Stack Trace from: parse in class: com.codenvy.testtask.qname.QNameParser[on line number: 15 of file: QNameParser.java]
Stack Trace from: shouldGetPrefix in class: com.codenvy.testtask.qname.QNameParserTest[on line number: 27 of file: QNameParserTest.java]
Stack Trace from: invoke0 in class: sun.reflect.NativeMethodAccessorImpl[on line number: -2 of file: NativeMethodAccessorImpl.java]
Stack Trace from: invoke in class: sun.reflect.NativeMethodAccessorImpl[on line number: 57 of file: NativeMethodAccessorImpl.java]
Stack Trace from: invoke in class: sun.reflect.DelegatingMethodAccessorImpl[on line number: 43 of file: DelegatingMethodAccessorImpl.java]
Stack Trace from: invoke in class: java.lang.reflect.Method[on line number: 606 of file: Method.java]
Stack Trace from: invokeMethod in class: org.testng.internal.MethodInvocationHelper[on line number: 84 of file: MethodInvocationHelper.java]
Stack Trace from: invokeMethod in class: org.testng.internal.Invoker[on line number: 714 of file: Invoker.java]
Stack Trace from: invokeTestMethod in class: org.testng.internal.Invoker[on line number: 901 of file: Invoker.java]
Stack Trace from: invokeTestMethods in class: org.testng.internal.Invoker[on line number: 1231 of file: Invoker.java]
Stack Trace from: invokeTestMethods in class: org.testng.internal.TestMethodWorker[on line number: 127 of file: TestMethodWorker.java]
Stack Trace from: run in class: org.testng.internal.TestMethodWorker[on line number: 111 of file: TestMethodWorker.java]
Stack Trace from: privateRun in class: org.testng.TestRunner[on line number: 767 of file: TestRunner.java]
Stack Trace from: run in class: org.testng.TestRunner[on line number: 617 of file: TestRunner.java]
Stack Trace from: runTest in class: org.testng.SuiteRunner[on line number: 348 of file: SuiteRunner.java]
Stack Trace from: runSequentially in class: org.testng.SuiteRunner[on line number: 343 of file: SuiteRunner.java]
Stack Trace from: privateRun in class: org.testng.SuiteRunner[on line number: 305 of file: SuiteRunner.java]
Stack Trace from: run in class: org.testng.SuiteRunner[on line number: 254 of file: SuiteRunner.java]
Stack Trace from: runSuite in class: org.testng.SuiteRunnerWorker[on line number: 52 of file: SuiteRunnerWorker.java]
Stack Trace from: run in class: org.testng.SuiteRunnerWorker[on line number: 86 of file: SuiteRunnerWorker.java]
Stack Trace from: runSuitesSequentially in class: org.testng.TestNG[on line number: 1224 of file: TestNG.java]
Stack Trace from: runSuitesLocally in class: org.testng.TestNG[on line number: 1149 of file: TestNG.java]
Stack Trace from: run in class: org.testng.TestNG[on line number: 1057 of file: TestNG.java]
Stack Trace from: run in class: org.apache.maven.surefire.testng.TestNGExecutor[on line number: 115 of file: TestNGExecutor.java]
Stack Trace from: executeSingleClass in class: org.apache.maven.surefire.testng.TestNGDirectoryTestSuite[on line number: 129 of file: TestNGDirectoryTestSuite.java]
Stack Trace from: execute in class: org.apache.maven.surefire.testng.TestNGDirectoryTestSuite[on line number: 113 of file: TestNGDirectoryTestSuite.java]
Stack Trace from: invoke in class: org.apache.maven.surefire.testng.TestNGProvider[on line number: 111 of file: TestNGProvider.java]
Stack Trace from: invokeProviderInSameClassLoader in class: org.apache.maven.surefire.booter.ForkedBooter[on line number: 203 of file: ForkedBooter.java]
Stack Trace from: runSuitesInProcess in class: org.apache.maven.surefire.booter.ForkedBooter[on line number: 155 of file: ForkedBooter.java]
Stack Trace from: main in class: org.apache.maven.surefire.booter.ForkedBooter[on line number: 103 of file: ForkedBooter.java]
Matcher matches()---regex: (_?(?!((?i)xml|[_\d\W]))([\w.-]+))? ([\:])?([\w]+)(([\w]+)([\s]?)([\w]+))?---input: prefix:name---#
Stack Trace from: getStackTrace in class: java.lang.Thread[on line number: 1589 of file: Thread.java]
Stack Trace from: matches in class: java.util.regex.Matcher[on line number: 559 of file: Matcher.java]
Stack Trace from: parse in class: com.codenvy.testtask.qname.QNameParser[on line number: 15 of file: QNameParser.java]
Stack Trace from: shouldThrowExceptionIfStringDoesNotMatch in class: com.codenvy.testtask.qname.QNameParserTest[on line number: 39 of file: QNameParserTest.java]
Stack Trace from: invoke0 in class: sun.reflect.NativeMethodAccessorImpl[on line number: -2 of file: NativeMethodAccessorImpl.java]
Stack Trace from: invoke in class: sun.reflect.NativeMethodAccessorImpl[on line number: 57 of file: NativeMethodAccessorImpl.java]
Stack Trace from: invoke in class: sun.reflect.DelegatingMethodAccessorImpl[on line number: 43 of file: DelegatingMethodAccessorImpl.java]
Stack Trace from: invoke in class: java.lang.reflect.Method[on line number: 606 of file: Method.java]
Stack Trace from: invokeMethod in class: org.testng.internal.MethodInvocationHelper[on line number: 84 of file: MethodInvocationHelper.java]
Stack Trace from: invokeMethod in class: org.testng.internal.Invoker[on line number: 714 of file: Invoker.java]
Stack Trace from: invokeTestMethod in class: org.testng.internal.Invoker[on line number: 901 of file: Invoker.java]
Stack Trace from: invokeTestMethods in class: org.testng.internal.Invoker[on line number: 1231 of file: Invoker.java]
Stack Trace from: invokeTestMethods in class: org.testng.internal.TestMethodWorker[on line number: 127 of file: TestMethodWorker.java]
Stack Trace from: run in class: org.testng.internal.TestMethodWorker[on line number: 111 of file: TestMethodWorker.java]
Stack Trace from: privateRun in class: org.testng.TestRunner[on line number: 767 of file: TestRunner.java]
Stack Trace from: run in class: org.testng.TestRunner[on line number: 617 of file: TestRunner.java]
Stack Trace from: runTest in class: org.testng.SuiteRunner[on line number: 348 of file: SuiteRunner.java]
Stack Trace from: runSequentially in class: org.testng.SuiteRunner[on line number: 343 of file: SuiteRunner.java]
Stack Trace from: privateRun in class: org.testng.SuiteRunner[on line number: 305 of file: SuiteRunner.java]
Stack Trace from: run in class: org.testng.SuiteRunner[on line number: 254 of file: SuiteRunner.java]
Stack Trace from: runSuite in class: org.testng.SuiteRunnerWorker[on line number: 52 of file: SuiteRunnerWorker.java]
Stack Trace from: run in class: org.testng.SuiteRunnerWorker[on line number: 86 of file: SuiteRunnerWorker.java]
Stack Trace from: runSuitesSequentially in class: org.testng.TestNG[on line number: 1224 of file: TestNG.java]
Stack Trace from: runSuitesLocally in class: org.testng.TestNG[on line number: 1149 of file: TestNG.java]
Stack Trace from: run in class: org.testng.TestNG[on line number: 1057 of file: TestNG.java]
Stack Trace from: run in class: org.apache.maven.surefire.testng.TestNGExecutor[on line number: 115 of file: TestNGExecutor.java]
Stack Trace from: executeSingleClass in class: org.apache.maven.surefire.testng.TestNGDirectoryTestSuite[on line number: 129 of file: TestNGDirectoryTestSuite.java]
Stack Trace from: execute in class: org.apache.maven.surefire.testng.TestNGDirectoryTestSuite[on line number: 113 of file: TestNGDirectoryTestSuite.java]
Stack Trace from: invoke in class: org.apache.maven.surefire.testng.TestNGProvider[on line number: 111 of file: TestNGProvider.java]
Stack Trace from: invokeProviderInSameClassLoader in class: org.apache.maven.surefire.booter.ForkedBooter[on line number: 203 of file: ForkedBooter.java]
Stack Trace from: runSuitesInProcess in class: org.apache.maven.surefire.booter.ForkedBooter[on line number: 155 of file: ForkedBooter.java]
Stack Trace from: main in class: org.apache.maven.surefire.booter.ForkedBooter[on line number: 103 of file: ForkedBooter.java]
Matcher matches()---regex: (_?(?!((?i)xml|[_\d\W]))([\w.-]+))? ([\:])?([\w]+)(([\w]+)([\s]?)([\w]+))?---input: :name---#
