Stack Trace from: getStackTrace in class: java.lang.Thread[on line number: 1589 of file: Thread.java]
Stack Trace from: matches in class: java.util.regex.Matcher[on line number: 559 of file: Matcher.java]
Stack Trace from: parseMethod in class: org.junit.runner.Description[on line number: 234 of file: Description.java]
Stack Trace from: getMethodName in class: org.junit.runner.Description[on line number: 229 of file: Description.java]
Stack Trace from: shouldRun in class: org.apache.maven.surefire.common.junit48.FilterFactory$GroupMatcherCategoryFilter[on line number: 230 of file: FilterFactory.java]
Stack Trace from: shouldRun in class: org.junit.runners.ParentRunner[on line number: 360 of file: ParentRunner.java]
Stack Trace from: filter in class: org.junit.runners.ParentRunner[on line number: 317 of file: ParentRunner.java]
Stack Trace from: apply in class: org.junit.runner.manipulation.Filter[on line number: 89 of file: Filter.java]
Stack Trace from: <init> in class: org.apache.maven.surefire.junitcore.JUnitCoreWrapper$FilteringRequest[on line number: 138 of file: JUnitCoreWrapper.java]
Stack Trace from: createRequestAndRun in class: org.apache.maven.surefire.junitcore.JUnitCoreWrapper[on line number: 99 of file: JUnitCoreWrapper.java]
Stack Trace from: executeEager in class: org.apache.maven.surefire.junitcore.JUnitCoreWrapper[on line number: 77 of file: JUnitCoreWrapper.java]
Stack Trace from: execute in class: org.apache.maven.surefire.junitcore.JUnitCoreWrapper[on line number: 53 of file: JUnitCoreWrapper.java]
Stack Trace from: invoke in class: org.apache.maven.surefire.junitcore.JUnitCoreProvider[on line number: 144 of file: JUnitCoreProvider.java]
Stack Trace from: invokeProviderInSameClassLoader in class: org.apache.maven.surefire.booter.ForkedBooter[on line number: 203 of file: ForkedBooter.java]
Stack Trace from: runSuitesInProcess in class: org.apache.maven.surefire.booter.ForkedBooter[on line number: 155 of file: ForkedBooter.java]
Stack Trace from: main in class: org.apache.maven.surefire.booter.ForkedBooter[on line number: 103 of file: ForkedBooter.java]
Matcher matches()---regex: (.*)\((.*)\)---input: null---#
Stack Trace from: getStackTrace in class: java.lang.Thread[on line number: 1589 of file: Thread.java]
Stack Trace from: matches in class: java.util.regex.Matcher[on line number: 559 of file: Matcher.java]
Stack Trace from: parseMethod in class: org.junit.runner.Description[on line number: 234 of file: Description.java]
Stack Trace from: getMethodName in class: org.junit.runner.Description[on line number: 229 of file: Description.java]
Stack Trace from: shouldRun in class: org.apache.maven.surefire.common.junit48.FilterFactory$GroupMatcherCategoryFilter[on line number: 230 of file: FilterFactory.java]
Stack Trace from: shouldRun in class: org.junit.runners.ParentRunner[on line number: 360 of file: ParentRunner.java]
Stack Trace from: filter in class: org.junit.runners.ParentRunner[on line number: 317 of file: ParentRunner.java]
Stack Trace from: apply in class: org.junit.runner.manipulation.Filter[on line number: 89 of file: Filter.java]
Stack Trace from: filter in class: org.junit.runners.ParentRunner[on line number: 319 of file: ParentRunner.java]
Stack Trace from: apply in class: org.junit.runner.manipulation.Filter[on line number: 89 of file: Filter.java]
Stack Trace from: <init> in class: org.apache.maven.surefire.junitcore.JUnitCoreWrapper$FilteringRequest[on line number: 138 of file: JUnitCoreWrapper.java]
Stack Trace from: createRequestAndRun in class: org.apache.maven.surefire.junitcore.JUnitCoreWrapper[on line number: 99 of file: JUnitCoreWrapper.java]
Stack Trace from: executeEager in class: org.apache.maven.surefire.junitcore.JUnitCoreWrapper[on line number: 77 of file: JUnitCoreWrapper.java]
Stack Trace from: execute in class: org.apache.maven.surefire.junitcore.JUnitCoreWrapper[on line number: 53 of file: JUnitCoreWrapper.java]
Stack Trace from: invoke in class: org.apache.maven.surefire.junitcore.JUnitCoreProvider[on line number: 144 of file: JUnitCoreProvider.java]
Stack Trace from: invokeProviderInSameClassLoader in class: org.apache.maven.surefire.booter.ForkedBooter[on line number: 203 of file: ForkedBooter.java]
Stack Trace from: runSuitesInProcess in class: org.apache.maven.surefire.booter.ForkedBooter[on line number: 155 of file: ForkedBooter.java]
Stack Trace from: main in class: org.apache.maven.surefire.booter.ForkedBooter[on line number: 103 of file: ForkedBooter.java]
Matcher matches()---regex: (.*)\((.*)\)---input: ohtu.laskin.LaskinTest---#
Stack Trace from: getStackTrace in class: java.lang.Thread[on line number: 1589 of file: Thread.java]
Stack Trace from: matches in class: java.util.regex.Matcher[on line number: 559 of file: Matcher.java]
Stack Trace from: parseMethod in class: org.junit.runner.Description[on line number: 234 of file: Description.java]
Stack Trace from: getMethodName in class: org.junit.runner.Description[on line number: 229 of file: Description.java]
Stack Trace from: shouldRun in class: org.apache.maven.surefire.common.junit48.FilterFactory$GroupMatcherCategoryFilter[on line number: 230 of file: FilterFactory.java]
Stack Trace from: shouldRun in class: org.junit.runners.ParentRunner[on line number: 360 of file: ParentRunner.java]
Stack Trace from: filter in class: org.junit.runners.ParentRunner[on line number: 317 of file: ParentRunner.java]
Stack Trace from: apply in class: org.junit.runner.manipulation.Filter[on line number: 89 of file: Filter.java]
Stack Trace from: filter in class: org.junit.runners.ParentRunner[on line number: 319 of file: ParentRunner.java]
Stack Trace from: apply in class: org.junit.runner.manipulation.Filter[on line number: 89 of file: Filter.java]
Stack Trace from: filter in class: org.junit.runners.ParentRunner[on line number: 319 of file: ParentRunner.java]
Stack Trace from: apply in class: org.junit.runner.manipulation.Filter[on line number: 89 of file: Filter.java]
Stack Trace from: <init> in class: org.apache.maven.surefire.junitcore.JUnitCoreWrapper$FilteringRequest[on line number: 138 of file: JUnitCoreWrapper.java]
Stack Trace from: createRequestAndRun in class: org.apache.maven.surefire.junitcore.JUnitCoreWrapper[on line number: 99 of file: JUnitCoreWrapper.java]
Stack Trace from: executeEager in class: org.apache.maven.surefire.junitcore.JUnitCoreWrapper[on line number: 77 of file: JUnitCoreWrapper.java]
Stack Trace from: execute in class: org.apache.maven.surefire.junitcore.JUnitCoreWrapper[on line number: 53 of file: JUnitCoreWrapper.java]
Stack Trace from: invoke in class: org.apache.maven.surefire.junitcore.JUnitCoreProvider[on line number: 144 of file: JUnitCoreProvider.java]
Stack Trace from: invokeProviderInSameClassLoader in class: org.apache.maven.surefire.booter.ForkedBooter[on line number: 203 of file: ForkedBooter.java]
Stack Trace from: runSuitesInProcess in class: org.apache.maven.surefire.booter.ForkedBooter[on line number: 155 of file: ForkedBooter.java]
Stack Trace from: main in class: org.apache.maven.surefire.booter.ForkedBooter[on line number: 103 of file: ForkedBooter.java]
Matcher matches()---regex: (.*)\((.*)\)---input: yksiSummaOikein(ohtu.laskin.LaskinTest)---#
Stack Trace from: getStackTrace in class: java.lang.Thread[on line number: 1589 of file: Thread.java]
Stack Trace from: matches in class: java.util.regex.Matcher[on line number: 559 of file: Matcher.java]
Stack Trace from: getClassName in class: org.junit.runner.Description[on line number: 219 of file: Description.java]
Stack Trace from: getTestClass in class: org.junit.runner.Description[on line number: 203 of file: Description.java]
Stack Trace from: shouldRun in class: org.apache.maven.surefire.common.junit48.FilterFactory$GroupMatcherCategoryFilter[on line number: 230 of file: FilterFactory.java]
Stack Trace from: shouldRun in class: org.junit.runners.ParentRunner[on line number: 360 of file: ParentRunner.java]
Stack Trace from: filter in class: org.junit.runners.ParentRunner[on line number: 317 of file: ParentRunner.java]
Stack Trace from: apply in class: org.junit.runner.manipulation.Filter[on line number: 89 of file: Filter.java]
Stack Trace from: filter in class: org.junit.runners.ParentRunner[on line number: 319 of file: ParentRunner.java]
Stack Trace from: apply in class: org.junit.runner.manipulation.Filter[on line number: 89 of file: Filter.java]
Stack Trace from: filter in class: org.junit.runners.ParentRunner[on line number: 319 of file: ParentRunner.java]
Stack Trace from: apply in class: org.junit.runner.manipulation.Filter[on line number: 89 of file: Filter.java]
Stack Trace from: <init> in class: org.apache.maven.surefire.junitcore.JUnitCoreWrapper$FilteringRequest[on line number: 138 of file: JUnitCoreWrapper.java]
Stack Trace from: createRequestAndRun in class: org.apache.maven.surefire.junitcore.JUnitCoreWrapper[on line number: 99 of file: JUnitCoreWrapper.java]
Stack Trace from: executeEager in class: org.apache.maven.surefire.junitcore.JUnitCoreWrapper[on line number: 77 of file: JUnitCoreWrapper.java]
Stack Trace from: execute in class: org.apache.maven.surefire.junitcore.JUnitCoreWrapper[on line number: 53 of file: JUnitCoreWrapper.java]
Stack Trace from: invoke in class: org.apache.maven.surefire.junitcore.JUnitCoreProvider[on line number: 144 of file: JUnitCoreProvider.java]
Stack Trace from: invokeProviderInSameClassLoader in class: org.apache.maven.surefire.booter.ForkedBooter[on line number: 203 of file: ForkedBooter.java]
Stack Trace from: runSuitesInProcess in class: org.apache.maven.surefire.booter.ForkedBooter[on line number: 155 of file: ForkedBooter.java]
Stack Trace from: main in class: org.apache.maven.surefire.booter.ForkedBooter[on line number: 103 of file: ForkedBooter.java]
Matcher matches()---regex: (.*)\((.*)\)---input: yksiSummaOikein(ohtu.laskin.LaskinTest)---#
Stack Trace from: getStackTrace in class: java.lang.Thread[on line number: 1589 of file: Thread.java]
Stack Trace from: matches in class: java.util.regex.Matcher[on line number: 559 of file: Matcher.java]
Stack Trace from: getClassName in class: org.junit.runner.Description[on line number: 219 of file: Description.java]
Stack Trace from: getTestClass in class: org.junit.runner.Description[on line number: 203 of file: Description.java]
Stack Trace from: shouldRun in class: org.apache.maven.surefire.common.junit48.FilterFactory$GroupMatcherCategoryFilter[on line number: 236 of file: FilterFactory.java]
Stack Trace from: shouldRun in class: org.junit.runners.ParentRunner[on line number: 360 of file: ParentRunner.java]
Stack Trace from: filter in class: org.junit.runners.ParentRunner[on line number: 317 of file: ParentRunner.java]
Stack Trace from: apply in class: org.junit.runner.manipulation.Filter[on line number: 89 of file: Filter.java]
Stack Trace from: filter in class: org.junit.runners.ParentRunner[on line number: 319 of file: ParentRunner.java]
Stack Trace from: apply in class: org.junit.runner.manipulation.Filter[on line number: 89 of file: Filter.java]
Stack Trace from: filter in class: org.junit.runners.ParentRunner[on line number: 319 of file: ParentRunner.java]
Stack Trace from: apply in class: org.junit.runner.manipulation.Filter[on line number: 89 of file: Filter.java]
Stack Trace from: <init> in class: org.apache.maven.surefire.junitcore.JUnitCoreWrapper$FilteringRequest[on line number: 138 of file: JUnitCoreWrapper.java]
Stack Trace from: createRequestAndRun in class: org.apache.maven.surefire.junitcore.JUnitCoreWrapper[on line number: 99 of file: JUnitCoreWrapper.java]
Stack Trace from: executeEager in class: org.apache.maven.surefire.junitcore.JUnitCoreWrapper[on line number: 77 of file: JUnitCoreWrapper.java]
Stack Trace from: execute in class: org.apache.maven.surefire.junitcore.JUnitCoreWrapper[on line number: 53 of file: JUnitCoreWrapper.java]
Stack Trace from: invoke in class: org.apache.maven.surefire.junitcore.JUnitCoreProvider[on line number: 144 of file: JUnitCoreProvider.java]
Stack Trace from: invokeProviderInSameClassLoader in class: org.apache.maven.surefire.booter.ForkedBooter[on line number: 203 of file: ForkedBooter.java]
Stack Trace from: runSuitesInProcess in class: org.apache.maven.surefire.booter.ForkedBooter[on line number: 155 of file: ForkedBooter.java]
Stack Trace from: main in class: org.apache.maven.surefire.booter.ForkedBooter[on line number: 103 of file: ForkedBooter.java]
Matcher matches()---regex: (.*)\((.*)\)---input: yksiSummaOikein(ohtu.laskin.LaskinTest)---#
Stack Trace from: getStackTrace in class: java.lang.Thread[on line number: 1589 of file: Thread.java]
Stack Trace from: matches in class: java.util.regex.Matcher[on line number: 559 of file: Matcher.java]
Stack Trace from: getClassName in class: org.junit.runner.Description[on line number: 219 of file: Description.java]
Stack Trace from: getTestClass in class: org.junit.runner.Description[on line number: 203 of file: Description.java]
Stack Trace from: shouldRun in class: org.apache.maven.surefire.common.junit48.FilterFactory$GroupMatcherCategoryFilter[on line number: 236 of file: FilterFactory.java]
Stack Trace from: shouldRun in class: org.junit.runners.ParentRunner[on line number: 360 of file: ParentRunner.java]
Stack Trace from: filter in class: org.junit.runners.ParentRunner[on line number: 317 of file: ParentRunner.java]
Stack Trace from: apply in class: org.junit.runner.manipulation.Filter[on line number: 89 of file: Filter.java]
Stack Trace from: filter in class: org.junit.runners.ParentRunner[on line number: 319 of file: ParentRunner.java]
Stack Trace from: apply in class: org.junit.runner.manipulation.Filter[on line number: 89 of file: Filter.java]
Stack Trace from: filter in class: org.junit.runners.ParentRunner[on line number: 319 of file: ParentRunner.java]
Stack Trace from: apply in class: org.junit.runner.manipulation.Filter[on line number: 89 of file: Filter.java]
Stack Trace from: <init> in class: org.apache.maven.surefire.junitcore.JUnitCoreWrapper$FilteringRequest[on line number: 138 of file: JUnitCoreWrapper.java]
Stack Trace from: createRequestAndRun in class: org.apache.maven.surefire.junitcore.JUnitCoreWrapper[on line number: 99 of file: JUnitCoreWrapper.java]
Stack Trace from: executeEager in class: org.apache.maven.surefire.junitcore.JUnitCoreWrapper[on line number: 77 of file: JUnitCoreWrapper.java]
Stack Trace from: execute in class: org.apache.maven.surefire.junitcore.JUnitCoreWrapper[on line number: 53 of file: JUnitCoreWrapper.java]
Stack Trace from: invoke in class: org.apache.maven.surefire.junitcore.JUnitCoreProvider[on line number: 144 of file: JUnitCoreProvider.java]
Stack Trace from: invokeProviderInSameClassLoader in class: org.apache.maven.surefire.booter.ForkedBooter[on line number: 203 of file: ForkedBooter.java]
Stack Trace from: runSuitesInProcess in class: org.apache.maven.surefire.booter.ForkedBooter[on line number: 155 of file: ForkedBooter.java]
Stack Trace from: main in class: org.apache.maven.surefire.booter.ForkedBooter[on line number: 103 of file: ForkedBooter.java]
Matcher matches()---regex: (.*)\((.*)\)---input: yksiSummaOikein(ohtu.laskin.LaskinTest)---#
Stack Trace from: getStackTrace in class: java.lang.Thread[on line number: 1589 of file: Thread.java]
Stack Trace from: matches in class: java.util.regex.Matcher[on line number: 559 of file: Matcher.java]
Stack Trace from: parseMethod in class: org.junit.runner.Description[on line number: 234 of file: Description.java]
Stack Trace from: getMethodName in class: org.junit.runner.Description[on line number: 229 of file: Description.java]
Stack Trace from: fillTestCountMap in class: org.apache.maven.surefire.junitcore.JUnitCoreRunListener[on line number: 90 of file: JUnitCoreRunListener.java]
Stack Trace from: fillTestCountMap in class: org.apache.maven.surefire.junitcore.JUnitCoreRunListener[on line number: 86 of file: JUnitCoreRunListener.java]
Stack Trace from: fillTestCountMap in class: org.apache.maven.surefire.junitcore.JUnitCoreRunListener[on line number: 86 of file: JUnitCoreRunListener.java]
Stack Trace from: testRunStarted in class: org.apache.maven.surefire.junitcore.JUnitCoreRunListener[on line number: 65 of file: JUnitCoreRunListener.java]
Stack Trace from: notifyListener in class: org.junit.runner.notification.RunNotifier$1[on line number: 59 of file: RunNotifier.java]
Stack Trace from: run in class: org.junit.runner.notification.RunNotifier$SafeNotifier[on line number: 41 of file: RunNotifier.java]
Stack Trace from: fireTestRunStarted in class: org.junit.runner.notification.RunNotifier[on line number: 56 of file: RunNotifier.java]
Stack Trace from: run in class: org.junit.runner.JUnitCore[on line number: 156 of file: JUnitCore.java]
Stack Trace from: run in class: org.junit.runner.JUnitCore[on line number: 136 of file: JUnitCore.java]
Stack Trace from: createRequestAndRun in class: org.apache.maven.surefire.junitcore.JUnitCoreWrapper[on line number: 107 of file: JUnitCoreWrapper.java]
Stack Trace from: executeEager in class: org.apache.maven.surefire.junitcore.JUnitCoreWrapper[on line number: 77 of file: JUnitCoreWrapper.java]
Stack Trace from: execute in class: org.apache.maven.surefire.junitcore.JUnitCoreWrapper[on line number: 53 of file: JUnitCoreWrapper.java]
Stack Trace from: invoke in class: org.apache.maven.surefire.junitcore.JUnitCoreProvider[on line number: 144 of file: JUnitCoreProvider.java]
Stack Trace from: invokeProviderInSameClassLoader in class: org.apache.maven.surefire.booter.ForkedBooter[on line number: 203 of file: ForkedBooter.java]
Stack Trace from: runSuitesInProcess in class: org.apache.maven.surefire.booter.ForkedBooter[on line number: 155 of file: ForkedBooter.java]
Stack Trace from: main in class: org.apache.maven.surefire.booter.ForkedBooter[on line number: 103 of file: ForkedBooter.java]
Matcher matches()---regex: (.*)\((.*)\)---input: yksiSummaOikein(ohtu.laskin.LaskinTest)---#
Stack Trace from: getStackTrace in class: java.lang.Thread[on line number: 1589 of file: Thread.java]
Stack Trace from: matches in class: java.util.regex.Matcher[on line number: 559 of file: Matcher.java]
Stack Trace from: getClassName in class: org.junit.runner.Description[on line number: 219 of file: Description.java]
Stack Trace from: fillTestCountMap in class: org.apache.maven.surefire.junitcore.JUnitCoreRunListener[on line number: 95 of file: JUnitCoreRunListener.java]
Stack Trace from: fillTestCountMap in class: org.apache.maven.surefire.junitcore.JUnitCoreRunListener[on line number: 86 of file: JUnitCoreRunListener.java]
Stack Trace from: fillTestCountMap in class: org.apache.maven.surefire.junitcore.JUnitCoreRunListener[on line number: 86 of file: JUnitCoreRunListener.java]
Stack Trace from: testRunStarted in class: org.apache.maven.surefire.junitcore.JUnitCoreRunListener[on line number: 65 of file: JUnitCoreRunListener.java]
Stack Trace from: notifyListener in class: org.junit.runner.notification.RunNotifier$1[on line number: 59 of file: RunNotifier.java]
Stack Trace from: run in class: org.junit.runner.notification.RunNotifier$SafeNotifier[on line number: 41 of file: RunNotifier.java]
Stack Trace from: fireTestRunStarted in class: org.junit.runner.notification.RunNotifier[on line number: 56 of file: RunNotifier.java]
Stack Trace from: run in class: org.junit.runner.JUnitCore[on line number: 156 of file: JUnitCore.java]
Stack Trace from: run in class: org.junit.runner.JUnitCore[on line number: 136 of file: JUnitCore.java]
Stack Trace from: createRequestAndRun in class: org.apache.maven.surefire.junitcore.JUnitCoreWrapper[on line number: 107 of file: JUnitCoreWrapper.java]
Stack Trace from: executeEager in class: org.apache.maven.surefire.junitcore.JUnitCoreWrapper[on line number: 77 of file: JUnitCoreWrapper.java]
Stack Trace from: execute in class: org.apache.maven.surefire.junitcore.JUnitCoreWrapper[on line number: 53 of file: JUnitCoreWrapper.java]
Stack Trace from: invoke in class: org.apache.maven.surefire.junitcore.JUnitCoreProvider[on line number: 144 of file: JUnitCoreProvider.java]
Stack Trace from: invokeProviderInSameClassLoader in class: org.apache.maven.surefire.booter.ForkedBooter[on line number: 203 of file: ForkedBooter.java]
Stack Trace from: runSuitesInProcess in class: org.apache.maven.surefire.booter.ForkedBooter[on line number: 155 of file: ForkedBooter.java]
Stack Trace from: main in class: org.apache.maven.surefire.booter.ForkedBooter[on line number: 103 of file: ForkedBooter.java]
Matcher matches()---regex: (.*)\((.*)\)---input: yksiSummaOikein(ohtu.laskin.LaskinTest)---#
Stack Trace from: getStackTrace in class: java.lang.Thread[on line number: 1589 of file: Thread.java]
Stack Trace from: matches in class: java.util.regex.Matcher[on line number: 559 of file: Matcher.java]
Stack Trace from: getClassName in class: org.junit.runner.Description[on line number: 219 of file: Description.java]
Stack Trace from: getTestClass in class: org.junit.runner.Description[on line number: 203 of file: Description.java]
Stack Trace from: createReportEntry in class: org.apache.maven.surefire.junitcore.TestSet[on line number: 114 of file: TestSet.java]
Stack Trace from: replay in class: org.apache.maven.surefire.junitcore.TestSet[on line number: 74 of file: TestSet.java]
Stack Trace from: testSetCompleted in class: org.apache.maven.surefire.junitcore.ConcurrentRunListener[on line number: 82 of file: ConcurrentRunListener.java]
Stack Trace from: testRunFinished in class: org.apache.maven.surefire.junitcore.JUnitCoreRunListener[on line number: 73 of file: JUnitCoreRunListener.java]
Stack Trace from: notifyListener in class: org.junit.runner.notification.RunNotifier$2[on line number: 71 of file: RunNotifier.java]
Stack Trace from: run in class: org.junit.runner.notification.RunNotifier$SafeNotifier[on line number: 41 of file: RunNotifier.java]
Stack Trace from: fireTestRunFinished in class: org.junit.runner.notification.RunNotifier[on line number: 68 of file: RunNotifier.java]
Stack Trace from: run in class: org.junit.runner.JUnitCore[on line number: 158 of file: JUnitCore.java]
Stack Trace from: run in class: org.junit.runner.JUnitCore[on line number: 136 of file: JUnitCore.java]
Stack Trace from: createRequestAndRun in class: org.apache.maven.surefire.junitcore.JUnitCoreWrapper[on line number: 107 of file: JUnitCoreWrapper.java]
Stack Trace from: executeEager in class: org.apache.maven.surefire.junitcore.JUnitCoreWrapper[on line number: 77 of file: JUnitCoreWrapper.java]
Stack Trace from: execute in class: org.apache.maven.surefire.junitcore.JUnitCoreWrapper[on line number: 53 of file: JUnitCoreWrapper.java]
Stack Trace from: invoke in class: org.apache.maven.surefire.junitcore.JUnitCoreProvider[on line number: 144 of file: JUnitCoreProvider.java]
Stack Trace from: invokeProviderInSameClassLoader in class: org.apache.maven.surefire.booter.ForkedBooter[on line number: 203 of file: ForkedBooter.java]
Stack Trace from: runSuitesInProcess in class: org.apache.maven.surefire.booter.ForkedBooter[on line number: 155 of file: ForkedBooter.java]
Stack Trace from: main in class: org.apache.maven.surefire.booter.ForkedBooter[on line number: 103 of file: ForkedBooter.java]
Matcher matches()---regex: (.*)\((.*)\)---input: ohtu.laskin.LaskinTest---#
Stack Trace from: getStackTrace in class: java.lang.Thread[on line number: 1589 of file: Thread.java]
Stack Trace from: matches in class: java.util.regex.Matcher[on line number: 559 of file: Matcher.java]
Stack Trace from: getClassName in class: org.junit.runner.Description[on line number: 219 of file: Description.java]
Stack Trace from: createReportEntry in class: org.apache.maven.surefire.junitcore.TestSet[on line number: 115 of file: TestSet.java]
Stack Trace from: replay in class: org.apache.maven.surefire.junitcore.TestSet[on line number: 74 of file: TestSet.java]
Stack Trace from: testSetCompleted in class: org.apache.maven.surefire.junitcore.ConcurrentRunListener[on line number: 82 of file: ConcurrentRunListener.java]
Stack Trace from: testRunFinished in class: org.apache.maven.surefire.junitcore.JUnitCoreRunListener[on line number: 73 of file: JUnitCoreRunListener.java]
Stack Trace from: notifyListener in class: org.junit.runner.notification.RunNotifier$2[on line number: 71 of file: RunNotifier.java]
Stack Trace from: run in class: org.junit.runner.notification.RunNotifier$SafeNotifier[on line number: 41 of file: RunNotifier.java]
Stack Trace from: fireTestRunFinished in class: org.junit.runner.notification.RunNotifier[on line number: 68 of file: RunNotifier.java]
Stack Trace from: run in class: org.junit.runner.JUnitCore[on line number: 158 of file: JUnitCore.java]
Stack Trace from: run in class: org.junit.runner.JUnitCore[on line number: 136 of file: JUnitCore.java]
Stack Trace from: createRequestAndRun in class: org.apache.maven.surefire.junitcore.JUnitCoreWrapper[on line number: 107 of file: JUnitCoreWrapper.java]
Stack Trace from: executeEager in class: org.apache.maven.surefire.junitcore.JUnitCoreWrapper[on line number: 77 of file: JUnitCoreWrapper.java]
Stack Trace from: execute in class: org.apache.maven.surefire.junitcore.JUnitCoreWrapper[on line number: 53 of file: JUnitCoreWrapper.java]
Stack Trace from: invoke in class: org.apache.maven.surefire.junitcore.JUnitCoreProvider[on line number: 144 of file: JUnitCoreProvider.java]
Stack Trace from: invokeProviderInSameClassLoader in class: org.apache.maven.surefire.booter.ForkedBooter[on line number: 203 of file: ForkedBooter.java]
Stack Trace from: runSuitesInProcess in class: org.apache.maven.surefire.booter.ForkedBooter[on line number: 155 of file: ForkedBooter.java]
Stack Trace from: main in class: org.apache.maven.surefire.booter.ForkedBooter[on line number: 103 of file: ForkedBooter.java]
Matcher matches()---regex: (.*)\((.*)\)---input: ohtu.laskin.LaskinTest---#
Stack Trace from: getStackTrace in class: java.lang.Thread[on line number: 1589 of file: Thread.java]
Stack Trace from: matches in class: java.util.regex.Matcher[on line number: 559 of file: Matcher.java]
Stack Trace from: getClassName in class: org.junit.runner.Description[on line number: 219 of file: Description.java]
Stack Trace from: getTestClass in class: org.junit.runner.Description[on line number: 203 of file: Description.java]
Stack Trace from: createReportEntry in class: org.apache.maven.surefire.junitcore.TestSet[on line number: 114 of file: TestSet.java]
Stack Trace from: replay in class: org.apache.maven.surefire.junitcore.TestSet[on line number: 90 of file: TestSet.java]
Stack Trace from: testSetCompleted in class: org.apache.maven.surefire.junitcore.ConcurrentRunListener[on line number: 82 of file: ConcurrentRunListener.java]
Stack Trace from: testRunFinished in class: org.apache.maven.surefire.junitcore.JUnitCoreRunListener[on line number: 73 of file: JUnitCoreRunListener.java]
Stack Trace from: notifyListener in class: org.junit.runner.notification.RunNotifier$2[on line number: 71 of file: RunNotifier.java]
Stack Trace from: run in class: org.junit.runner.notification.RunNotifier$SafeNotifier[on line number: 41 of file: RunNotifier.java]
Stack Trace from: fireTestRunFinished in class: org.junit.runner.notification.RunNotifier[on line number: 68 of file: RunNotifier.java]
Stack Trace from: run in class: org.junit.runner.JUnitCore[on line number: 158 of file: JUnitCore.java]
Stack Trace from: run in class: org.junit.runner.JUnitCore[on line number: 136 of file: JUnitCore.java]
Stack Trace from: createRequestAndRun in class: org.apache.maven.surefire.junitcore.JUnitCoreWrapper[on line number: 107 of file: JUnitCoreWrapper.java]
Stack Trace from: executeEager in class: org.apache.maven.surefire.junitcore.JUnitCoreWrapper[on line number: 77 of file: JUnitCoreWrapper.java]
Stack Trace from: execute in class: org.apache.maven.surefire.junitcore.JUnitCoreWrapper[on line number: 53 of file: JUnitCoreWrapper.java]
Stack Trace from: invoke in class: org.apache.maven.surefire.junitcore.JUnitCoreProvider[on line number: 144 of file: JUnitCoreProvider.java]
Stack Trace from: invokeProviderInSameClassLoader in class: org.apache.maven.surefire.booter.ForkedBooter[on line number: 203 of file: ForkedBooter.java]
Stack Trace from: runSuitesInProcess in class: org.apache.maven.surefire.booter.ForkedBooter[on line number: 155 of file: ForkedBooter.java]
Stack Trace from: main in class: org.apache.maven.surefire.booter.ForkedBooter[on line number: 103 of file: ForkedBooter.java]
Matcher matches()---regex: (.*)\((.*)\)---input: ohtu.laskin.LaskinTest---#
Stack Trace from: getStackTrace in class: java.lang.Thread[on line number: 1589 of file: Thread.java]
Stack Trace from: matches in class: java.util.regex.Matcher[on line number: 559 of file: Matcher.java]
Stack Trace from: getClassName in class: org.junit.runner.Description[on line number: 219 of file: Description.java]
Stack Trace from: createReportEntry in class: org.apache.maven.surefire.junitcore.TestSet[on line number: 115 of file: TestSet.java]
Stack Trace from: replay in class: org.apache.maven.surefire.junitcore.TestSet[on line number: 90 of file: TestSet.java]
Stack Trace from: testSetCompleted in class: org.apache.maven.surefire.junitcore.ConcurrentRunListener[on line number: 82 of file: ConcurrentRunListener.java]
Stack Trace from: testRunFinished in class: org.apache.maven.surefire.junitcore.JUnitCoreRunListener[on line number: 73 of file: JUnitCoreRunListener.java]
Stack Trace from: notifyListener in class: org.junit.runner.notification.RunNotifier$2[on line number: 71 of file: RunNotifier.java]
Stack Trace from: run in class: org.junit.runner.notification.RunNotifier$SafeNotifier[on line number: 41 of file: RunNotifier.java]
Stack Trace from: fireTestRunFinished in class: org.junit.runner.notification.RunNotifier[on line number: 68 of file: RunNotifier.java]
Stack Trace from: run in class: org.junit.runner.JUnitCore[on line number: 158 of file: JUnitCore.java]
Stack Trace from: run in class: org.junit.runner.JUnitCore[on line number: 136 of file: JUnitCore.java]
Stack Trace from: createRequestAndRun in class: org.apache.maven.surefire.junitcore.JUnitCoreWrapper[on line number: 107 of file: JUnitCoreWrapper.java]
Stack Trace from: executeEager in class: org.apache.maven.surefire.junitcore.JUnitCoreWrapper[on line number: 77 of file: JUnitCoreWrapper.java]
Stack Trace from: execute in class: org.apache.maven.surefire.junitcore.JUnitCoreWrapper[on line number: 53 of file: JUnitCoreWrapper.java]
Stack Trace from: invoke in class: org.apache.maven.surefire.junitcore.JUnitCoreProvider[on line number: 144 of file: JUnitCoreProvider.java]
Stack Trace from: invokeProviderInSameClassLoader in class: org.apache.maven.surefire.booter.ForkedBooter[on line number: 203 of file: ForkedBooter.java]
Stack Trace from: runSuitesInProcess in class: org.apache.maven.surefire.booter.ForkedBooter[on line number: 155 of file: ForkedBooter.java]
Stack Trace from: main in class: org.apache.maven.surefire.booter.ForkedBooter[on line number: 103 of file: ForkedBooter.java]
Matcher matches()---regex: (.*)\((.*)\)---input: ohtu.laskin.LaskinTest---#
